This file contains any messages produced by compilers while
running configure, to aid debugging if configure makes a mistake.

It was created by maloc configure 1.0, which was
generated by GNU Autoconf 2.68.  Invocation command line was

  $ ../configure --prefix=/home/vicenteramm/Software/fetk/build/x86_64-unknown-linux-gnu --disable-triplet

## --------- ##
## Platform. ##
## --------- ##

hostname = tulio
uname -m = x86_64
uname -r = 4.15.0-54-generic
uname -s = Linux
uname -v = #58-Ubuntu SMP Mon Jun 24 10:55:24 UTC 2019

/usr/bin/uname -p = unknown
/bin/uname -X     = unknown

/bin/arch              = unknown
/usr/bin/arch -k       = unknown
/usr/convex/getsysinfo = unknown
/usr/bin/hostinfo      = unknown
/bin/machine           = unknown
/usr/bin/oslevel       = unknown
/bin/universe          = unknown

PATH: /usr/local/sbin
PATH: /usr/local/bin
PATH: /usr/sbin
PATH: /usr/bin
PATH: /sbin
PATH: /bin
PATH: /usr/games
PATH: /usr/local/games
PATH: /snap/bin
PATH: /usr/lib/jvm/java-8-oracle/bin
PATH: /usr/lib/jvm/java-8-oracle/db/bin
PATH: /usr/lib/jvm/java-8-oracle/jre/bin


## ----------- ##
## Core tests. ##
## ----------- ##

configure:2323: checking build system type
configure:2337: result: x86_64-unknown-linux-gnu
configure:2357: checking host system type
configure:2370: result: x86_64-unknown-linux-gnu
configure:2390: checking target system type
configure:2403: result: x86_64-unknown-linux-gnu
configure:2447: checking for a BSD-compatible install
configure:2515: result: /usr/bin/install -c
configure:2526: checking whether build environment is sane
configure:2576: result: yes
configure:2717: checking for a thread-safe mkdir -p
configure:2756: result: /bin/mkdir -p
configure:2769: checking for gawk
configure:2799: result: no
configure:2769: checking for mawk
configure:2785: found /usr/bin/mawk
configure:2796: result: mawk
configure:2807: checking whether make sets $(MAKE)
configure:2829: result: yes
configure:2853: error: source directory already configured; run "make distclean" there first

## ---------------- ##
## Cache variables. ##
## ---------------- ##

ac_cv_build=x86_64-unknown-linux-gnu
ac_cv_env_CC_set=
ac_cv_env_CC_value=
ac_cv_env_CFLAGS_set=
ac_cv_env_CFLAGS_value=
ac_cv_env_CPPFLAGS_set=
ac_cv_env_CPPFLAGS_value=
ac_cv_env_CPP_set=
ac_cv_env_CPP_value=
ac_cv_env_LDFLAGS_set=
ac_cv_env_LDFLAGS_value=
ac_cv_env_LIBS_set=
ac_cv_env_LIBS_value=
ac_cv_env_build_alias_set=
ac_cv_env_build_alias_value=
ac_cv_env_host_alias_set=
ac_cv_env_host_alias_value=
ac_cv_env_target_alias_set=
ac_cv_env_target_alias_value=
ac_cv_host=x86_64-unknown-linux-gnu
ac_cv_path_install='/usr/bin/install -c'
ac_cv_path_mkdir=/bin/mkdir
ac_cv_prog_AWK=mawk
ac_cv_prog_make_make_set=yes
ac_cv_target=x86_64-unknown-linux-gnu

## ----------------- ##
## Output variables. ##
## ----------------- ##

ACLOCAL=''
AMDEPBACKSLASH=''
AMDEP_FALSE=''
AMDEP_TRUE=''
AMTAR=''
AR=''
AUTOCONF=''
AUTOHEADER=''
AUTOMAKE=''
AWK='mawk'
BUILD_EFENCE_FALSE=''
BUILD_EFENCE_TRUE=''
CC=''
CCDEPMODE=''
CFLAGS=''
CPP=''
CPPFLAGS=''
CYGPATH_W=''
DEFS=''
DEPDIR=''
DLLTOOL=''
DSYMUTIL=''
DUMPBIN=''
ECHO_C=''
ECHO_N='-n'
ECHO_T=''
EGREP=''
EXEEXT=''
FETK_VERSION=''
FGREP=''
GREP=''
INSTALL_DATA='${INSTALL} -m 644'
INSTALL_PROGRAM='${INSTALL}'
INSTALL_SCRIPT='${INSTALL}'
INSTALL_STRIP_PROGRAM='$(install_sh) -c -s'
LD=''
LDFLAGS=''
LIBOBJS=''
LIBS=''
LIBTOOL=''
LIPO=''
LN_S=''
LTLIBOBJS=''
MAINT=''
MAINTAINER_MODE_FALSE=''
MAINTAINER_MODE_TRUE=''
MAKEINFO=''
MAKE_DOC=''
MAKE_DOC_FALSE=''
MAKE_DOC_TRUE=''
MANIFEST_TOOL=''
MKDIR_P='/bin/mkdir -p'
NM=''
NMEDIT=''
OBJDUMP=''
OBJEXT=''
OTOOL64=''
OTOOL=''
PACKAGE=''
PACKAGE_BUGREPORT='mholst@math.ucsd.edu'
PACKAGE_NAME='maloc'
PACKAGE_STRING='maloc 1.0'
PACKAGE_TARNAME='maloc'
PACKAGE_URL=''
PACKAGE_VERSION='1.0'
PATH_SEPARATOR=':'
RANLIB=''
SED=''
SET_MAKE=''
SHELL='/bin/bash'
STRIP=''
VERSION=''
ac_ct_AR=''
ac_ct_CC=''
ac_ct_DUMPBIN=''
am__EXEEXT_FALSE=''
am__EXEEXT_TRUE=''
am__fastdepCC_FALSE=''
am__fastdepCC_TRUE=''
am__include=''
am__isrc=' -I$(srcdir)'
am__leading_dot='.'
am__quote=''
am__tar=''
am__untar=''
bindir='${exec_prefix}/bin'
build='x86_64-unknown-linux-gnu'
build_alias=''
build_cpu='x86_64'
build_os='linux-gnu'
build_vendor='unknown'
datadir='${datarootdir}'
datarootdir='${prefix}/share'
docdir='${datarootdir}/doc/${PACKAGE_TARNAME}'
dot_path=''
doxygen_path=''
dvidir='${docdir}'
efence=''
exec_prefix='NONE'
fetk_cpu_vendor_os=''
host='x86_64-unknown-linux-gnu'
host_alias=''
host_cpu='x86_64'
host_os='linux-gnu'
host_vendor='unknown'
htmldir='${docdir}'
includedir='${prefix}/include'
infodir='${datarootdir}/info'
install_sh='${SHELL} /home/vicenteramm/Software/fetk/maloc/config/install-sh'
libdir='${exec_prefix}/lib'
liberty_lib=''
libexecdir='${exec_prefix}/libexec'
localedir='${datarootdir}/locale'
localstatedir='${prefix}/var'
mandir='${datarootdir}/man'
math_lib=''
mkdir_p='/bin/mkdir -p'
mpi_inc=''
mpi_lib=''
nsl_lib=''
oldincludedir='/usr/include'
pdfdir='${docdir}'
pedantic_ansi=''
prefix='/home/vicenteramm/Software/fetk/build/x86_64-unknown-linux-gnu'
profile=''
profile_lib=''
program_transform_name='s,x,x,'
psdir='${docdir}'
rl_inc=''
rl_lib=''
sbindir='${exec_prefix}/sbin'
sharedstatedir='${prefix}/com'
socket_lib=''
sysconfdir='${prefix}/etc'
target='x86_64-unknown-linux-gnu'
target_alias=''
target_cpu='x86_64'
target_os='linux-gnu'
target_vendor='unknown'
thread_lib=''
wall=''
wall_pedantic=''
wall_pedantic_ansi=''

## ----------- ##
## confdefs.h. ##
## ----------- ##

/* confdefs.h */
#define PACKAGE_NAME "maloc"
#define PACKAGE_TARNAME "maloc"
#define PACKAGE_VERSION "1.0"
#define PACKAGE_STRING "maloc 1.0"
#define PACKAGE_BUGREPORT "mholst@math.ucsd.edu"
#define PACKAGE_URL ""

configure: exit 1
