This file contains any messages produced by compilers while
running configure, to aid debugging if configure makes a mistake.

It was created by gamer configure 1.0, which was
generated by GNU Autoconf 2.68.  Invocation command line was

  $ ../configure --prefix=/home/vicenteramm/Software/fetk/build/x86_64-unknown-linux-gnu --disable-triplet FETK_LIBRARY=/home/vicenteramm/Software/fetk/build/x86_64-unknown-linux-gnu/lib FETK_INCLUDE=/home/vicenteramm/Software/fetk/build/x86_64-unknown-linux-gnu/include

## --------- ##
## Platform. ##
## --------- ##

hostname = tulio
uname -m = x86_64
uname -r = 4.15.0-54-generic
uname -s = Linux
uname -v = #58-Ubuntu SMP Mon Jun 24 10:55:24 UTC 2019

/usr/bin/uname -p = unknown
/bin/uname -X     = unknown

/bin/arch              = unknown
/usr/bin/arch -k       = unknown
/usr/convex/getsysinfo = unknown
/usr/bin/hostinfo      = unknown
/bin/machine           = unknown
/usr/bin/oslevel       = unknown
/bin/universe          = unknown

PATH: /usr/local/sbin
PATH: /usr/local/bin
PATH: /usr/sbin
PATH: /usr/bin
PATH: /sbin
PATH: /bin
PATH: /usr/games
PATH: /usr/local/games
PATH: /snap/bin
PATH: /usr/lib/jvm/java-8-oracle/bin
PATH: /usr/lib/jvm/java-8-oracle/db/bin
PATH: /usr/lib/jvm/java-8-oracle/jre/bin


## ----------- ##
## Core tests. ##
## ----------- ##

configure:2517: checking build system type
configure:2531: result: x86_64-unknown-linux-gnu
configure:2551: checking host system type
configure:2564: result: x86_64-unknown-linux-gnu
configure:2584: checking target system type
configure:2597: result: x86_64-unknown-linux-gnu
configure:2640: checking for a BSD-compatible install
configure:2708: result: /usr/bin/install -c
configure:2719: checking whether build environment is sane
configure:2769: result: yes
configure:2910: checking for a thread-safe mkdir -p
configure:2949: result: /bin/mkdir -p
configure:2962: checking for gawk
configure:2992: result: no
configure:2962: checking for mawk
configure:2978: found /usr/bin/mawk
configure:2989: result: mawk
configure:3000: checking whether make sets $(MAKE)
configure:3022: result: yes
configure:3105: checking whether to enable maintainer-specific portions of Makefiles
configure:3114: result: no
configure:3182: checking for gcc
configure:3198: found /usr/bin/gcc
configure:3209: result: gcc
configure:3438: checking for C compiler version
configure:3447: gcc --version >&5
gcc (Ubuntu 7.4.0-1ubuntu1~18.04.1) 7.4.0
Copyright (C) 2017 Free Software Foundation, Inc.
This is free software; see the source for copying conditions.  There is NO
warranty; not even for MERCHANTABILITY or FITNESS FOR A PARTICULAR PURPOSE.

configure:3458: $? = 0
configure:3447: gcc -v >&5
Using built-in specs.
COLLECT_GCC=gcc
COLLECT_LTO_WRAPPER=/usr/lib/gcc/x86_64-linux-gnu/7/lto-wrapper
OFFLOAD_TARGET_NAMES=nvptx-none
OFFLOAD_TARGET_DEFAULT=1
Target: x86_64-linux-gnu
Configured with: ../src/configure -v --with-pkgversion='Ubuntu 7.4.0-1ubuntu1~18.04.1' --with-bugurl=file:///usr/share/doc/gcc-7/README.Bugs --enable-languages=c,ada,c++,go,brig,d,fortran,objc,obj-c++ --prefix=/usr --with-gcc-major-version-only --program-suffix=-7 --program-prefix=x86_64-linux-gnu- --enable-shared --enable-linker-build-id --libexecdir=/usr/lib --without-included-gettext --enable-threads=posix --libdir=/usr/lib --enable-nls --with-sysroot=/ --enable-clocale=gnu --enable-libstdcxx-debug --enable-libstdcxx-time=yes --with-default-libstdcxx-abi=new --enable-gnu-unique-object --disable-vtable-verify --enable-libmpx --enable-plugin --enable-default-pie --with-system-zlib --with-target-system-zlib --enable-objc-gc=auto --enable-multiarch --disable-werror --with-arch-32=i686 --with-abi=m64 --with-multilib-list=m32,m64,mx32 --enable-multilib --with-tune=generic --enable-offload-targets=nvptx-none --without-cuda-driver --enable-checking=release --build=x86_64-linux-gnu --host=x86_64-linux-gnu --target=x86_64-linux-gnu
Thread model: posix
gcc version 7.4.0 (Ubuntu 7.4.0-1ubuntu1~18.04.1) 
configure:3458: $? = 0
configure:3447: gcc -V >&5
gcc: error: unrecognized command line option '-V'
gcc: fatal error: no input files
compilation terminated.
configure:3458: $? = 1
configure:3447: gcc -qversion >&5
gcc: error: unrecognized command line option '-qversion'; did you mean '--version'?
gcc: fatal error: no input files
compilation terminated.
configure:3458: $? = 1
configure:3478: checking whether the C compiler works
configure:3500: gcc    conftest.c  >&5
configure:3504: $? = 0
configure:3552: result: yes
configure:3555: checking for C compiler default output file name
configure:3557: result: a.out
configure:3563: checking for suffix of executables
configure:3570: gcc -o conftest    conftest.c  >&5
configure:3574: $? = 0
configure:3596: result: 
configure:3618: checking whether we are cross compiling
configure:3626: gcc -o conftest    conftest.c  >&5
configure:3630: $? = 0
configure:3637: ./conftest
configure:3641: $? = 0
configure:3656: result: no
configure:3661: checking for suffix of object files
configure:3683: gcc -c   conftest.c >&5
configure:3687: $? = 0
configure:3708: result: o
configure:3712: checking whether we are using the GNU C compiler
configure:3731: gcc -c   conftest.c >&5
configure:3731: $? = 0
configure:3740: result: yes
configure:3749: checking whether gcc accepts -g
configure:3769: gcc -c -g  conftest.c >&5
configure:3769: $? = 0
configure:3810: result: yes
configure:3827: checking for gcc option to accept ISO C89
configure:3891: gcc  -c -g -O2  conftest.c >&5
configure:3891: $? = 0
configure:3904: result: none needed
configure:3935: checking for style of include used by make
configure:3963: result: GNU
configure:3988: checking dependency style of gcc
configure:4098: result: none
configure:4118: checking how to run the C preprocessor
configure:4149: gcc -E  conftest.c
configure:4149: $? = 0
configure:4163: gcc -E  conftest.c
conftest.c:11:10: fatal error: ac_nonexistent.h: No such file or directory
 #include <ac_nonexistent.h>
          ^~~~~~~~~~~~~~~~~~
compilation terminated.
configure:4163: $? = 1
configure: failed program was:
| /* confdefs.h */
| #define PACKAGE_NAME "gamer"
| #define PACKAGE_TARNAME "gamer"
| #define PACKAGE_VERSION "1.0"
| #define PACKAGE_STRING "gamer 1.0"
| #define PACKAGE_BUGREPORT "hake.dev@gmail.com"
| #define PACKAGE_URL ""
| #define PACKAGE "gamer"
| #define VERSION "1.0"
| /* end confdefs.h.  */
| #include <ac_nonexistent.h>
configure:4188: result: gcc -E
configure:4208: gcc -E  conftest.c
configure:4208: $? = 0
configure:4222: gcc -E  conftest.c
conftest.c:11:10: fatal error: ac_nonexistent.h: No such file or directory
 #include <ac_nonexistent.h>
          ^~~~~~~~~~~~~~~~~~
compilation terminated.
configure:4222: $? = 1
configure: failed program was:
| /* confdefs.h */
| #define PACKAGE_NAME "gamer"
| #define PACKAGE_TARNAME "gamer"
| #define PACKAGE_VERSION "1.0"
| #define PACKAGE_STRING "gamer 1.0"
| #define PACKAGE_BUGREPORT "hake.dev@gmail.com"
| #define PACKAGE_URL ""
| #define PACKAGE "gamer"
| #define VERSION "1.0"
| /* end confdefs.h.  */
| #include <ac_nonexistent.h>
configure:4308: checking for g++
configure:4324: found /usr/bin/g++
configure:4335: result: g++
configure:4362: checking for C++ compiler version
configure:4371: g++ --version >&5
g++ (Ubuntu 7.4.0-1ubuntu1~18.04.1) 7.4.0
Copyright (C) 2017 Free Software Foundation, Inc.
This is free software; see the source for copying conditions.  There is NO
warranty; not even for MERCHANTABILITY or FITNESS FOR A PARTICULAR PURPOSE.

configure:4382: $? = 0
configure:4371: g++ -v >&5
Using built-in specs.
COLLECT_GCC=g++
COLLECT_LTO_WRAPPER=/usr/lib/gcc/x86_64-linux-gnu/7/lto-wrapper
OFFLOAD_TARGET_NAMES=nvptx-none
OFFLOAD_TARGET_DEFAULT=1
Target: x86_64-linux-gnu
Configured with: ../src/configure -v --with-pkgversion='Ubuntu 7.4.0-1ubuntu1~18.04.1' --with-bugurl=file:///usr/share/doc/gcc-7/README.Bugs --enable-languages=c,ada,c++,go,brig,d,fortran,objc,obj-c++ --prefix=/usr --with-gcc-major-version-only --program-suffix=-7 --program-prefix=x86_64-linux-gnu- --enable-shared --enable-linker-build-id --libexecdir=/usr/lib --without-included-gettext --enable-threads=posix --libdir=/usr/lib --enable-nls --with-sysroot=/ --enable-clocale=gnu --enable-libstdcxx-debug --enable-libstdcxx-time=yes --with-default-libstdcxx-abi=new --enable-gnu-unique-object --disable-vtable-verify --enable-libmpx --enable-plugin --enable-default-pie --with-system-zlib --with-target-system-zlib --enable-objc-gc=auto --enable-multiarch --disable-werror --with-arch-32=i686 --with-abi=m64 --with-multilib-list=m32,m64,mx32 --enable-multilib --with-tune=generic --enable-offload-targets=nvptx-none --without-cuda-driver --enable-checking=release --build=x86_64-linux-gnu --host=x86_64-linux-gnu --target=x86_64-linux-gnu
Thread model: posix
gcc version 7.4.0 (Ubuntu 7.4.0-1ubuntu1~18.04.1) 
configure:4382: $? = 0
configure:4371: g++ -V >&5
g++: error: unrecognized command line option '-V'
g++: fatal error: no input files
compilation terminated.
configure:4382: $? = 1
configure:4371: g++ -qversion >&5
g++: error: unrecognized command line option '-qversion'; did you mean '--version'?
g++: fatal error: no input files
compilation terminated.
configure:4382: $? = 1
configure:4386: checking whether we are using the GNU C++ compiler
configure:4405: g++ -c   conftest.cpp >&5
configure:4405: $? = 0
configure:4414: result: yes
configure:4423: checking whether g++ accepts -g
configure:4443: g++ -c -g  conftest.cpp >&5
configure:4443: $? = 0
configure:4484: result: yes
configure:4509: checking dependency style of g++
configure:4619: result: none
configure:4711: checking how to print strings
configure:4738: result: printf
configure:4759: checking for a sed that does not truncate output
configure:4823: result: /bin/sed
configure:4841: checking for grep that handles long lines and -e
configure:4899: result: /bin/grep
configure:4904: checking for egrep
configure:4966: result: /bin/grep -E
configure:4971: checking for fgrep
configure:5033: result: /bin/grep -F
configure:5068: checking for ld used by gcc
configure:5135: result: /usr/bin/ld
configure:5142: checking if the linker (/usr/bin/ld) is GNU ld
configure:5157: result: yes
configure:5169: checking for BSD- or MS-compatible name lister (nm)
configure:5218: result: /usr/bin/nm -B
configure:5348: checking the name lister (/usr/bin/nm -B) interface
configure:5355: gcc -c -g -O2  conftest.c >&5
configure:5358: /usr/bin/nm -B "conftest.o"
configure:5361: output
0000000000000000 B some_variable
configure:5368: result: BSD nm
configure:5371: checking whether ln -s works
configure:5375: result: yes
configure:5383: checking the maximum length of command line arguments
configure:5508: result: 1572864
configure:5525: checking whether the shell understands some XSI constructs
configure:5535: result: yes
configure:5539: checking whether the shell understands "+="
configure:5545: result: yes
configure:5580: checking how to convert x86_64-unknown-linux-gnu file names to x86_64-unknown-linux-gnu format
configure:5620: result: func_convert_file_noop
configure:5627: checking how to convert x86_64-unknown-linux-gnu file names to toolchain format
configure:5647: result: func_convert_file_noop
configure:5654: checking for /usr/bin/ld option to reload object files
configure:5661: result: -r
configure:5735: checking for objdump
configure:5751: found /usr/bin/objdump
configure:5762: result: objdump
configure:5794: checking how to recognize dependent libraries
configure:5996: result: pass_all
configure:6081: checking for dlltool
configure:6111: result: no
configure:6141: checking how to associate runtime and link libraries
configure:6168: result: printf %s\n
configure:6229: checking for ar
configure:6245: found /usr/bin/ar
configure:6256: result: ar
configure:6293: checking for archiver @FILE support
configure:6310: gcc -c -g -O2  conftest.c >&5
configure:6310: $? = 0
configure:6313: ar cru libconftest.a @conftest.lst >&5
ar: `u' modifier ignored since `D' is the default (see `U')
configure:6316: $? = 0
configure:6321: ar cru libconftest.a @conftest.lst >&5
ar: `u' modifier ignored since `D' is the default (see `U')
ar: conftest.o: No such file or directory
configure:6324: $? = 1
configure:6336: result: @
configure:6394: checking for strip
configure:6410: found /usr/bin/strip
configure:6421: result: strip
configure:6493: checking for ranlib
configure:6509: found /usr/bin/ranlib
configure:6520: result: ranlib
configure:6622: checking command to parse /usr/bin/nm -B output from gcc object
configure:6741: gcc -c -g -O2  conftest.c >&5
configure:6744: $? = 0
configure:6748: /usr/bin/nm -B conftest.o \| sed -n -e 's/^.*[ ]\([ABCDGIRSTW][ABCDGIRSTW]*\)[ ][ ]*\([_A-Za-z][_A-Za-z0-9]*\)$/\1 \2 \2/p' | sed '/ __gnu_lto/d' \> conftest.nm
configure:6751: $? = 0
configure:6817: gcc -o conftest -g -O2   conftest.c conftstm.o >&5
configure:6820: $? = 0
configure:6858: result: ok
configure:6895: checking for sysroot
configure:6925: result: no
configure:7002: gcc -c -g -O2  conftest.c >&5
configure:7005: $? = 0
configure:7168: checking for mt
configure:7184: found /bin/mt
configure:7195: result: mt
configure:7218: checking if mt is a manifest tool
configure:7224: mt '-?'
configure:7232: result: no
configure:7860: checking for ANSI C header files
configure:7880: gcc -c -g -O2  conftest.c >&5
configure:7880: $? = 0
configure:7953: gcc -o conftest -g -O2   conftest.c  >&5
configure:7953: $? = 0
configure:7953: ./conftest
configure:7953: $? = 0
configure:7964: result: yes
configure:7977: checking for sys/types.h
configure:7977: gcc -c -g -O2  conftest.c >&5
configure:7977: $? = 0
configure:7977: result: yes
configure:7977: checking for sys/stat.h
configure:7977: gcc -c -g -O2  conftest.c >&5
configure:7977: $? = 0
configure:7977: result: yes
configure:7977: checking for stdlib.h
configure:7977: gcc -c -g -O2  conftest.c >&5
configure:7977: $? = 0
configure:7977: result: yes
configure:7977: checking for string.h
configure:7977: gcc -c -g -O2  conftest.c >&5
configure:7977: $? = 0
configure:7977: result: yes
configure:7977: checking for memory.h
configure:7977: gcc -c -g -O2  conftest.c >&5
configure:7977: $? = 0
configure:7977: result: yes
configure:7977: checking for strings.h
configure:7977: gcc -c -g -O2  conftest.c >&5
configure:7977: $? = 0
configure:7977: result: yes
configure:7977: checking for inttypes.h
configure:7977: gcc -c -g -O2  conftest.c >&5
configure:7977: $? = 0
configure:7977: result: yes
configure:7977: checking for stdint.h
configure:7977: gcc -c -g -O2  conftest.c >&5
configure:7977: $? = 0
configure:7977: result: yes
configure:7977: checking for unistd.h
configure:7977: gcc -c -g -O2  conftest.c >&5
configure:7977: $? = 0
configure:7977: result: yes
configure:7991: checking for dlfcn.h
configure:7991: gcc -c -g -O2  conftest.c >&5
configure:7991: $? = 0
configure:7991: result: yes
configure:8159: checking for objdir
configure:8174: result: .libs
configure:8445: checking if gcc supports -fno-rtti -fno-exceptions
configure:8463: gcc -c -g -O2  -fno-rtti -fno-exceptions conftest.c >&5
cc1: warning: command line option '-fno-rtti' is valid for C++/ObjC++ but not for C
configure:8467: $? = 0
configure:8480: result: no
configure:8790: checking for gcc option to produce PIC
configure:8797: result: -fPIC -DPIC
configure:8805: checking if gcc PIC flag -fPIC -DPIC works
configure:8823: gcc -c -g -O2  -fPIC -DPIC -DPIC conftest.c >&5
configure:8827: $? = 0
configure:8840: result: yes
configure:8869: checking if gcc static flag -static works
configure:8897: result: yes
configure:8912: checking if gcc supports -c -o file.o
configure:8933: gcc -c -g -O2  -o out/conftest2.o conftest.c >&5
configure:8937: $? = 0
configure:8959: result: yes
configure:8967: checking if gcc supports -c -o file.o
configure:9014: result: yes
configure:9047: checking whether the gcc linker (/usr/bin/ld -m elf_x86_64) supports shared libraries
configure:10205: result: yes
configure:10242: checking whether -lc should be explicitly linked in
configure:10250: gcc -c -g -O2  conftest.c >&5
configure:10253: $? = 0
configure:10268: gcc -shared  -fPIC -DPIC conftest.o  -v -Wl,-soname -Wl,conftest -o conftest 2\>\&1 \| /bin/grep  -lc  \>/dev/null 2\>\&1
configure:10271: $? = 0
configure:10285: result: no
configure:10450: checking dynamic linker characteristics
configure:10964: gcc -o conftest -g -O2   -Wl,-rpath -Wl,/foo conftest.c  >&5
configure:10964: $? = 0
configure:11186: result: GNU/Linux ld.so
configure:11293: checking how to hardcode library paths into programs
configure:11318: result: immediate
configure:11858: checking whether stripping libraries is possible
configure:11863: result: yes
configure:11898: checking if libtool supports shared libraries
configure:11900: result: yes
configure:11903: checking whether to build shared libraries
configure:11924: result: yes
configure:11927: checking whether to build static libraries
configure:11931: result: no
configure:11954: checking how to run the C++ preprocessor
configure:11981: g++ -E  conftest.cpp
configure:11981: $? = 0
configure:11995: g++ -E  conftest.cpp
conftest.cpp:23:10: fatal error: ac_nonexistent.h: No such file or directory
 #include <ac_nonexistent.h>
          ^~~~~~~~~~~~~~~~~~
compilation terminated.
configure:11995: $? = 1
configure: failed program was:
| /* confdefs.h */
| #define PACKAGE_NAME "gamer"
| #define PACKAGE_TARNAME "gamer"
| #define PACKAGE_VERSION "1.0"
| #define PACKAGE_STRING "gamer 1.0"
| #define PACKAGE_BUGREPORT "hake.dev@gmail.com"
| #define PACKAGE_URL ""
| #define PACKAGE "gamer"
| #define VERSION "1.0"
| #define STDC_HEADERS 1
| #define HAVE_SYS_TYPES_H 1
| #define HAVE_SYS_STAT_H 1
| #define HAVE_STDLIB_H 1
| #define HAVE_STRING_H 1
| #define HAVE_MEMORY_H 1
| #define HAVE_STRINGS_H 1
| #define HAVE_INTTYPES_H 1
| #define HAVE_STDINT_H 1
| #define HAVE_UNISTD_H 1
| #define HAVE_DLFCN_H 1
| #define LT_OBJDIR ".libs/"
| /* end confdefs.h.  */
| #include <ac_nonexistent.h>
configure:12020: result: g++ -E
configure:12040: g++ -E  conftest.cpp
configure:12040: $? = 0
configure:12054: g++ -E  conftest.cpp
conftest.cpp:23:10: fatal error: ac_nonexistent.h: No such file or directory
 #include <ac_nonexistent.h>
          ^~~~~~~~~~~~~~~~~~
compilation terminated.
configure:12054: $? = 1
configure: failed program was:
| /* confdefs.h */
| #define PACKAGE_NAME "gamer"
| #define PACKAGE_TARNAME "gamer"
| #define PACKAGE_VERSION "1.0"
| #define PACKAGE_STRING "gamer 1.0"
| #define PACKAGE_BUGREPORT "hake.dev@gmail.com"
| #define PACKAGE_URL ""
| #define PACKAGE "gamer"
| #define VERSION "1.0"
| #define STDC_HEADERS 1
| #define HAVE_SYS_TYPES_H 1
| #define HAVE_SYS_STAT_H 1
| #define HAVE_STDLIB_H 1
| #define HAVE_STRING_H 1
| #define HAVE_MEMORY_H 1
| #define HAVE_STRINGS_H 1
| #define HAVE_INTTYPES_H 1
| #define HAVE_STDINT_H 1
| #define HAVE_UNISTD_H 1
| #define HAVE_DLFCN_H 1
| #define LT_OBJDIR ".libs/"
| /* end confdefs.h.  */
| #include <ac_nonexistent.h>
configure:12224: checking for ld used by g++
configure:12291: result: /usr/bin/ld -m elf_x86_64
configure:12298: checking if the linker (/usr/bin/ld -m elf_x86_64) is GNU ld
configure:12313: result: yes
configure:12368: checking whether the g++ linker (/usr/bin/ld -m elf_x86_64) supports shared libraries
configure:13372: result: yes
configure:13407: g++ -c -g -O2  conftest.cpp >&5
configure:13410: $? = 0
configure:13930: checking for g++ option to produce PIC
configure:13937: result: -fPIC -DPIC
configure:13945: checking if g++ PIC flag -fPIC -DPIC works
configure:13963: g++ -c -g -O2  -fPIC -DPIC -DPIC conftest.cpp >&5
configure:13967: $? = 0
configure:13980: result: yes
configure:14003: checking if g++ static flag -static works
configure:14031: result: yes
configure:14043: checking if g++ supports -c -o file.o
configure:14064: g++ -c -g -O2  -o out/conftest2.o conftest.cpp >&5
configure:14068: $? = 0
configure:14090: result: yes
configure:14095: checking if g++ supports -c -o file.o
configure:14142: result: yes
configure:14172: checking whether the g++ linker (/usr/bin/ld -m elf_x86_64) supports shared libraries
configure:14206: result: yes
configure:14349: checking dynamic linker characteristics
configure:15019: result: GNU/Linux ld.so
configure:15072: checking how to hardcode library paths into programs
configure:15097: result: immediate
configure:15187: checking for a Python interpreter with version >= 2.6
configure:15204: python -c import sys # split strings by '.' and convert to numeric. Append some zeros # because we need at least 4 digits for the hex conversion. # map returns an iterator in Python 3.0 and a list in 2.x minver = list(map(int, '2.6'.split('.'))) + [0, 0, 0] minverhex = 0 # xrange is not present in Python 3.0 and range returns an iterator for i in list(range(0, 4)): minverhex = (minverhex << 8) + minver[i] sys.exit(sys.hexversion < minverhex)
configure:15207: $? = 0
configure:15213: result: python
configure:15221: checking for python
configure:15239: found /usr/bin/python
configure:15251: result: /usr/bin/python
configure:15269: checking for python version
configure:15276: result: 2.7
configure:15288: checking for python platform
configure:15295: result: linux2
configure:15302: checking for python script directory
configure:15331: result: ${prefix}/lib/python2.7/site-packages
configure:15340: checking for python extension module directory
configure:15369: result: ${exec_prefix}/lib/python2.7/site-packages
configure:15385: checking for swig
configure:15403: found /usr/local/bin/swig
configure:15415: result: /usr/local/bin/swig
configure:15428: checking for SWIG version
configure:15431: result: 3.0.12
configure:15471: SWIG executable is '/usr/local/bin/swig'
configure:15474: SWIG library directory is '/usr/local/share/swig/3.0.12'
configure:15502: checking for python2.7
configure:15532: result: /usr/bin/python
configure:15548: checking for a version of Python >= '2.1.0'
configure:15574: result: yes
configure:15605: checking for the distutils Python package
configure:15609: result: yes
configure:15623: checking for Python include path
configure:15633: result: -I/usr/include/python2.7
configure:15640: checking for Python library path
configure:15725: result: -L/usr/lib -lpython2.7
configure:15732: checking for Python site-packages path
configure:15738: result: /usr/lib/python2.7/dist-packages
configure:15745: checking python extra libraries
configure:15752: result: -L/usr/lib -lz -lpthread -ldl  -lutil
configure:15759: checking python extra linking flags
configure:15766: result: -Xlinker -export-dynamic -Wl,-O1 -Wl,-Bsymbolic-functions
configure:15773: checking consistency of all components of python development environment
configure:15799: gcc -o conftest -g -O2  -I/usr/include/python2.7  conftest.c  -L/usr/lib -lpython2.7 -Xlinker -export-dynamic -Wl,-O1 -Wl,-Bsymbolic-functions -L/usr/lib -lz -lpthread -ldl  -lutil >&5
configure:15799: $? = 0
configure:15816: result: yes
configure:15852: checking for pow in -lm
configure:15877: gcc -o conftest -g -O2   conftest.c -lm   >&5
conftest.c:31:6: warning: conflicting types for built-in function 'pow' [-Wbuiltin-declaration-mismatch]
 char pow ();
      ^~~
configure:15877: $? = 0
configure:15886: result: yes
configure:15895: checking for strerrno in -liberty
configure:15920: gcc -o conftest -g -O2   conftest.c -liberty   >&5
/usr/bin/ld: cannot find -liberty
collect2: error: ld returned 1 exit status
configure:15920: $? = 1
configure: failed program was:
| /* confdefs.h */
| #define PACKAGE_NAME "gamer"
| #define PACKAGE_TARNAME "gamer"
| #define PACKAGE_VERSION "1.0"
| #define PACKAGE_STRING "gamer 1.0"
| #define PACKAGE_BUGREPORT "hake.dev@gmail.com"
| #define PACKAGE_URL ""
| #define PACKAGE "gamer"
| #define VERSION "1.0"
| #define STDC_HEADERS 1
| #define HAVE_SYS_TYPES_H 1
| #define HAVE_SYS_STAT_H 1
| #define HAVE_STDLIB_H 1
| #define HAVE_STRING_H 1
| #define HAVE_MEMORY_H 1
| #define HAVE_STRINGS_H 1
| #define HAVE_INTTYPES_H 1
| #define HAVE_STDINT_H 1
| #define HAVE_UNISTD_H 1
| #define HAVE_DLFCN_H 1
| #define LT_OBJDIR ".libs/"
| #define HAVE_PYTHON "2.7"
| /* end confdefs.h.  */
| 
| /* Override any GCC internal prototype to avoid an error.
|    Use char because int might match the return type of a GCC
|    builtin and then its argument prototype would still apply.  */
| #ifdef __cplusplus
| extern "C"
| #endif
| char strerrno ();
| int
| main ()
| {
| return strerrno ();
|   ;
|   return 0;
| }
configure:15929: result: no
configure:15939: checking for gethostbyname
configure:15939: gcc -o conftest -g -O2   conftest.c  >&5
configure:15939: $? = 0
configure:15939: result: yes
configure:15992: checking for connect
configure:15992: gcc -o conftest -g -O2   conftest.c  >&5
configure:15992: $? = 0
configure:15992: result: yes
configure:16045: checking for thr_create
configure:16045: gcc -o conftest -g -O2   conftest.c  >&5
/tmp/ccET0uUC.o: In function `main':
/home/vicenteramm/Software/fetk/gamer/swig/x86_64-unknown-linux-gnu/conftest.c:58: undefined reference to `thr_create'
collect2: error: ld returned 1 exit status
configure:16045: $? = 1
configure: failed program was:
| /* confdefs.h */
| #define PACKAGE_NAME "gamer"
| #define PACKAGE_TARNAME "gamer"
| #define PACKAGE_VERSION "1.0"
| #define PACKAGE_STRING "gamer 1.0"
| #define PACKAGE_BUGREPORT "hake.dev@gmail.com"
| #define PACKAGE_URL ""
| #define PACKAGE "gamer"
| #define VERSION "1.0"
| #define STDC_HEADERS 1
| #define HAVE_SYS_TYPES_H 1
| #define HAVE_SYS_STAT_H 1
| #define HAVE_STDLIB_H 1
| #define HAVE_STRING_H 1
| #define HAVE_MEMORY_H 1
| #define HAVE_STRINGS_H 1
| #define HAVE_INTTYPES_H 1
| #define HAVE_STDINT_H 1
| #define HAVE_UNISTD_H 1
| #define HAVE_DLFCN_H 1
| #define LT_OBJDIR ".libs/"
| #define HAVE_PYTHON "2.7"
| /* end confdefs.h.  */
| /* Define thr_create to an innocuous variant, in case <limits.h> declares thr_create.
|    For example, HP-UX 11i <limits.h> declares gettimeofday.  */
| #define thr_create innocuous_thr_create
| 
| /* System header to define __stub macros and hopefully few prototypes,
|     which can conflict with char thr_create (); below.
|     Prefer <limits.h> to <assert.h> if __STDC__ is defined, since
|     <limits.h> exists even on freestanding compilers.  */
| 
| #ifdef __STDC__
| # include <limits.h>
| #else
| # include <assert.h>
| #endif
| 
| #undef thr_create
| 
| /* Override any GCC internal prototype to avoid an error.
|    Use char because int might match the return type of a GCC
|    builtin and then its argument prototype would still apply.  */
| #ifdef __cplusplus
| extern "C"
| #endif
| char thr_create ();
| /* The GNU C library defines this for functions which it implements
|     to always fail with ENOSYS.  Some functions are actually named
|     something starting with __ and the normal name is an alias.  */
| #if defined __stub_thr_create || defined __stub___thr_create
| choke me
| #endif
| 
| int
| main ()
| {
| return thr_create ();
|   ;
|   return 0;
| }
configure:16045: result: no
configure:16053: checking for thr_create in -lthread
configure:16078: gcc -o conftest -g -O2   conftest.c -lthread   >&5
/usr/bin/ld: cannot find -lthread
collect2: error: ld returned 1 exit status
configure:16078: $? = 1
configure: failed program was:
| /* confdefs.h */
| #define PACKAGE_NAME "gamer"
| #define PACKAGE_TARNAME "gamer"
| #define PACKAGE_VERSION "1.0"
| #define PACKAGE_STRING "gamer 1.0"
| #define PACKAGE_BUGREPORT "hake.dev@gmail.com"
| #define PACKAGE_URL ""
| #define PACKAGE "gamer"
| #define VERSION "1.0"
| #define STDC_HEADERS 1
| #define HAVE_SYS_TYPES_H 1
| #define HAVE_SYS_STAT_H 1
| #define HAVE_STDLIB_H 1
| #define HAVE_STRING_H 1
| #define HAVE_MEMORY_H 1
| #define HAVE_STRINGS_H 1
| #define HAVE_INTTYPES_H 1
| #define HAVE_STDINT_H 1
| #define HAVE_UNISTD_H 1
| #define HAVE_DLFCN_H 1
| #define LT_OBJDIR ".libs/"
| #define HAVE_PYTHON "2.7"
| /* end confdefs.h.  */
| 
| /* Override any GCC internal prototype to avoid an error.
|    Use char because int might match the return type of a GCC
|    builtin and then its argument prototype would still apply.  */
| #ifdef __cplusplus
| extern "C"
| #endif
| char thr_create ();
| int
| main ()
| {
| return thr_create ();
|   ;
|   return 0;
| }
configure:16087: result: no
configure:16100: checking whether you want to disable the CPU-VENDOR-OS install triplet
configure:16111: result: yes
configure:16122: checking whether your environment defines FETK_RL_LIBRARY
configure:16129: result: no
configure:16135: checking for tgetnum in -lncurses
configure:16160: gcc -o conftest -g -O2   conftest.c -lncurses -lm  >&5
/usr/bin/ld: cannot find -lncurses
collect2: error: ld returned 1 exit status
configure:16160: $? = 1
configure: failed program was:
| /* confdefs.h */
| #define PACKAGE_NAME "gamer"
| #define PACKAGE_TARNAME "gamer"
| #define PACKAGE_VERSION "1.0"
| #define PACKAGE_STRING "gamer 1.0"
| #define PACKAGE_BUGREPORT "hake.dev@gmail.com"
| #define PACKAGE_URL ""
| #define PACKAGE "gamer"
| #define VERSION "1.0"
| #define STDC_HEADERS 1
| #define HAVE_SYS_TYPES_H 1
| #define HAVE_SYS_STAT_H 1
| #define HAVE_STDLIB_H 1
| #define HAVE_STRING_H 1
| #define HAVE_MEMORY_H 1
| #define HAVE_STRINGS_H 1
| #define HAVE_INTTYPES_H 1
| #define HAVE_STDINT_H 1
| #define HAVE_UNISTD_H 1
| #define HAVE_DLFCN_H 1
| #define LT_OBJDIR ".libs/"
| #define HAVE_PYTHON "2.7"
| /* end confdefs.h.  */
| 
| /* Override any GCC internal prototype to avoid an error.
|    Use char because int might match the return type of a GCC
|    builtin and then its argument prototype would still apply.  */
| #ifdef __cplusplus
| extern "C"
| #endif
| char tgetnum ();
| int
| main ()
| {
| return tgetnum ();
|   ;
|   return 0;
| }
configure:16169: result: no
configure:16177: checking for readline in -lreadline
configure:16202: gcc -o conftest -g -O2   conftest.c -lreadline   -lm  >&5
/usr/bin/ld: cannot find -lreadline
collect2: error: ld returned 1 exit status
configure:16202: $? = 1
configure: failed program was:
| /* confdefs.h */
| #define PACKAGE_NAME "gamer"
| #define PACKAGE_TARNAME "gamer"
| #define PACKAGE_VERSION "1.0"
| #define PACKAGE_STRING "gamer 1.0"
| #define PACKAGE_BUGREPORT "hake.dev@gmail.com"
| #define PACKAGE_URL ""
| #define PACKAGE "gamer"
| #define VERSION "1.0"
| #define STDC_HEADERS 1
| #define HAVE_SYS_TYPES_H 1
| #define HAVE_SYS_STAT_H 1
| #define HAVE_STDLIB_H 1
| #define HAVE_STRING_H 1
| #define HAVE_MEMORY_H 1
| #define HAVE_STRINGS_H 1
| #define HAVE_INTTYPES_H 1
| #define HAVE_STDINT_H 1
| #define HAVE_UNISTD_H 1
| #define HAVE_DLFCN_H 1
| #define LT_OBJDIR ".libs/"
| #define HAVE_PYTHON "2.7"
| /* end confdefs.h.  */
| 
| /* Override any GCC internal prototype to avoid an error.
|    Use char because int might match the return type of a GCC
|    builtin and then its argument prototype would still apply.  */
| #ifdef __cplusplus
| extern "C"
| #endif
| char readline ();
| int
| main ()
| {
| return readline ();
|   ;
|   return 0;
| }
configure:16211: result: no
configure:16267: checking whether your environment defines FETK_MPI_LIBRARY
configure:16274: result: no
configure:16281: checking for main in -lmpi
configure:16300: gcc -o conftest -g -O2   conftest.c -lmpi   >&5
configure:16300: $? = 0
configure:16309: result: yes
configure:16359: checking whether your environment defines FETK_LIBRARY
configure:16362: result: yes
configure:16372: checking whether your environment defines FETK_INCLUDE
configure:16375: result: yes
configure:16386: checking whether your environment defines FETK_VF2C_LIBRARY
configure:16393: result: no
configure:16395: checking whether your environment defines FETK_LIBRARY
configure:16398: result: yes
configure:16410: checking for d_abs in -lvf2c
configure:16435: gcc -o conftest -g -O2  -L/home/vicenteramm/Software/fetk/build/x86_64-unknown-linux-gnu/lib  conftest.c -lvf2c -L/home/vicenteramm/Software/fetk/build/x86_64-unknown-linux-gnu/lib -lvf2c  >&5
/usr/bin/ld: cannot find -lvf2c
/usr/bin/ld: cannot find -lvf2c
collect2: error: ld returned 1 exit status
configure:16435: $? = 1
configure: failed program was:
| /* confdefs.h */
| #define PACKAGE_NAME "gamer"
| #define PACKAGE_TARNAME "gamer"
| #define PACKAGE_VERSION "1.0"
| #define PACKAGE_STRING "gamer 1.0"
| #define PACKAGE_BUGREPORT "hake.dev@gmail.com"
| #define PACKAGE_URL ""
| #define PACKAGE "gamer"
| #define VERSION "1.0"
| #define STDC_HEADERS 1
| #define HAVE_SYS_TYPES_H 1
| #define HAVE_SYS_STAT_H 1
| #define HAVE_STDLIB_H 1
| #define HAVE_STRING_H 1
| #define HAVE_MEMORY_H 1
| #define HAVE_STRINGS_H 1
| #define HAVE_INTTYPES_H 1
| #define HAVE_STDINT_H 1
| #define HAVE_UNISTD_H 1
| #define HAVE_DLFCN_H 1
| #define LT_OBJDIR ".libs/"
| #define HAVE_PYTHON "2.7"
| /* end confdefs.h.  */
| 
| /* Override any GCC internal prototype to avoid an error.
|    Use char because int might match the return type of a GCC
|    builtin and then its argument prototype would still apply.  */
| #ifdef __cplusplus
| extern "C"
| #endif
| char d_abs ();
| int
| main ()
| {
| return d_abs ();
|   ;
|   return 0;
| }
configure:16444: result: no
configure:16456: checking whether your environment defines FETK_BLAS_LIBRARY
configure:16463: result: no
configure:16465: checking whether your environment defines FETK_LIBRARY
configure:16468: result: yes
configure:16480: checking for dscal_ in -lblas
configure:16505: gcc -o conftest -g -O2  -L/home/vicenteramm/Software/fetk/build/x86_64-unknown-linux-gnu/lib  conftest.c -lblas -L/home/vicenteramm/Software/fetk/build/x86_64-unknown-linux-gnu/lib -lblas  -lmpi      -lm    >&5
/usr/bin/ld: cannot find -lblas
/usr/bin/ld: cannot find -lblas
collect2: error: ld returned 1 exit status
configure:16505: $? = 1
configure: failed program was:
| /* confdefs.h */
| #define PACKAGE_NAME "gamer"
| #define PACKAGE_TARNAME "gamer"
| #define PACKAGE_VERSION "1.0"
| #define PACKAGE_STRING "gamer 1.0"
| #define PACKAGE_BUGREPORT "hake.dev@gmail.com"
| #define PACKAGE_URL ""
| #define PACKAGE "gamer"
| #define VERSION "1.0"
| #define STDC_HEADERS 1
| #define HAVE_SYS_TYPES_H 1
| #define HAVE_SYS_STAT_H 1
| #define HAVE_STDLIB_H 1
| #define HAVE_STRING_H 1
| #define HAVE_MEMORY_H 1
| #define HAVE_STRINGS_H 1
| #define HAVE_INTTYPES_H 1
| #define HAVE_STDINT_H 1
| #define HAVE_UNISTD_H 1
| #define HAVE_DLFCN_H 1
| #define LT_OBJDIR ".libs/"
| #define HAVE_PYTHON "2.7"
| /* end confdefs.h.  */
| 
| /* Override any GCC internal prototype to avoid an error.
|    Use char because int might match the return type of a GCC
|    builtin and then its argument prototype would still apply.  */
| #ifdef __cplusplus
| extern "C"
| #endif
| char dscal_ ();
| int
| main ()
| {
| return dscal_ ();
|   ;
|   return 0;
| }
configure:16514: result: no
configure:16526: checking whether your environment defines FETK_AMD_LIBRARY
configure:16533: result: no
configure:16535: checking whether your environment defines FETK_LIBRARY
configure:16538: result: yes
configure:16550: checking for amd_order in -lamd
configure:16575: gcc -o conftest -g -O2  -L/home/vicenteramm/Software/fetk/build/x86_64-unknown-linux-gnu/lib  conftest.c -lamd -L/home/vicenteramm/Software/fetk/build/x86_64-unknown-linux-gnu/lib -lamd   -lmpi      -lm    >&5
/usr/bin/ld: cannot find -lamd
/usr/bin/ld: cannot find -lamd
collect2: error: ld returned 1 exit status
configure:16575: $? = 1
configure: failed program was:
| /* confdefs.h */
| #define PACKAGE_NAME "gamer"
| #define PACKAGE_TARNAME "gamer"
| #define PACKAGE_VERSION "1.0"
| #define PACKAGE_STRING "gamer 1.0"
| #define PACKAGE_BUGREPORT "hake.dev@gmail.com"
| #define PACKAGE_URL ""
| #define PACKAGE "gamer"
| #define VERSION "1.0"
| #define STDC_HEADERS 1
| #define HAVE_SYS_TYPES_H 1
| #define HAVE_SYS_STAT_H 1
| #define HAVE_STDLIB_H 1
| #define HAVE_STRING_H 1
| #define HAVE_MEMORY_H 1
| #define HAVE_STRINGS_H 1
| #define HAVE_INTTYPES_H 1
| #define HAVE_STDINT_H 1
| #define HAVE_UNISTD_H 1
| #define HAVE_DLFCN_H 1
| #define LT_OBJDIR ".libs/"
| #define HAVE_PYTHON "2.7"
| /* end confdefs.h.  */
| 
| /* Override any GCC internal prototype to avoid an error.
|    Use char because int might match the return type of a GCC
|    builtin and then its argument prototype would still apply.  */
| #ifdef __cplusplus
| extern "C"
| #endif
| char amd_order ();
| int
| main ()
| {
| return amd_order ();
|   ;
|   return 0;
| }
configure:16584: result: no
configure:16596: checking whether your environment defines FETK_UMFPACK_LIBRARY
configure:16603: result: no
configure:16605: checking whether your environment defines FETK_LIBRARY
configure:16608: result: yes
configure:16620: checking for umfpack_di_free_numeric in -lumfpack
configure:16645: gcc -o conftest -g -O2  -L/home/vicenteramm/Software/fetk/build/x86_64-unknown-linux-gnu/lib  conftest.c -lumfpack -L/home/vicenteramm/Software/fetk/build/x86_64-unknown-linux-gnu/lib -lumfpack    -lmpi      -lm    >&5
/usr/bin/ld: cannot find -lumfpack
/usr/bin/ld: cannot find -lumfpack
collect2: error: ld returned 1 exit status
configure:16645: $? = 1
configure: failed program was:
| /* confdefs.h */
| #define PACKAGE_NAME "gamer"
| #define PACKAGE_TARNAME "gamer"
| #define PACKAGE_VERSION "1.0"
| #define PACKAGE_STRING "gamer 1.0"
| #define PACKAGE_BUGREPORT "hake.dev@gmail.com"
| #define PACKAGE_URL ""
| #define PACKAGE "gamer"
| #define VERSION "1.0"
| #define STDC_HEADERS 1
| #define HAVE_SYS_TYPES_H 1
| #define HAVE_SYS_STAT_H 1
| #define HAVE_STDLIB_H 1
| #define HAVE_STRING_H 1
| #define HAVE_MEMORY_H 1
| #define HAVE_STRINGS_H 1
| #define HAVE_INTTYPES_H 1
| #define HAVE_STDINT_H 1
| #define HAVE_UNISTD_H 1
| #define HAVE_DLFCN_H 1
| #define LT_OBJDIR ".libs/"
| #define HAVE_PYTHON "2.7"
| /* end confdefs.h.  */
| 
| /* Override any GCC internal prototype to avoid an error.
|    Use char because int might match the return type of a GCC
|    builtin and then its argument prototype would still apply.  */
| #ifdef __cplusplus
| extern "C"
| #endif
| char umfpack_di_free_numeric ();
| int
| main ()
| {
| return umfpack_di_free_numeric ();
|   ;
|   return 0;
| }
configure:16654: result: no
configure:16666: checking whether your environment defines FETK_SUPERLU_LIBRARY
configure:16673: result: no
configure:16675: checking whether your environment defines FETK_LIBRARY
configure:16678: result: yes
configure:16690: checking for Destroy_SuperMatrix_Store in -lsuperlu
configure:16715: gcc -o conftest -g -O2  -L/home/vicenteramm/Software/fetk/build/x86_64-unknown-linux-gnu/lib  conftest.c -lsuperlu -L/home/vicenteramm/Software/fetk/build/x86_64-unknown-linux-gnu/lib -lsuperlu    -lmpi      -lm    >&5
/usr/bin/ld: cannot find -lsuperlu
/usr/bin/ld: cannot find -lsuperlu
collect2: error: ld returned 1 exit status
configure:16715: $? = 1
configure: failed program was:
| /* confdefs.h */
| #define PACKAGE_NAME "gamer"
| #define PACKAGE_TARNAME "gamer"
| #define PACKAGE_VERSION "1.0"
| #define PACKAGE_STRING "gamer 1.0"
| #define PACKAGE_BUGREPORT "hake.dev@gmail.com"
| #define PACKAGE_URL ""
| #define PACKAGE "gamer"
| #define VERSION "1.0"
| #define STDC_HEADERS 1
| #define HAVE_SYS_TYPES_H 1
| #define HAVE_SYS_STAT_H 1
| #define HAVE_STDLIB_H 1
| #define HAVE_STRING_H 1
| #define HAVE_MEMORY_H 1
| #define HAVE_STRINGS_H 1
| #define HAVE_INTTYPES_H 1
| #define HAVE_STDINT_H 1
| #define HAVE_UNISTD_H 1
| #define HAVE_DLFCN_H 1
| #define LT_OBJDIR ".libs/"
| #define HAVE_PYTHON "2.7"
| /* end confdefs.h.  */
| 
| /* Override any GCC internal prototype to avoid an error.
|    Use char because int might match the return type of a GCC
|    builtin and then its argument prototype would still apply.  */
| #ifdef __cplusplus
| extern "C"
| #endif
| char Destroy_SuperMatrix_Store ();
| int
| main ()
| {
| return Destroy_SuperMatrix_Store ();
|   ;
|   return 0;
| }
configure:16724: result: no
configure:16735: result: ----------- begin processing APP configure options ---------
configure:16738: checking whether you want pedantic ANSI compilation
configure:16749: result: no
configure:16768: checking whether you want profiling
configure:16779: result: no
configure:16792: checking whether you want ElectricFence
configure:16803: result: no
configure:16850: checking whether you want to build library test programs
configure:16857: result: no
configure:16864: result: ------------ end processing APP configure options ----------
configure:16867: result: ---------- begin configuring for MALOC linkage ------------
configure:16871: checking whether your environment defines FETK_INCLUDE
configure:16874: result: yes
configure:16883: checking whether your environment defines FETK_LIBRARY
configure:16886: result: yes
configure:16900: checking maloc/maloc.h usability
configure:16900: gcc -c -g -O2 -I/home/vicenteramm/Software/fetk/build/x86_64-unknown-linux-gnu/include  conftest.c >&5
conftest.c:57:10: fatal error: maloc/maloc.h: No such file or directory
 #include <maloc/maloc.h>
          ^~~~~~~~~~~~~~~
compilation terminated.
configure:16900: $? = 1
configure: failed program was:
| /* confdefs.h */
| #define PACKAGE_NAME "gamer"
| #define PACKAGE_TARNAME "gamer"
| #define PACKAGE_VERSION "1.0"
| #define PACKAGE_STRING "gamer 1.0"
| #define PACKAGE_BUGREPORT "hake.dev@gmail.com"
| #define PACKAGE_URL ""
| #define PACKAGE "gamer"
| #define VERSION "1.0"
| #define STDC_HEADERS 1
| #define HAVE_SYS_TYPES_H 1
| #define HAVE_SYS_STAT_H 1
| #define HAVE_STDLIB_H 1
| #define HAVE_STRING_H 1
| #define HAVE_MEMORY_H 1
| #define HAVE_STRINGS_H 1
| #define HAVE_INTTYPES_H 1
| #define HAVE_STDINT_H 1
| #define HAVE_UNISTD_H 1
| #define HAVE_DLFCN_H 1
| #define LT_OBJDIR ".libs/"
| #define HAVE_PYTHON "2.7"
| /* end confdefs.h.  */
| #include <stdio.h>
| #ifdef HAVE_SYS_TYPES_H
| # include <sys/types.h>
| #endif
| #ifdef HAVE_SYS_STAT_H
| # include <sys/stat.h>
| #endif
| #ifdef STDC_HEADERS
| # include <stdlib.h>
| # include <stddef.h>
| #else
| # ifdef HAVE_STDLIB_H
| #  include <stdlib.h>
| # endif
| #endif
| #ifdef HAVE_STRING_H
| # if !defined STDC_HEADERS && defined HAVE_MEMORY_H
| #  include <memory.h>
| # endif
| # include <string.h>
| #endif
| #ifdef HAVE_STRINGS_H
| # include <strings.h>
| #endif
| #ifdef HAVE_INTTYPES_H
| # include <inttypes.h>
| #endif
| #ifdef HAVE_STDINT_H
| # include <stdint.h>
| #endif
| #ifdef HAVE_UNISTD_H
| # include <unistd.h>
| #endif
| #include <maloc/maloc.h>
configure:16900: result: no
configure:16900: checking maloc/maloc.h presence
configure:16900: gcc -E -I/home/vicenteramm/Software/fetk/build/x86_64-unknown-linux-gnu/include  conftest.c
conftest.c:24:10: fatal error: maloc/maloc.h: No such file or directory
 #include <maloc/maloc.h>
          ^~~~~~~~~~~~~~~
compilation terminated.
configure:16900: $? = 1
configure: failed program was:
| /* confdefs.h */
| #define PACKAGE_NAME "gamer"
| #define PACKAGE_TARNAME "gamer"
| #define PACKAGE_VERSION "1.0"
| #define PACKAGE_STRING "gamer 1.0"
| #define PACKAGE_BUGREPORT "hake.dev@gmail.com"
| #define PACKAGE_URL ""
| #define PACKAGE "gamer"
| #define VERSION "1.0"
| #define STDC_HEADERS 1
| #define HAVE_SYS_TYPES_H 1
| #define HAVE_SYS_STAT_H 1
| #define HAVE_STDLIB_H 1
| #define HAVE_STRING_H 1
| #define HAVE_MEMORY_H 1
| #define HAVE_STRINGS_H 1
| #define HAVE_INTTYPES_H 1
| #define HAVE_STDINT_H 1
| #define HAVE_UNISTD_H 1
| #define HAVE_DLFCN_H 1
| #define LT_OBJDIR ".libs/"
| #define HAVE_PYTHON "2.7"
| /* end confdefs.h.  */
| #include <maloc/maloc.h>
configure:16900: result: no
configure:16900: checking for maloc/maloc.h
configure:16900: result: no
configure:16953: error: MALOC libraries OR headers missing ...EXITING ON ERROR

## ---------------- ##
## Cache variables. ##
## ---------------- ##

ac_cv_build=x86_64-unknown-linux-gnu
ac_cv_c_compiler_gnu=yes
ac_cv_cxx_compiler_gnu=yes
ac_cv_env_CCC_set=
ac_cv_env_CCC_value=
ac_cv_env_CC_set=
ac_cv_env_CC_value=
ac_cv_env_CFLAGS_set=
ac_cv_env_CFLAGS_value=
ac_cv_env_CPPFLAGS_set=
ac_cv_env_CPPFLAGS_value=
ac_cv_env_CPP_set=
ac_cv_env_CPP_value=
ac_cv_env_CXXCPP_set=
ac_cv_env_CXXCPP_value=
ac_cv_env_CXXFLAGS_set=
ac_cv_env_CXXFLAGS_value=
ac_cv_env_CXX_set=
ac_cv_env_CXX_value=
ac_cv_env_LDFLAGS_set=
ac_cv_env_LDFLAGS_value=
ac_cv_env_LIBS_set=
ac_cv_env_LIBS_value=
ac_cv_env_PYTHON_VERSION_set=
ac_cv_env_PYTHON_VERSION_value=
ac_cv_env_build_alias_set=
ac_cv_env_build_alias_value=
ac_cv_env_host_alias_set=
ac_cv_env_host_alias_value=
ac_cv_env_target_alias_set=
ac_cv_env_target_alias_value=
ac_cv_func_connect=yes
ac_cv_func_gethostbyname=yes
ac_cv_func_thr_create=no
ac_cv_header_dlfcn_h=yes
ac_cv_header_inttypes_h=yes
ac_cv_header_maloc_maloc_h=no
ac_cv_header_memory_h=yes
ac_cv_header_stdc=yes
ac_cv_header_stdint_h=yes
ac_cv_header_stdlib_h=yes
ac_cv_header_string_h=yes
ac_cv_header_strings_h=yes
ac_cv_header_sys_stat_h=yes
ac_cv_header_sys_types_h=yes
ac_cv_header_unistd_h=yes
ac_cv_host=x86_64-unknown-linux-gnu
ac_cv_lib_amd_amd_order=no
ac_cv_lib_blas_dscal_=no
ac_cv_lib_iberty_strerrno=no
ac_cv_lib_m_pow=yes
ac_cv_lib_mpi_main=yes
ac_cv_lib_ncurses_tgetnum=no
ac_cv_lib_readline_readline=no
ac_cv_lib_superlu_Destroy_SuperMatrix_Store=no
ac_cv_lib_thread_thr_create=no
ac_cv_lib_umfpack_umfpack_di_free_numeric=no
ac_cv_lib_vf2c_d_abs=no
ac_cv_objext=o
ac_cv_path_EGREP='/bin/grep -E'
ac_cv_path_FGREP='/bin/grep -F'
ac_cv_path_GREP=/bin/grep
ac_cv_path_PYTHON=/usr/bin/python
ac_cv_path_SED=/bin/sed
ac_cv_path_SWIG=/usr/local/bin/swig
ac_cv_path_install='/usr/bin/install -c'
ac_cv_path_mkdir=/bin/mkdir
ac_cv_prog_AWK=mawk
ac_cv_prog_CPP='gcc -E'
ac_cv_prog_CXXCPP='g++ -E'
ac_cv_prog_ac_ct_AR=ar
ac_cv_prog_ac_ct_CC=gcc
ac_cv_prog_ac_ct_CXX=g++
ac_cv_prog_ac_ct_MANIFEST_TOOL=mt
ac_cv_prog_ac_ct_OBJDUMP=objdump
ac_cv_prog_ac_ct_RANLIB=ranlib
ac_cv_prog_ac_ct_STRIP=strip
ac_cv_prog_cc_c89=
ac_cv_prog_cc_g=yes
ac_cv_prog_cxx_g=yes
ac_cv_prog_make_make_set=yes
ac_cv_target=x86_64-unknown-linux-gnu
am_cv_CC_dependencies_compiler_type=none
am_cv_CXX_dependencies_compiler_type=none
am_cv_pathless_PYTHON=python
am_cv_python_platform=linux2
am_cv_python_pyexecdir='${exec_prefix}/lib/python2.7/site-packages'
am_cv_python_pythondir='${prefix}/lib/python2.7/site-packages'
am_cv_python_version=2.7
lt_cv_ar_at_file=@
lt_cv_archive_cmds_need_lc=no
lt_cv_deplibs_check_method=pass_all
lt_cv_file_magic_cmd='$MAGIC_CMD'
lt_cv_file_magic_test_file=
lt_cv_ld_reload_flag=-r
lt_cv_nm_interface='BSD nm'
lt_cv_objdir=.libs
lt_cv_path_LD=/usr/bin/ld
lt_cv_path_LDCXX='/usr/bin/ld -m elf_x86_64'
lt_cv_path_NM='/usr/bin/nm -B'
lt_cv_path_mainfest_tool=no
lt_cv_prog_compiler_c_o=yes
lt_cv_prog_compiler_c_o_CXX=yes
lt_cv_prog_compiler_pic='-fPIC -DPIC'
lt_cv_prog_compiler_pic_CXX='-fPIC -DPIC'
lt_cv_prog_compiler_pic_works=yes
lt_cv_prog_compiler_pic_works_CXX=yes
lt_cv_prog_compiler_rtti_exceptions=no
lt_cv_prog_compiler_static_works=yes
lt_cv_prog_compiler_static_works_CXX=yes
lt_cv_prog_gnu_ld=yes
lt_cv_prog_gnu_ldcxx=yes
lt_cv_sharedlib_from_linklib_cmd='printf %s\n'
lt_cv_shlibpath_overrides_runpath=yes
lt_cv_sys_global_symbol_pipe='sed -n -e '\''s/^.*[	 ]\([ABCDGIRSTW][ABCDGIRSTW]*\)[	 ][	 ]*\([_A-Za-z][_A-Za-z0-9]*\)$/\1 \2 \2/p'\'' | sed '\''/ __gnu_lto/d'\'''
lt_cv_sys_global_symbol_to_c_name_address='sed -n -e '\''s/^: \([^ ]*\)[ ]*$/  {\"\1\", (void *) 0},/p'\'' -e '\''s/^[ABCDGIRSTW]* \([^ ]*\) \([^ ]*\)$/  {"\2", (void *) \&\2},/p'\'''
lt_cv_sys_global_symbol_to_c_name_address_lib_prefix='sed -n -e '\''s/^: \([^ ]*\)[ ]*$/  {\"\1\", (void *) 0},/p'\'' -e '\''s/^[ABCDGIRSTW]* \([^ ]*\) \(lib[^ ]*\)$/  {"\2", (void *) \&\2},/p'\'' -e '\''s/^[ABCDGIRSTW]* \([^ ]*\) \([^ ]*\)$/  {"lib\2", (void *) \&\2},/p'\'''
lt_cv_sys_global_symbol_to_cdecl='sed -n -e '\''s/^T .* \(.*\)$/extern int \1();/p'\'' -e '\''s/^[ABCDGIRSTW]* .* \(.*\)$/extern char \1;/p'\'''
lt_cv_sys_max_cmd_len=1572864
lt_cv_to_host_file_cmd=func_convert_file_noop
lt_cv_to_tool_file_cmd=func_convert_file_noop

## ----------------- ##
## Output variables. ##
## ----------------- ##

ACLOCAL='${SHELL} /home/vicenteramm/Software/fetk/gamer/swig/config/missing --run aclocal-1.11'
AMDEPBACKSLASH='\'
AMDEP_FALSE='#'
AMDEP_TRUE=''
AMTAR='${SHELL} /home/vicenteramm/Software/fetk/gamer/swig/config/missing --run tar'
AR='ar'
AUTOCONF='${SHELL} /home/vicenteramm/Software/fetk/gamer/swig/config/missing --run autoconf'
AUTOHEADER='${SHELL} /home/vicenteramm/Software/fetk/gamer/swig/config/missing --run autoheader'
AUTOMAKE='${SHELL} /home/vicenteramm/Software/fetk/gamer/swig/config/missing --run automake-1.11'
AWK='mawk'
CC='gcc'
CCDEPMODE='depmode=none'
CFLAGS='-g -O2'
CPP='gcc -E'
CPPFLAGS='-I/home/vicenteramm/Software/fetk/build/x86_64-unknown-linux-gnu/include '
CXX='g++'
CXXCPP='g++ -E'
CXXDEPMODE='depmode=none'
CXXFLAGS='-g -O2'
CYGPATH_W='echo'
DEFS=''
DEPDIR='.deps'
DLLTOOL='false'
DSYMUTIL=''
DUMPBIN=''
ECHO_C=''
ECHO_N='-n'
ECHO_T=''
EGREP='/bin/grep -E'
EXEEXT=''
FETK_VERSION='1:0:0'
FGREP='/bin/grep -F'
GREP='/bin/grep'
INSTALL_DATA='${INSTALL} -m 644'
INSTALL_PROGRAM='${INSTALL}'
INSTALL_SCRIPT='${INSTALL}'
INSTALL_STRIP_PROGRAM='$(install_sh) -c -s'
LD='/usr/bin/ld -m elf_x86_64'
LDFLAGS='-L/home/vicenteramm/Software/fetk/build/x86_64-unknown-linux-gnu/lib '
LIBOBJS=''
LIBS=''
LIBTOOL='$(SHELL) $(top_builddir)/libtool'
LIPO=''
LN_S='ln -s'
LTLIBOBJS=''
MAINT='#'
MAINTAINER_MODE_FALSE=''
MAINTAINER_MODE_TRUE='#'
MAKEINFO='${SHELL} /home/vicenteramm/Software/fetk/gamer/swig/config/missing --run makeinfo'
MANIFEST_TOOL=':'
MKDIR_P='/bin/mkdir -p'
NM='/usr/bin/nm -B'
NMEDIT=''
OBJDUMP='objdump'
OBJEXT='o'
OTOOL64=''
OTOOL=''
PACKAGE='gamer'
PACKAGE_BUGREPORT='hake.dev@gmail.com'
PACKAGE_NAME='gamer'
PACKAGE_STRING='gamer 1.0'
PACKAGE_TARNAME='gamer'
PACKAGE_URL=''
PACKAGE_VERSION='1.0'
PATH_SEPARATOR=':'
PYTHON='/usr/bin/python'
PYTHON_CPPFLAGS='-I/usr/include/python2.7'
PYTHON_EXEC_PREFIX='${exec_prefix}'
PYTHON_EXTRA_LDFLAGS='-Xlinker -export-dynamic -Wl,-O1 -Wl,-Bsymbolic-functions'
PYTHON_EXTRA_LIBS='-L/usr/lib -lz -lpthread -ldl  -lutil'
PYTHON_LDFLAGS='-L/usr/lib -lpython2.7'
PYTHON_PLATFORM='linux2'
PYTHON_PREFIX='${prefix}'
PYTHON_SITE_PKG='/usr/lib/python2.7/dist-packages'
PYTHON_VERSION='2.7'
RANLIB='ranlib'
SED='/bin/sed'
SET_MAKE=''
SHELL='/bin/bash'
STRIP='strip'
SWIG='/usr/local/bin/swig -c++ -noruntime'
SWIG_LIB='/usr/local/share/swig/3.0.12'
SWIG_PYTHON_CPPFLAGS='-I/usr/include/python2.7'
SWIG_PYTHON_OPT='-python'
VERSION='1.0'
ac_ct_AR='ar'
ac_ct_CC='gcc'
ac_ct_CXX='g++'
ac_ct_DUMPBIN=''
am__EXEEXT_FALSE=''
am__EXEEXT_TRUE=''
am__fastdepCC_FALSE=''
am__fastdepCC_TRUE='#'
am__fastdepCXX_FALSE=''
am__fastdepCXX_TRUE='#'
am__include='include'
am__isrc=' -I$(srcdir)'
am__leading_dot='.'
am__quote=''
am__tar='${AMTAR} chof - "$$tardir"'
am__untar='${AMTAR} xf -'
amd_lib=''
bindir='${exec_prefix}/bin'
blas_lib=''
build='x86_64-unknown-linux-gnu'
build_alias=''
build_cpu='x86_64'
build_os='linux-gnu'
build_vendor='unknown'
datadir='${datarootdir}'
datarootdir='${prefix}/share'
docdir='${datarootdir}/doc/${PACKAGE_TARNAME}'
dvidir='${docdir}'
exec_prefix='NONE'
fetk_cpu_vendor_os=''
fetk_inc='/home/vicenteramm/Software/fetk/build/x86_64-unknown-linux-gnu/include'
fetk_lib='/home/vicenteramm/Software/fetk/build/x86_64-unknown-linux-gnu/lib'
gamer_inc=''
gamer_lib=''
host='x86_64-unknown-linux-gnu'
host_alias=''
host_cpu='x86_64'
host_os='linux-gnu'
host_vendor='unknown'
htmldir='${docdir}'
includedir='${prefix}/include'
infodir='${datarootdir}/info'
install_sh='${SHELL} /home/vicenteramm/Software/fetk/gamer/swig/config/install-sh'
libdir='${exec_prefix}/lib'
liberty_lib=''
libexecdir='${exec_prefix}/libexec'
localedir='${datarootdir}/locale'
localstatedir='${prefix}/var'
maloc_inc=''
maloc_lib=''
mandir='${datarootdir}/man'
math_lib='-lm'
mkdir_p='/bin/mkdir -p'
mpi_lib='-lmpi'
nsl_lib=''
oldincludedir='/usr/include'
pdfdir='${docdir}'
pedantic_ansi=''
pkgpyexecdir='${pyexecdir}/gamer'
pkgpythondir='${pythondir}/gamer'
prefix='/home/vicenteramm/Software/fetk/build/x86_64-unknown-linux-gnu'
profile=''
profile_lib=''
program_transform_name='s,x,x,'
psdir='${docdir}'
pyexecdir='${exec_prefix}/lib/python2.7/site-packages'
pythondir='${prefix}/lib/python2.7/site-packages'
rl_lib=''
sbindir='${exec_prefix}/sbin'
sharedstatedir='${prefix}/com'
socket_lib=''
superlu_lib=''
sysconfdir='${prefix}/etc'
target='x86_64-unknown-linux-gnu'
target_alias=''
target_cpu='x86_64'
target_os='linux-gnu'
target_vendor='unknown'
thread_lib=''
umfpack_lib=''
vf2c_lib=''
vtst=''
wall=''
wall_pedantic=''
wall_pedantic_ansi=''
zfence=''
zfence_lib=''

## ----------- ##
## confdefs.h. ##
## ----------- ##

/* confdefs.h */
#define PACKAGE_NAME "gamer"
#define PACKAGE_TARNAME "gamer"
#define PACKAGE_VERSION "1.0"
#define PACKAGE_STRING "gamer 1.0"
#define PACKAGE_BUGREPORT "hake.dev@gmail.com"
#define PACKAGE_URL ""
#define PACKAGE "gamer"
#define VERSION "1.0"
#define STDC_HEADERS 1
#define HAVE_SYS_TYPES_H 1
#define HAVE_SYS_STAT_H 1
#define HAVE_STDLIB_H 1
#define HAVE_STRING_H 1
#define HAVE_MEMORY_H 1
#define HAVE_STRINGS_H 1
#define HAVE_INTTYPES_H 1
#define HAVE_STDINT_H 1
#define HAVE_UNISTD_H 1
#define HAVE_DLFCN_H 1
#define LT_OBJDIR ".libs/"
#define HAVE_PYTHON "2.7"

configure: exit 1
