This file contains any messages produced by compilers while
running configure, to aid debugging if configure makes a mistake.

It was created by maloc configure 1.0, which was
generated by GNU Autoconf 2.68.  Invocation command line was

  $ ./configure 

## --------- ##
## Platform. ##
## --------- ##

hostname = tulio
uname -m = x86_64
uname -r = 4.15.0-54-generic
uname -s = Linux
uname -v = #58-Ubuntu SMP Mon Jun 24 10:55:24 UTC 2019

/usr/bin/uname -p = unknown
/bin/uname -X     = unknown

/bin/arch              = unknown
/usr/bin/arch -k       = unknown
/usr/convex/getsysinfo = unknown
/usr/bin/hostinfo      = unknown
/bin/machine           = unknown
/usr/bin/oslevel       = unknown
/bin/universe          = unknown

PATH: /usr/local/sbin
PATH: /usr/local/bin
PATH: /usr/sbin
PATH: /usr/bin
PATH: /sbin
PATH: /bin
PATH: /usr/games
PATH: /usr/local/games
PATH: /snap/bin
PATH: /usr/lib/jvm/java-8-oracle/bin
PATH: /usr/lib/jvm/java-8-oracle/db/bin
PATH: /usr/lib/jvm/java-8-oracle/jre/bin


## ----------- ##
## Core tests. ##
## ----------- ##

configure:2323: checking build system type
configure:2337: result: x86_64-unknown-linux-gnu
configure:2357: checking host system type
configure:2370: result: x86_64-unknown-linux-gnu
configure:2390: checking target system type
configure:2403: result: x86_64-unknown-linux-gnu
configure:2447: checking for a BSD-compatible install
configure:2515: result: /usr/bin/install -c
configure:2526: checking whether build environment is sane
configure:2576: result: yes
configure:2717: checking for a thread-safe mkdir -p
configure:2756: result: /bin/mkdir -p
configure:2769: checking for gawk
configure:2799: result: no
configure:2769: checking for mawk
configure:2785: found /usr/bin/mawk
configure:2796: result: mawk
configure:2807: checking whether make sets $(MAKE)
configure:2829: result: yes
configure:2914: checking whether to enable maintainer-specific portions of Makefiles
configure:2923: result: no
configure:2992: checking for gcc
configure:3008: found /usr/bin/gcc
configure:3019: result: gcc
configure:3248: checking for C compiler version
configure:3257: gcc --version >&5
gcc (Ubuntu 7.4.0-1ubuntu1~18.04.1) 7.4.0
Copyright (C) 2017 Free Software Foundation, Inc.
This is free software; see the source for copying conditions.  There is NO
warranty; not even for MERCHANTABILITY or FITNESS FOR A PARTICULAR PURPOSE.

configure:3268: $? = 0
configure:3257: gcc -v >&5
Using built-in specs.
COLLECT_GCC=gcc
COLLECT_LTO_WRAPPER=/usr/lib/gcc/x86_64-linux-gnu/7/lto-wrapper
OFFLOAD_TARGET_NAMES=nvptx-none
OFFLOAD_TARGET_DEFAULT=1
Target: x86_64-linux-gnu
Configured with: ../src/configure -v --with-pkgversion='Ubuntu 7.4.0-1ubuntu1~18.04.1' --with-bugurl=file:///usr/share/doc/gcc-7/README.Bugs --enable-languages=c,ada,c++,go,brig,d,fortran,objc,obj-c++ --prefix=/usr --with-gcc-major-version-only --program-suffix=-7 --program-prefix=x86_64-linux-gnu- --enable-shared --enable-linker-build-id --libexecdir=/usr/lib --without-included-gettext --enable-threads=posix --libdir=/usr/lib --enable-nls --with-sysroot=/ --enable-clocale=gnu --enable-libstdcxx-debug --enable-libstdcxx-time=yes --with-default-libstdcxx-abi=new --enable-gnu-unique-object --disable-vtable-verify --enable-libmpx --enable-plugin --enable-default-pie --with-system-zlib --with-target-system-zlib --enable-objc-gc=auto --enable-multiarch --disable-werror --with-arch-32=i686 --with-abi=m64 --with-multilib-list=m32,m64,mx32 --enable-multilib --with-tune=generic --enable-offload-targets=nvptx-none --without-cuda-driver --enable-checking=release --build=x86_64-linux-gnu --host=x86_64-linux-gnu --target=x86_64-linux-gnu
Thread model: posix
gcc version 7.4.0 (Ubuntu 7.4.0-1ubuntu1~18.04.1) 
configure:3268: $? = 0
configure:3257: gcc -V >&5
gcc: error: unrecognized command line option '-V'
gcc: fatal error: no input files
compilation terminated.
configure:3268: $? = 1
configure:3257: gcc -qversion >&5
gcc: error: unrecognized command line option '-qversion'; did you mean '--version'?
gcc: fatal error: no input files
compilation terminated.
configure:3268: $? = 1
configure:3288: checking whether the C compiler works
configure:3310: gcc    conftest.c  >&5
configure:3314: $? = 0
configure:3362: result: yes
configure:3365: checking for C compiler default output file name
configure:3367: result: a.out
configure:3373: checking for suffix of executables
configure:3380: gcc -o conftest    conftest.c  >&5
configure:3384: $? = 0
configure:3406: result: 
configure:3428: checking whether we are cross compiling
configure:3436: gcc -o conftest    conftest.c  >&5
configure:3440: $? = 0
configure:3447: ./conftest
configure:3451: $? = 0
configure:3466: result: no
configure:3471: checking for suffix of object files
configure:3493: gcc -c   conftest.c >&5
configure:3497: $? = 0
configure:3518: result: o
configure:3522: checking whether we are using the GNU C compiler
configure:3541: gcc -c   conftest.c >&5
configure:3541: $? = 0
configure:3550: result: yes
configure:3559: checking whether gcc accepts -g
configure:3579: gcc -c -g  conftest.c >&5
configure:3579: $? = 0
configure:3620: result: yes
configure:3637: checking for gcc option to accept ISO C89
configure:3701: gcc  -c -g -O2  conftest.c >&5
configure:3701: $? = 0
configure:3714: result: none needed
configure:3745: checking for style of include used by make
configure:3773: result: GNU
configure:3798: checking dependency style of gcc
configure:3908: result: none
configure:3928: checking how to run the C preprocessor
configure:3959: gcc -E  conftest.c
configure:3959: $? = 0
configure:3973: gcc -E  conftest.c
conftest.c:11:10: fatal error: ac_nonexistent.h: No such file or directory
 #include <ac_nonexistent.h>
          ^~~~~~~~~~~~~~~~~~
compilation terminated.
configure:3973: $? = 1
configure: failed program was:
| /* confdefs.h */
| #define PACKAGE_NAME "maloc"
| #define PACKAGE_TARNAME "maloc"
| #define PACKAGE_VERSION "1.0"
| #define PACKAGE_STRING "maloc 1.0"
| #define PACKAGE_BUGREPORT "mholst@math.ucsd.edu"
| #define PACKAGE_URL ""
| #define PACKAGE "maloc"
| #define VERSION "1.0"
| /* end confdefs.h.  */
| #include <ac_nonexistent.h>
configure:3998: result: gcc -E
configure:4018: gcc -E  conftest.c
configure:4018: $? = 0
configure:4032: gcc -E  conftest.c
conftest.c:11:10: fatal error: ac_nonexistent.h: No such file or directory
 #include <ac_nonexistent.h>
          ^~~~~~~~~~~~~~~~~~
compilation terminated.
configure:4032: $? = 1
configure: failed program was:
| /* confdefs.h */
| #define PACKAGE_NAME "maloc"
| #define PACKAGE_TARNAME "maloc"
| #define PACKAGE_VERSION "1.0"
| #define PACKAGE_STRING "maloc 1.0"
| #define PACKAGE_BUGREPORT "mholst@math.ucsd.edu"
| #define PACKAGE_URL ""
| #define PACKAGE "maloc"
| #define VERSION "1.0"
| /* end confdefs.h.  */
| #include <ac_nonexistent.h>
configure:4138: checking how to print strings
configure:4165: result: printf
configure:4186: checking for a sed that does not truncate output
configure:4250: result: /bin/sed
configure:4268: checking for grep that handles long lines and -e
configure:4326: result: /bin/grep
configure:4331: checking for egrep
configure:4393: result: /bin/grep -E
configure:4398: checking for fgrep
configure:4460: result: /bin/grep -F
configure:4495: checking for ld used by gcc
configure:4562: result: /usr/bin/ld
configure:4569: checking if the linker (/usr/bin/ld) is GNU ld
configure:4584: result: yes
configure:4596: checking for BSD- or MS-compatible name lister (nm)
configure:4645: result: /usr/bin/nm -B
configure:4775: checking the name lister (/usr/bin/nm -B) interface
configure:4782: gcc -c -g -O2  conftest.c >&5
configure:4785: /usr/bin/nm -B "conftest.o"
configure:4788: output
0000000000000000 B some_variable
configure:4795: result: BSD nm
configure:4798: checking whether ln -s works
configure:4802: result: yes
configure:4810: checking the maximum length of command line arguments
configure:4935: result: 1572864
configure:4952: checking whether the shell understands some XSI constructs
configure:4962: result: yes
configure:4966: checking whether the shell understands "+="
configure:4972: result: yes
configure:5007: checking how to convert x86_64-unknown-linux-gnu file names to x86_64-unknown-linux-gnu format
configure:5047: result: func_convert_file_noop
configure:5054: checking how to convert x86_64-unknown-linux-gnu file names to toolchain format
configure:5074: result: func_convert_file_noop
configure:5081: checking for /usr/bin/ld option to reload object files
configure:5088: result: -r
configure:5162: checking for objdump
configure:5178: found /usr/bin/objdump
configure:5189: result: objdump
configure:5221: checking how to recognize dependent libraries
configure:5423: result: pass_all
configure:5508: checking for dlltool
configure:5538: result: no
configure:5568: checking how to associate runtime and link libraries
configure:5595: result: printf %s\n
configure:5656: checking for ar
configure:5672: found /usr/bin/ar
configure:5683: result: ar
configure:5720: checking for archiver @FILE support
configure:5737: gcc -c -g -O2  conftest.c >&5
configure:5737: $? = 0
configure:5740: ar cru libconftest.a @conftest.lst >&5
ar: `u' modifier ignored since `D' is the default (see `U')
configure:5743: $? = 0
configure:5748: ar cru libconftest.a @conftest.lst >&5
ar: `u' modifier ignored since `D' is the default (see `U')
ar: conftest.o: No such file or directory
configure:5751: $? = 1
configure:5763: result: @
configure:5821: checking for strip
configure:5837: found /usr/bin/strip
configure:5848: result: strip
configure:5920: checking for ranlib
configure:5936: found /usr/bin/ranlib
configure:5947: result: ranlib
configure:6049: checking command to parse /usr/bin/nm -B output from gcc object
configure:6168: gcc -c -g -O2  conftest.c >&5
configure:6171: $? = 0
configure:6175: /usr/bin/nm -B conftest.o \| sed -n -e 's/^.*[ ]\([ABCDGIRSTW][ABCDGIRSTW]*\)[ ][ ]*\([_A-Za-z][_A-Za-z0-9]*\)$/\1 \2 \2/p' | sed '/ __gnu_lto/d' \> conftest.nm
configure:6178: $? = 0
configure:6244: gcc -o conftest -g -O2   conftest.c conftstm.o >&5
configure:6247: $? = 0
configure:6285: result: ok
configure:6322: checking for sysroot
configure:6352: result: no
configure:6429: gcc -c -g -O2  conftest.c >&5
configure:6432: $? = 0
configure:6595: checking for mt
configure:6611: found /bin/mt
configure:6622: result: mt
configure:6645: checking if mt is a manifest tool
configure:6651: mt '-?'
configure:6659: result: no
configure:7287: checking for ANSI C header files
configure:7307: gcc -c -g -O2  conftest.c >&5
configure:7307: $? = 0
configure:7380: gcc -o conftest -g -O2   conftest.c  >&5
configure:7380: $? = 0
configure:7380: ./conftest
configure:7380: $? = 0
configure:7391: result: yes
configure:7404: checking for sys/types.h
configure:7404: gcc -c -g -O2  conftest.c >&5
configure:7404: $? = 0
configure:7404: result: yes
configure:7404: checking for sys/stat.h
configure:7404: gcc -c -g -O2  conftest.c >&5
configure:7404: $? = 0
configure:7404: result: yes
configure:7404: checking for stdlib.h
configure:7404: gcc -c -g -O2  conftest.c >&5
configure:7404: $? = 0
configure:7404: result: yes
configure:7404: checking for string.h
configure:7404: gcc -c -g -O2  conftest.c >&5
configure:7404: $? = 0
configure:7404: result: yes
configure:7404: checking for memory.h
configure:7404: gcc -c -g -O2  conftest.c >&5
configure:7404: $? = 0
configure:7404: result: yes
configure:7404: checking for strings.h
configure:7404: gcc -c -g -O2  conftest.c >&5
configure:7404: $? = 0
configure:7404: result: yes
configure:7404: checking for inttypes.h
configure:7404: gcc -c -g -O2  conftest.c >&5
configure:7404: $? = 0
configure:7404: result: yes
configure:7404: checking for stdint.h
configure:7404: gcc -c -g -O2  conftest.c >&5
configure:7404: $? = 0
configure:7404: result: yes
configure:7404: checking for unistd.h
configure:7404: gcc -c -g -O2  conftest.c >&5
configure:7404: $? = 0
configure:7404: result: yes
configure:7418: checking for dlfcn.h
configure:7418: gcc -c -g -O2  conftest.c >&5
configure:7418: $? = 0
configure:7418: result: yes
configure:7575: checking for objdir
configure:7590: result: .libs
configure:7857: checking if gcc supports -fno-rtti -fno-exceptions
configure:7875: gcc -c -g -O2  -fno-rtti -fno-exceptions conftest.c >&5
cc1: warning: command line option '-fno-rtti' is valid for C++/ObjC++ but not for C
configure:7879: $? = 0
configure:7892: result: no
configure:8202: checking for gcc option to produce PIC
configure:8209: result: -fPIC -DPIC
configure:8217: checking if gcc PIC flag -fPIC -DPIC works
configure:8235: gcc -c -g -O2  -fPIC -DPIC -DPIC conftest.c >&5
configure:8239: $? = 0
configure:8252: result: yes
configure:8281: checking if gcc static flag -static works
configure:8309: result: yes
configure:8324: checking if gcc supports -c -o file.o
configure:8345: gcc -c -g -O2  -o out/conftest2.o conftest.c >&5
configure:8349: $? = 0
configure:8371: result: yes
configure:8379: checking if gcc supports -c -o file.o
configure:8426: result: yes
configure:8459: checking whether the gcc linker (/usr/bin/ld -m elf_x86_64) supports shared libraries
configure:9617: result: yes
configure:9654: checking whether -lc should be explicitly linked in
configure:9662: gcc -c -g -O2  conftest.c >&5
configure:9665: $? = 0
configure:9680: gcc -shared  -fPIC -DPIC conftest.o  -v -Wl,-soname -Wl,conftest -o conftest 2\>\&1 \| /bin/grep  -lc  \>/dev/null 2\>\&1
configure:9683: $? = 0
configure:9697: result: no
configure:9862: checking dynamic linker characteristics
configure:10376: gcc -o conftest -g -O2   -Wl,-rpath -Wl,/foo conftest.c  >&5
configure:10376: $? = 0
configure:10598: result: GNU/Linux ld.so
configure:10705: checking how to hardcode library paths into programs
configure:10730: result: immediate
configure:11270: checking whether stripping libraries is possible
configure:11275: result: yes
configure:11310: checking if libtool supports shared libraries
configure:11312: result: yes
configure:11315: checking whether to build shared libraries
configure:11336: result: yes
configure:11339: checking whether to build static libraries
configure:11343: result: no
configure:11380: checking for pow in -lm
configure:11405: gcc -o conftest -g -O2   conftest.c -lm   >&5
conftest.c:30:6: warning: conflicting types for built-in function 'pow' [-Wbuiltin-declaration-mismatch]
 char pow ();
      ^~~
configure:11405: $? = 0
configure:11414: result: yes
configure:11424: checking for strerrno in -liberty
configure:11449: gcc -o conftest -g -O2   conftest.c -liberty   >&5
/usr/bin/ld: cannot find -liberty
collect2: error: ld returned 1 exit status
configure:11449: $? = 1
configure: failed program was:
| /* confdefs.h */
| #define PACKAGE_NAME "maloc"
| #define PACKAGE_TARNAME "maloc"
| #define PACKAGE_VERSION "1.0"
| #define PACKAGE_STRING "maloc 1.0"
| #define PACKAGE_BUGREPORT "mholst@math.ucsd.edu"
| #define PACKAGE_URL ""
| #define PACKAGE "maloc"
| #define VERSION "1.0"
| #define STDC_HEADERS 1
| #define HAVE_SYS_TYPES_H 1
| #define HAVE_SYS_STAT_H 1
| #define HAVE_STDLIB_H 1
| #define HAVE_STRING_H 1
| #define HAVE_MEMORY_H 1
| #define HAVE_STRINGS_H 1
| #define HAVE_INTTYPES_H 1
| #define HAVE_STDINT_H 1
| #define HAVE_UNISTD_H 1
| #define HAVE_DLFCN_H 1
| #define LT_OBJDIR ".libs/"
| /* end confdefs.h.  */
| 
| /* Override any GCC internal prototype to avoid an error.
|    Use char because int might match the return type of a GCC
|    builtin and then its argument prototype would still apply.  */
| #ifdef __cplusplus
| extern "C"
| #endif
| char strerrno ();
| int
| main ()
| {
| return strerrno ();
|   ;
|   return 0;
| }
configure:11458: result: no
configure:11469: checking for gethostbyname
configure:11469: gcc -o conftest -g -O2   conftest.c  >&5
configure:11469: $? = 0
configure:11469: result: yes
configure:11523: checking for connect
configure:11523: gcc -o conftest -g -O2   conftest.c  >&5
configure:11523: $? = 0
configure:11523: result: yes
configure:11577: checking for thr_create
configure:11577: gcc -o conftest -g -O2   conftest.c  >&5
/tmp/ccm4beLB.o: In function `main':
/home/vicenteramm/Software/fetk/maloc/conftest.c:57: undefined reference to `thr_create'
collect2: error: ld returned 1 exit status
configure:11577: $? = 1
configure: failed program was:
| /* confdefs.h */
| #define PACKAGE_NAME "maloc"
| #define PACKAGE_TARNAME "maloc"
| #define PACKAGE_VERSION "1.0"
| #define PACKAGE_STRING "maloc 1.0"
| #define PACKAGE_BUGREPORT "mholst@math.ucsd.edu"
| #define PACKAGE_URL ""
| #define PACKAGE "maloc"
| #define VERSION "1.0"
| #define STDC_HEADERS 1
| #define HAVE_SYS_TYPES_H 1
| #define HAVE_SYS_STAT_H 1
| #define HAVE_STDLIB_H 1
| #define HAVE_STRING_H 1
| #define HAVE_MEMORY_H 1
| #define HAVE_STRINGS_H 1
| #define HAVE_INTTYPES_H 1
| #define HAVE_STDINT_H 1
| #define HAVE_UNISTD_H 1
| #define HAVE_DLFCN_H 1
| #define LT_OBJDIR ".libs/"
| /* end confdefs.h.  */
| /* Define thr_create to an innocuous variant, in case <limits.h> declares thr_create.
|    For example, HP-UX 11i <limits.h> declares gettimeofday.  */
| #define thr_create innocuous_thr_create
| 
| /* System header to define __stub macros and hopefully few prototypes,
|     which can conflict with char thr_create (); below.
|     Prefer <limits.h> to <assert.h> if __STDC__ is defined, since
|     <limits.h> exists even on freestanding compilers.  */
| 
| #ifdef __STDC__
| # include <limits.h>
| #else
| # include <assert.h>
| #endif
| 
| #undef thr_create
| 
| /* Override any GCC internal prototype to avoid an error.
|    Use char because int might match the return type of a GCC
|    builtin and then its argument prototype would still apply.  */
| #ifdef __cplusplus
| extern "C"
| #endif
| char thr_create ();
| /* The GNU C library defines this for functions which it implements
|     to always fail with ENOSYS.  Some functions are actually named
|     something starting with __ and the normal name is an alias.  */
| #if defined __stub_thr_create || defined __stub___thr_create
| choke me
| #endif
| 
| int
| main ()
| {
| return thr_create ();
|   ;
|   return 0;
| }
configure:11577: result: no
configure:11585: checking for thr_create in -lthread
configure:11610: gcc -o conftest -g -O2   conftest.c -lthread   >&5
/usr/bin/ld: cannot find -lthread
collect2: error: ld returned 1 exit status
configure:11610: $? = 1
configure: failed program was:
| /* confdefs.h */
| #define PACKAGE_NAME "maloc"
| #define PACKAGE_TARNAME "maloc"
| #define PACKAGE_VERSION "1.0"
| #define PACKAGE_STRING "maloc 1.0"
| #define PACKAGE_BUGREPORT "mholst@math.ucsd.edu"
| #define PACKAGE_URL ""
| #define PACKAGE "maloc"
| #define VERSION "1.0"
| #define STDC_HEADERS 1
| #define HAVE_SYS_TYPES_H 1
| #define HAVE_SYS_STAT_H 1
| #define HAVE_STDLIB_H 1
| #define HAVE_STRING_H 1
| #define HAVE_MEMORY_H 1
| #define HAVE_STRINGS_H 1
| #define HAVE_INTTYPES_H 1
| #define HAVE_STDINT_H 1
| #define HAVE_UNISTD_H 1
| #define HAVE_DLFCN_H 1
| #define LT_OBJDIR ".libs/"
| /* end confdefs.h.  */
| 
| /* Override any GCC internal prototype to avoid an error.
|    Use char because int might match the return type of a GCC
|    builtin and then its argument prototype would still apply.  */
| #ifdef __cplusplus
| extern "C"
| #endif
| char thr_create ();
| int
| main ()
| {
| return thr_create ();
|   ;
|   return 0;
| }
configure:11619: result: no
configure:11631: checking for ANSI C header files
configure:11735: result: yes
configure:11744: checking for sys/wait.h that is POSIX.1 compatible
configure:11770: gcc -c -g -O2  conftest.c >&5
configure:11770: $? = 0
configure:11777: result: yes
configure:11801: checking for unistd.h
configure:11801: result: yes
configure:11801: checking for sys/types.h
configure:11801: result: yes
configure:11801: checking sys/time.h usability
configure:11801: gcc -c -g -O2  conftest.c >&5
configure:11801: $? = 0
configure:11801: result: yes
configure:11801: checking sys/time.h presence
configure:11801: gcc -E  conftest.c
configure:11801: $? = 0
configure:11801: result: yes
configure:11801: checking for sys/time.h
configure:11801: result: yes
configure:11801: checking sys/times.h usability
configure:11801: gcc -c -g -O2  conftest.c >&5
configure:11801: $? = 0
configure:11801: result: yes
configure:11801: checking sys/times.h presence
configure:11801: gcc -E  conftest.c
configure:11801: $? = 0
configure:11801: result: yes
configure:11801: checking for sys/times.h
configure:11801: result: yes
configure:11801: checking for sys/stat.h
configure:11801: result: yes
configure:11801: checking fcntl.h usability
configure:11801: gcc -c -g -O2  conftest.c >&5
configure:11801: $? = 0
configure:11801: result: yes
configure:11801: checking fcntl.h presence
configure:11801: gcc -E  conftest.c
configure:11801: $? = 0
configure:11801: result: yes
configure:11801: checking for fcntl.h
configure:11801: result: yes
configure:11801: checking sys/socket.h usability
configure:11801: gcc -c -g -O2  conftest.c >&5
configure:11801: $? = 0
configure:11801: result: yes
configure:11801: checking sys/socket.h presence
configure:11801: gcc -E  conftest.c
configure:11801: $? = 0
configure:11801: result: yes
configure:11801: checking for sys/socket.h
configure:11801: result: yes
configure:11801: checking sys/un.h usability
configure:11801: gcc -c -g -O2  conftest.c >&5
configure:11801: $? = 0
configure:11801: result: yes
configure:11801: checking sys/un.h presence
configure:11801: gcc -E  conftest.c
configure:11801: $? = 0
configure:11801: result: yes
configure:11801: checking for sys/un.h
configure:11801: result: yes
configure:11801: checking netinet/in.h usability
configure:11801: gcc -c -g -O2  conftest.c >&5
configure:11801: $? = 0
configure:11801: result: yes
configure:11801: checking netinet/in.h presence
configure:11801: gcc -E  conftest.c
configure:11801: $? = 0
configure:11801: result: yes
configure:11801: checking for netinet/in.h
configure:11801: result: yes
configure:11801: checking arpa/inet.h usability
configure:11801: gcc -c -g -O2  conftest.c >&5
configure:11801: $? = 0
configure:11801: result: yes
configure:11801: checking arpa/inet.h presence
configure:11801: gcc -E  conftest.c
configure:11801: $? = 0
configure:11801: result: yes
configure:11801: checking for arpa/inet.h
configure:11801: result: yes
configure:11801: checking netdb.h usability
configure:11801: gcc -c -g -O2  conftest.c >&5
configure:11801: $? = 0
configure:11801: result: yes
configure:11801: checking netdb.h presence
configure:11801: gcc -E  conftest.c
configure:11801: $? = 0
configure:11801: result: yes
configure:11801: checking for netdb.h
configure:11801: result: yes
configure:11801: checking rpc/rpc.h usability
configure:11801: gcc -c -g -O2  conftest.c >&5
configure:11801: $? = 0
configure:11801: result: yes
configure:11801: checking rpc/rpc.h presence
configure:11801: gcc -E  conftest.c
configure:11801: $? = 0
configure:11801: result: yes
configure:11801: checking for rpc/rpc.h
configure:11801: result: yes
configure:11813: checking for mode_t
configure:11813: gcc -c -g -O2  conftest.c >&5
configure:11813: $? = 0
configure:11813: gcc -c -g -O2  conftest.c >&5
conftest.c: In function 'main':
conftest.c:73:21: error: expected expression before ')' token
 if (sizeof ((mode_t)))
                     ^
configure:11813: $? = 1
configure: failed program was:
| /* confdefs.h */
| #define PACKAGE_NAME "maloc"
| #define PACKAGE_TARNAME "maloc"
| #define PACKAGE_VERSION "1.0"
| #define PACKAGE_STRING "maloc 1.0"
| #define PACKAGE_BUGREPORT "mholst@math.ucsd.edu"
| #define PACKAGE_URL ""
| #define PACKAGE "maloc"
| #define VERSION "1.0"
| #define STDC_HEADERS 1
| #define HAVE_SYS_TYPES_H 1
| #define HAVE_SYS_STAT_H 1
| #define HAVE_STDLIB_H 1
| #define HAVE_STRING_H 1
| #define HAVE_MEMORY_H 1
| #define HAVE_STRINGS_H 1
| #define HAVE_INTTYPES_H 1
| #define HAVE_STDINT_H 1
| #define HAVE_UNISTD_H 1
| #define HAVE_DLFCN_H 1
| #define LT_OBJDIR ".libs/"
| #define STDC_HEADERS 1
| #define HAVE_SYS_WAIT_H 1
| #define HAVE_UNISTD_H 1
| #define HAVE_SYS_TYPES_H 1
| #define HAVE_SYS_TIME_H 1
| #define HAVE_SYS_TIMES_H 1
| #define HAVE_SYS_STAT_H 1
| #define HAVE_FCNTL_H 1
| #define HAVE_SYS_SOCKET_H 1
| #define HAVE_SYS_UN_H 1
| #define HAVE_NETINET_IN_H 1
| #define HAVE_ARPA_INET_H 1
| #define HAVE_NETDB_H 1
| #define HAVE_RPC_RPC_H 1
| /* end confdefs.h.  */
| #include <stdio.h>
| #ifdef HAVE_SYS_TYPES_H
| # include <sys/types.h>
| #endif
| #ifdef HAVE_SYS_STAT_H
| # include <sys/stat.h>
| #endif
| #ifdef STDC_HEADERS
| # include <stdlib.h>
| # include <stddef.h>
| #else
| # ifdef HAVE_STDLIB_H
| #  include <stdlib.h>
| # endif
| #endif
| #ifdef HAVE_STRING_H
| # if !defined STDC_HEADERS && defined HAVE_MEMORY_H
| #  include <memory.h>
| # endif
| # include <string.h>
| #endif
| #ifdef HAVE_STRINGS_H
| # include <strings.h>
| #endif
| #ifdef HAVE_INTTYPES_H
| # include <inttypes.h>
| #endif
| #ifdef HAVE_STDINT_H
| # include <stdint.h>
| #endif
| #ifdef HAVE_UNISTD_H
| # include <unistd.h>
| #endif
| int
| main ()
| {
| if (sizeof ((mode_t)))
| 	    return 0;
|   ;
|   return 0;
| }
configure:11813: result: yes
configure:11824: checking for pid_t
configure:11824: gcc -c -g -O2  conftest.c >&5
configure:11824: $? = 0
configure:11824: gcc -c -g -O2  conftest.c >&5
conftest.c: In function 'main':
conftest.c:73:20: error: expected expression before ')' token
 if (sizeof ((pid_t)))
                    ^
configure:11824: $? = 1
configure: failed program was:
| /* confdefs.h */
| #define PACKAGE_NAME "maloc"
| #define PACKAGE_TARNAME "maloc"
| #define PACKAGE_VERSION "1.0"
| #define PACKAGE_STRING "maloc 1.0"
| #define PACKAGE_BUGREPORT "mholst@math.ucsd.edu"
| #define PACKAGE_URL ""
| #define PACKAGE "maloc"
| #define VERSION "1.0"
| #define STDC_HEADERS 1
| #define HAVE_SYS_TYPES_H 1
| #define HAVE_SYS_STAT_H 1
| #define HAVE_STDLIB_H 1
| #define HAVE_STRING_H 1
| #define HAVE_MEMORY_H 1
| #define HAVE_STRINGS_H 1
| #define HAVE_INTTYPES_H 1
| #define HAVE_STDINT_H 1
| #define HAVE_UNISTD_H 1
| #define HAVE_DLFCN_H 1
| #define LT_OBJDIR ".libs/"
| #define STDC_HEADERS 1
| #define HAVE_SYS_WAIT_H 1
| #define HAVE_UNISTD_H 1
| #define HAVE_SYS_TYPES_H 1
| #define HAVE_SYS_TIME_H 1
| #define HAVE_SYS_TIMES_H 1
| #define HAVE_SYS_STAT_H 1
| #define HAVE_FCNTL_H 1
| #define HAVE_SYS_SOCKET_H 1
| #define HAVE_SYS_UN_H 1
| #define HAVE_NETINET_IN_H 1
| #define HAVE_ARPA_INET_H 1
| #define HAVE_NETDB_H 1
| #define HAVE_RPC_RPC_H 1
| /* end confdefs.h.  */
| #include <stdio.h>
| #ifdef HAVE_SYS_TYPES_H
| # include <sys/types.h>
| #endif
| #ifdef HAVE_SYS_STAT_H
| # include <sys/stat.h>
| #endif
| #ifdef STDC_HEADERS
| # include <stdlib.h>
| # include <stddef.h>
| #else
| # ifdef HAVE_STDLIB_H
| #  include <stdlib.h>
| # endif
| #endif
| #ifdef HAVE_STRING_H
| # if !defined STDC_HEADERS && defined HAVE_MEMORY_H
| #  include <memory.h>
| # endif
| # include <string.h>
| #endif
| #ifdef HAVE_STRINGS_H
| # include <strings.h>
| #endif
| #ifdef HAVE_INTTYPES_H
| # include <inttypes.h>
| #endif
| #ifdef HAVE_STDINT_H
| # include <stdint.h>
| #endif
| #ifdef HAVE_UNISTD_H
| # include <unistd.h>
| #endif
| int
| main ()
| {
| if (sizeof ((pid_t)))
| 	    return 0;
|   ;
|   return 0;
| }
configure:11824: result: yes
configure:11835: checking for size_t
configure:11835: gcc -c -g -O2  conftest.c >&5
configure:11835: $? = 0
configure:11835: gcc -c -g -O2  conftest.c >&5
conftest.c: In function 'main':
conftest.c:73:21: error: expected expression before ')' token
 if (sizeof ((size_t)))
                     ^
configure:11835: $? = 1
configure: failed program was:
| /* confdefs.h */
| #define PACKAGE_NAME "maloc"
| #define PACKAGE_TARNAME "maloc"
| #define PACKAGE_VERSION "1.0"
| #define PACKAGE_STRING "maloc 1.0"
| #define PACKAGE_BUGREPORT "mholst@math.ucsd.edu"
| #define PACKAGE_URL ""
| #define PACKAGE "maloc"
| #define VERSION "1.0"
| #define STDC_HEADERS 1
| #define HAVE_SYS_TYPES_H 1
| #define HAVE_SYS_STAT_H 1
| #define HAVE_STDLIB_H 1
| #define HAVE_STRING_H 1
| #define HAVE_MEMORY_H 1
| #define HAVE_STRINGS_H 1
| #define HAVE_INTTYPES_H 1
| #define HAVE_STDINT_H 1
| #define HAVE_UNISTD_H 1
| #define HAVE_DLFCN_H 1
| #define LT_OBJDIR ".libs/"
| #define STDC_HEADERS 1
| #define HAVE_SYS_WAIT_H 1
| #define HAVE_UNISTD_H 1
| #define HAVE_SYS_TYPES_H 1
| #define HAVE_SYS_TIME_H 1
| #define HAVE_SYS_TIMES_H 1
| #define HAVE_SYS_STAT_H 1
| #define HAVE_FCNTL_H 1
| #define HAVE_SYS_SOCKET_H 1
| #define HAVE_SYS_UN_H 1
| #define HAVE_NETINET_IN_H 1
| #define HAVE_ARPA_INET_H 1
| #define HAVE_NETDB_H 1
| #define HAVE_RPC_RPC_H 1
| /* end confdefs.h.  */
| #include <stdio.h>
| #ifdef HAVE_SYS_TYPES_H
| # include <sys/types.h>
| #endif
| #ifdef HAVE_SYS_STAT_H
| # include <sys/stat.h>
| #endif
| #ifdef STDC_HEADERS
| # include <stdlib.h>
| # include <stddef.h>
| #else
| # ifdef HAVE_STDLIB_H
| #  include <stdlib.h>
| # endif
| #endif
| #ifdef HAVE_STRING_H
| # if !defined STDC_HEADERS && defined HAVE_MEMORY_H
| #  include <memory.h>
| # endif
| # include <string.h>
| #endif
| #ifdef HAVE_STRINGS_H
| # include <strings.h>
| #endif
| #ifdef HAVE_INTTYPES_H
| # include <inttypes.h>
| #endif
| #ifdef HAVE_STDINT_H
| # include <stdint.h>
| #endif
| #ifdef HAVE_UNISTD_H
| # include <unistd.h>
| #endif
| int
| main ()
| {
| if (sizeof ((size_t)))
| 	    return 0;
|   ;
|   return 0;
| }
configure:11835: result: yes
configure:11850: checking whether stat file-mode macros are broken
configure:11877: gcc -c -g -O2  conftest.c >&5
configure:11877: $? = 0
configure:11884: result: no
configure:11893: checking for xdrmem_create in <rpc/rpc.h>
configure:11909: result: yes
configure:11912: checking for getcwd in <unistd.h>
configure:11928: result: yes
configure:11931: checking for O_NONBLOCK in <fcntl.h>
configure:11944: gcc -c -g -O2  conftest.c >&5
configure:11944: $? = 0
configure:11951: result: yes
configure:11954: checking whether accept() in <sys/socket.h> wants ulong, uint, or int
configure:11956: result: unclear
configure:11962: checking whether you want to disable the CPU-VENDOR-OS install triplet
configure:11977: result: no
configure:11991: checking whether your environment defines FETK_RL_INCLUDE
configure:11998: result: no
configure:12003: checking whether your environment defines FETK_RL_LIBRARY
configure:12010: result: no
configure:12019: checking readline/readline.h usability
configure:12019: gcc -c -g -O2  conftest.c >&5
conftest.c:73:10: fatal error: readline/readline.h: No such file or directory
 #include <readline/readline.h>
          ^~~~~~~~~~~~~~~~~~~~~
compilation terminated.
configure:12019: $? = 1
configure: failed program was:
| /* confdefs.h */
| #define PACKAGE_NAME "maloc"
| #define PACKAGE_TARNAME "maloc"
| #define PACKAGE_VERSION "1.0"
| #define PACKAGE_STRING "maloc 1.0"
| #define PACKAGE_BUGREPORT "mholst@math.ucsd.edu"
| #define PACKAGE_URL ""
| #define PACKAGE "maloc"
| #define VERSION "1.0"
| #define STDC_HEADERS 1
| #define HAVE_SYS_TYPES_H 1
| #define HAVE_SYS_STAT_H 1
| #define HAVE_STDLIB_H 1
| #define HAVE_STRING_H 1
| #define HAVE_MEMORY_H 1
| #define HAVE_STRINGS_H 1
| #define HAVE_INTTYPES_H 1
| #define HAVE_STDINT_H 1
| #define HAVE_UNISTD_H 1
| #define HAVE_DLFCN_H 1
| #define LT_OBJDIR ".libs/"
| #define STDC_HEADERS 1
| #define HAVE_SYS_WAIT_H 1
| #define HAVE_UNISTD_H 1
| #define HAVE_SYS_TYPES_H 1
| #define HAVE_SYS_TIME_H 1
| #define HAVE_SYS_TIMES_H 1
| #define HAVE_SYS_STAT_H 1
| #define HAVE_FCNTL_H 1
| #define HAVE_SYS_SOCKET_H 1
| #define HAVE_SYS_UN_H 1
| #define HAVE_NETINET_IN_H 1
| #define HAVE_ARPA_INET_H 1
| #define HAVE_NETDB_H 1
| #define HAVE_RPC_RPC_H 1
| #define HAVE_XDR 1
| #define HAVE_GETCWD 1
| #define HAVE_O_NONBLOCK 1
| /* end confdefs.h.  */
| #include <stdio.h>
| #ifdef HAVE_SYS_TYPES_H
| # include <sys/types.h>
| #endif
| #ifdef HAVE_SYS_STAT_H
| # include <sys/stat.h>
| #endif
| #ifdef STDC_HEADERS
| # include <stdlib.h>
| # include <stddef.h>
| #else
| # ifdef HAVE_STDLIB_H
| #  include <stdlib.h>
| # endif
| #endif
| #ifdef HAVE_STRING_H
| # if !defined STDC_HEADERS && defined HAVE_MEMORY_H
| #  include <memory.h>
| # endif
| # include <string.h>
| #endif
| #ifdef HAVE_STRINGS_H
| # include <strings.h>
| #endif
| #ifdef HAVE_INTTYPES_H
| # include <inttypes.h>
| #endif
| #ifdef HAVE_STDINT_H
| # include <stdint.h>
| #endif
| #ifdef HAVE_UNISTD_H
| # include <unistd.h>
| #endif
| #include <readline/readline.h>
configure:12019: result: no
configure:12019: checking readline/readline.h presence
configure:12019: gcc -E  conftest.c
conftest.c:40:10: fatal error: readline/readline.h: No such file or directory
 #include <readline/readline.h>
          ^~~~~~~~~~~~~~~~~~~~~
compilation terminated.
configure:12019: $? = 1
configure: failed program was:
| /* confdefs.h */
| #define PACKAGE_NAME "maloc"
| #define PACKAGE_TARNAME "maloc"
| #define PACKAGE_VERSION "1.0"
| #define PACKAGE_STRING "maloc 1.0"
| #define PACKAGE_BUGREPORT "mholst@math.ucsd.edu"
| #define PACKAGE_URL ""
| #define PACKAGE "maloc"
| #define VERSION "1.0"
| #define STDC_HEADERS 1
| #define HAVE_SYS_TYPES_H 1
| #define HAVE_SYS_STAT_H 1
| #define HAVE_STDLIB_H 1
| #define HAVE_STRING_H 1
| #define HAVE_MEMORY_H 1
| #define HAVE_STRINGS_H 1
| #define HAVE_INTTYPES_H 1
| #define HAVE_STDINT_H 1
| #define HAVE_UNISTD_H 1
| #define HAVE_DLFCN_H 1
| #define LT_OBJDIR ".libs/"
| #define STDC_HEADERS 1
| #define HAVE_SYS_WAIT_H 1
| #define HAVE_UNISTD_H 1
| #define HAVE_SYS_TYPES_H 1
| #define HAVE_SYS_TIME_H 1
| #define HAVE_SYS_TIMES_H 1
| #define HAVE_SYS_STAT_H 1
| #define HAVE_FCNTL_H 1
| #define HAVE_SYS_SOCKET_H 1
| #define HAVE_SYS_UN_H 1
| #define HAVE_NETINET_IN_H 1
| #define HAVE_ARPA_INET_H 1
| #define HAVE_NETDB_H 1
| #define HAVE_RPC_RPC_H 1
| #define HAVE_XDR 1
| #define HAVE_GETCWD 1
| #define HAVE_O_NONBLOCK 1
| /* end confdefs.h.  */
| #include <readline/readline.h>
configure:12019: result: no
configure:12019: checking for readline/readline.h
configure:12019: result: no
configure:12180: checking whether you want MPI
configure:12193: result: no
configure:12324: checking whether EMBED macro can be used without compilation errors
configure:12340: gcc -c -g -O2  conftest.c >&5
configure:12340: $? = 0
configure:12347: result: yes
configure:12350: result: ----------- begin processing MALOC configure options ---------
configure:12353: checking whether you want debug compilation
configure:12364: result: no
configure:12373: checking whether you want pedantic ANSI compilation
configure:12384: result: no
configure:12403: checking whether you want profiling
configure:12414: result: no
configure:12427: checking whether you want to build ElectricFence
configure:12442: result: no
configure:12456: result: ------------ end processing MALOC configure options ----------
configure:12504: checking for doxygen
configure:12537: result: no
configure:12543: WARNING: Unable to find doxygen!
configure:12562: checking for dot
configure:12595: result: no
configure:12601: WARNING: Unable to find dot!
configure:12776: creating ./config.status

## ---------------------- ##
## Running config.status. ##
## ---------------------- ##

This file was extended by maloc config.status 1.0, which was
generated by GNU Autoconf 2.68.  Invocation command line was

  CONFIG_FILES    = 
  CONFIG_HEADERS  = 
  CONFIG_LINKS    = 
  CONFIG_COMMANDS = 
  $ ./config.status 

on tulio

config.status:1148: creating Makefile
config.status:1148: creating src/Makefile
config.status:1148: creating src/base/Makefile
config.status:1148: creating src/efence/Makefile
config.status:1148: creating src/vsys/Makefile
config.status:1148: creating src/vsh/Makefile
config.status:1148: creating src/psh/Makefile
config.status:1148: creating src/aaa_inc/Makefile
config.status:1148: creating src/aaa_inc/maloc/Makefile
config.status:1148: creating src/aaa_lib/Makefile
config.status:1148: creating doc/Makefile
config.status:1148: creating doc/doxygen/Makefile
config.status:1148: creating src/aaa_inc/maloccf.h
config.status:1329: src/aaa_inc/maloccf.h is unchanged
config.status:1377: executing depfiles commands
config.status:1377: executing libtool commands

## ---------------- ##
## Cache variables. ##
## ---------------- ##

ac_cv_build=x86_64-unknown-linux-gnu
ac_cv_c_compiler_gnu=yes
ac_cv_env_CC_set=
ac_cv_env_CC_value=
ac_cv_env_CFLAGS_set=
ac_cv_env_CFLAGS_value=
ac_cv_env_CPPFLAGS_set=
ac_cv_env_CPPFLAGS_value=
ac_cv_env_CPP_set=
ac_cv_env_CPP_value=
ac_cv_env_LDFLAGS_set=
ac_cv_env_LDFLAGS_value=
ac_cv_env_LIBS_set=
ac_cv_env_LIBS_value=
ac_cv_env_build_alias_set=
ac_cv_env_build_alias_value=
ac_cv_env_host_alias_set=
ac_cv_env_host_alias_value=
ac_cv_env_target_alias_set=
ac_cv_env_target_alias_value=
ac_cv_func_connect=yes
ac_cv_func_gethostbyname=yes
ac_cv_func_thr_create=no
ac_cv_header_arpa_inet_h=yes
ac_cv_header_dlfcn_h=yes
ac_cv_header_fcntl_h=yes
ac_cv_header_inttypes_h=yes
ac_cv_header_memory_h=yes
ac_cv_header_netdb_h=yes
ac_cv_header_netinet_in_h=yes
ac_cv_header_readline_readline_h=no
ac_cv_header_rpc_rpc_h=yes
ac_cv_header_stat_broken=no
ac_cv_header_stdc=yes
ac_cv_header_stdint_h=yes
ac_cv_header_stdlib_h=yes
ac_cv_header_string_h=yes
ac_cv_header_strings_h=yes
ac_cv_header_sys_socket_h=yes
ac_cv_header_sys_stat_h=yes
ac_cv_header_sys_time_h=yes
ac_cv_header_sys_times_h=yes
ac_cv_header_sys_types_h=yes
ac_cv_header_sys_un_h=yes
ac_cv_header_sys_wait_h=yes
ac_cv_header_unistd_h=yes
ac_cv_host=x86_64-unknown-linux-gnu
ac_cv_lib_iberty_strerrno=no
ac_cv_lib_m_pow=yes
ac_cv_lib_thread_thr_create=no
ac_cv_objext=o
ac_cv_path_EGREP='/bin/grep -E'
ac_cv_path_FGREP='/bin/grep -F'
ac_cv_path_GREP=/bin/grep
ac_cv_path_SED=/bin/sed
ac_cv_path_install='/usr/bin/install -c'
ac_cv_path_mkdir=/bin/mkdir
ac_cv_prog_AWK=mawk
ac_cv_prog_CPP='gcc -E'
ac_cv_prog_ac_ct_AR=ar
ac_cv_prog_ac_ct_CC=gcc
ac_cv_prog_ac_ct_MANIFEST_TOOL=mt
ac_cv_prog_ac_ct_OBJDUMP=objdump
ac_cv_prog_ac_ct_RANLIB=ranlib
ac_cv_prog_ac_ct_STRIP=strip
ac_cv_prog_cc_c89=
ac_cv_prog_cc_g=yes
ac_cv_prog_make_make_set=yes
ac_cv_target=x86_64-unknown-linux-gnu
ac_cv_type_mode_t=yes
ac_cv_type_pid_t=yes
ac_cv_type_size_t=yes
am_cv_CC_dependencies_compiler_type=none
lt_cv_ar_at_file=@
lt_cv_archive_cmds_need_lc=no
lt_cv_deplibs_check_method=pass_all
lt_cv_file_magic_cmd='$MAGIC_CMD'
lt_cv_file_magic_test_file=
lt_cv_ld_reload_flag=-r
lt_cv_nm_interface='BSD nm'
lt_cv_objdir=.libs
lt_cv_path_LD=/usr/bin/ld
lt_cv_path_NM='/usr/bin/nm -B'
lt_cv_path_mainfest_tool=no
lt_cv_prog_compiler_c_o=yes
lt_cv_prog_compiler_pic='-fPIC -DPIC'
lt_cv_prog_compiler_pic_works=yes
lt_cv_prog_compiler_rtti_exceptions=no
lt_cv_prog_compiler_static_works=yes
lt_cv_prog_gnu_ld=yes
lt_cv_sharedlib_from_linklib_cmd='printf %s\n'
lt_cv_shlibpath_overrides_runpath=yes
lt_cv_sys_global_symbol_pipe='sed -n -e '\''s/^.*[	 ]\([ABCDGIRSTW][ABCDGIRSTW]*\)[	 ][	 ]*\([_A-Za-z][_A-Za-z0-9]*\)$/\1 \2 \2/p'\'' | sed '\''/ __gnu_lto/d'\'''
lt_cv_sys_global_symbol_to_c_name_address='sed -n -e '\''s/^: \([^ ]*\)[ ]*$/  {\"\1\", (void *) 0},/p'\'' -e '\''s/^[ABCDGIRSTW]* \([^ ]*\) \([^ ]*\)$/  {"\2", (void *) \&\2},/p'\'''
lt_cv_sys_global_symbol_to_c_name_address_lib_prefix='sed -n -e '\''s/^: \([^ ]*\)[ ]*$/  {\"\1\", (void *) 0},/p'\'' -e '\''s/^[ABCDGIRSTW]* \([^ ]*\) \(lib[^ ]*\)$/  {"\2", (void *) \&\2},/p'\'' -e '\''s/^[ABCDGIRSTW]* \([^ ]*\) \([^ ]*\)$/  {"lib\2", (void *) \&\2},/p'\'''
lt_cv_sys_global_symbol_to_cdecl='sed -n -e '\''s/^T .* \(.*\)$/extern int \1();/p'\'' -e '\''s/^[ABCDGIRSTW]* .* \(.*\)$/extern char \1;/p'\'''
lt_cv_sys_max_cmd_len=1572864
lt_cv_to_host_file_cmd=func_convert_file_noop
lt_cv_to_tool_file_cmd=func_convert_file_noop

## ----------------- ##
## Output variables. ##
## ----------------- ##

ACLOCAL='${SHELL} /home/vicenteramm/Software/fetk/maloc/config/missing --run aclocal-1.11'
AMDEPBACKSLASH='\'
AMDEP_FALSE='#'
AMDEP_TRUE=''
AMTAR='${SHELL} /home/vicenteramm/Software/fetk/maloc/config/missing --run tar'
AR='ar'
AUTOCONF='${SHELL} /home/vicenteramm/Software/fetk/maloc/config/missing --run autoconf'
AUTOHEADER='${SHELL} /home/vicenteramm/Software/fetk/maloc/config/missing --run autoheader'
AUTOMAKE='${SHELL} /home/vicenteramm/Software/fetk/maloc/config/missing --run automake-1.11'
AWK='mawk'
BUILD_EFENCE_FALSE=''
BUILD_EFENCE_TRUE='#'
CC='gcc'
CCDEPMODE='depmode=none'
CFLAGS='-g -O2'
CPP='gcc -E'
CPPFLAGS=''
CYGPATH_W='echo'
DEFS='-DHAVE_CONFIG_H'
DEPDIR='.deps'
DLLTOOL='false'
DSYMUTIL=''
DUMPBIN=''
ECHO_C=''
ECHO_N='-n'
ECHO_T=''
EGREP='/bin/grep -E'
EXEEXT=''
FETK_VERSION='1:0:0'
FGREP='/bin/grep -F'
GREP='/bin/grep'
INSTALL_DATA='${INSTALL} -m 644'
INSTALL_PROGRAM='${INSTALL}'
INSTALL_SCRIPT='${INSTALL}'
INSTALL_STRIP_PROGRAM='$(install_sh) -c -s'
LD='/usr/bin/ld -m elf_x86_64'
LDFLAGS=''
LIBOBJS=''
LIBS=''
LIBTOOL='$(SHELL) $(top_builddir)/libtool'
LIPO=''
LN_S='ln -s'
LTLIBOBJS=''
MAINT='#'
MAINTAINER_MODE_FALSE=''
MAINTAINER_MODE_TRUE='#'
MAKEINFO='${SHELL} /home/vicenteramm/Software/fetk/maloc/config/missing --run makeinfo'
MAKE_DOC=''
MAKE_DOC_FALSE=''
MAKE_DOC_TRUE='#'
MANIFEST_TOOL=':'
MKDIR_P='/bin/mkdir -p'
NM='/usr/bin/nm -B'
NMEDIT=''
OBJDUMP='objdump'
OBJEXT='o'
OTOOL64=''
OTOOL=''
PACKAGE='maloc'
PACKAGE_BUGREPORT='mholst@math.ucsd.edu'
PACKAGE_NAME='maloc'
PACKAGE_STRING='maloc 1.0'
PACKAGE_TARNAME='maloc'
PACKAGE_URL=''
PACKAGE_VERSION='1.0'
PATH_SEPARATOR=':'
RANLIB='ranlib'
SED='/bin/sed'
SET_MAKE=''
SHELL='/bin/bash'
STRIP='strip'
VERSION='1.0'
ac_ct_AR='ar'
ac_ct_CC='gcc'
ac_ct_DUMPBIN=''
am__EXEEXT_FALSE=''
am__EXEEXT_TRUE='#'
am__fastdepCC_FALSE=''
am__fastdepCC_TRUE='#'
am__include='include'
am__isrc=''
am__leading_dot='.'
am__quote=''
am__tar='${AMTAR} chof - "$$tardir"'
am__untar='${AMTAR} xf -'
bindir='${exec_prefix}/bin'
build='x86_64-unknown-linux-gnu'
build_alias=''
build_cpu='x86_64'
build_os='linux-gnu'
build_vendor='unknown'
datadir='${datarootdir}'
datarootdir='${prefix}/share'
docdir='${datarootdir}/doc/${PACKAGE_TARNAME}'
dot_path=''
doxygen_path=''
dvidir='${docdir}'
efence=''
exec_prefix='${prefix}'
fetk_cpu_vendor_os='x86_64-unknown-linux-gnu'
host='x86_64-unknown-linux-gnu'
host_alias=''
host_cpu='x86_64'
host_os='linux-gnu'
host_vendor='unknown'
htmldir='${docdir}'
includedir='${prefix}/include'
infodir='${datarootdir}/info'
install_sh='${SHELL} /home/vicenteramm/Software/fetk/maloc/config/install-sh'
libdir='${exec_prefix}/lib'
liberty_lib=''
libexecdir='${exec_prefix}/libexec'
localedir='${datarootdir}/locale'
localstatedir='${prefix}/var'
mandir='${datarootdir}/man'
math_lib='-lm'
mkdir_p='/bin/mkdir -p'
mpi_inc=''
mpi_lib=''
nsl_lib=''
oldincludedir='/usr/include'
pdfdir='${docdir}'
pedantic_ansi=''
prefix='/home/vicenteramm'
profile=''
profile_lib=''
program_transform_name='s,x,x,'
psdir='${docdir}'
rl_inc=''
rl_lib=''
sbindir='${exec_prefix}/sbin'
sharedstatedir='${prefix}/com'
socket_lib=''
sysconfdir='${prefix}/etc'
target='x86_64-unknown-linux-gnu'
target_alias=''
target_cpu='x86_64'
target_os='linux-gnu'
target_vendor='unknown'
thread_lib=''
wall=''
wall_pedantic=''
wall_pedantic_ansi=''

## ----------- ##
## confdefs.h. ##
## ----------- ##

/* confdefs.h */
#define PACKAGE_NAME "maloc"
#define PACKAGE_TARNAME "maloc"
#define PACKAGE_VERSION "1.0"
#define PACKAGE_STRING "maloc 1.0"
#define PACKAGE_BUGREPORT "mholst@math.ucsd.edu"
#define PACKAGE_URL ""
#define PACKAGE "maloc"
#define VERSION "1.0"
#define STDC_HEADERS 1
#define HAVE_SYS_TYPES_H 1
#define HAVE_SYS_STAT_H 1
#define HAVE_STDLIB_H 1
#define HAVE_STRING_H 1
#define HAVE_MEMORY_H 1
#define HAVE_STRINGS_H 1
#define HAVE_INTTYPES_H 1
#define HAVE_STDINT_H 1
#define HAVE_UNISTD_H 1
#define HAVE_DLFCN_H 1
#define LT_OBJDIR ".libs/"
#define STDC_HEADERS 1
#define HAVE_SYS_WAIT_H 1
#define HAVE_UNISTD_H 1
#define HAVE_SYS_TYPES_H 1
#define HAVE_SYS_TIME_H 1
#define HAVE_SYS_TIMES_H 1
#define HAVE_SYS_STAT_H 1
#define HAVE_FCNTL_H 1
#define HAVE_SYS_SOCKET_H 1
#define HAVE_SYS_UN_H 1
#define HAVE_NETINET_IN_H 1
#define HAVE_ARPA_INET_H 1
#define HAVE_NETDB_H 1
#define HAVE_RPC_RPC_H 1
#define HAVE_XDR 1
#define HAVE_GETCWD 1
#define HAVE_O_NONBLOCK 1
#define HAVE_EMBED 1

configure: exit 0
