This file contains any messages produced by compilers while
running configure, to aid debugging if configure makes a mistake.

It was created by gamerapp configure 1.0, which was
generated by GNU Autoconf 2.68.  Invocation command line was

  $ ../configure --prefix=/home/vicenteramm/Software/fetk/build/x86_64-unknown-linux-gnu --disable-triplet FETK_LIBRARY=/home/vicenteramm/Software/fetk/build/x86_64-unknown-linux-gnu/lib FETK_INCLUDE=/home/vicenteramm/Software/fetk/build/x86_64-unknown-linux-gnu/include

## --------- ##
## Platform. ##
## --------- ##

hostname = tulio
uname -m = x86_64
uname -r = 4.15.0-54-generic
uname -s = Linux
uname -v = #58-Ubuntu SMP Mon Jun 24 10:55:24 UTC 2019

/usr/bin/uname -p = unknown
/bin/uname -X     = unknown

/bin/arch              = unknown
/usr/bin/arch -k       = unknown
/usr/convex/getsysinfo = unknown
/usr/bin/hostinfo      = unknown
/bin/machine           = unknown
/usr/bin/oslevel       = unknown
/bin/universe          = unknown

PATH: /usr/local/sbin
PATH: /usr/local/bin
PATH: /usr/sbin
PATH: /usr/bin
PATH: /sbin
PATH: /bin
PATH: /usr/games
PATH: /usr/local/games
PATH: /snap/bin
PATH: /usr/lib/jvm/java-8-oracle/bin
PATH: /usr/lib/jvm/java-8-oracle/db/bin
PATH: /usr/lib/jvm/java-8-oracle/jre/bin


## ----------- ##
## Core tests. ##
## ----------- ##

configure:2436: checking build system type
configure:2450: result: x86_64-unknown-linux-gnu
configure:2470: checking host system type
configure:2483: result: x86_64-unknown-linux-gnu
configure:2503: checking target system type
configure:2516: result: x86_64-unknown-linux-gnu
configure:2559: checking for a BSD-compatible install
configure:2627: result: /usr/bin/install -c
configure:2638: checking whether build environment is sane
configure:2688: result: yes
configure:2829: checking for a thread-safe mkdir -p
configure:2868: result: /bin/mkdir -p
configure:2881: checking for gawk
configure:2911: result: no
configure:2881: checking for mawk
configure:2897: found /usr/bin/mawk
configure:2908: result: mawk
configure:2919: checking whether make sets $(MAKE)
configure:2941: result: yes
configure:3024: checking whether to enable maintainer-specific portions of Makefiles
configure:3033: result: no
configure:3101: checking for gcc
configure:3117: found /usr/bin/gcc
configure:3128: result: gcc
configure:3357: checking for C compiler version
configure:3366: gcc --version >&5
gcc (Ubuntu 7.4.0-1ubuntu1~18.04.1) 7.4.0
Copyright (C) 2017 Free Software Foundation, Inc.
This is free software; see the source for copying conditions.  There is NO
warranty; not even for MERCHANTABILITY or FITNESS FOR A PARTICULAR PURPOSE.

configure:3377: $? = 0
configure:3366: gcc -v >&5
Using built-in specs.
COLLECT_GCC=gcc
COLLECT_LTO_WRAPPER=/usr/lib/gcc/x86_64-linux-gnu/7/lto-wrapper
OFFLOAD_TARGET_NAMES=nvptx-none
OFFLOAD_TARGET_DEFAULT=1
Target: x86_64-linux-gnu
Configured with: ../src/configure -v --with-pkgversion='Ubuntu 7.4.0-1ubuntu1~18.04.1' --with-bugurl=file:///usr/share/doc/gcc-7/README.Bugs --enable-languages=c,ada,c++,go,brig,d,fortran,objc,obj-c++ --prefix=/usr --with-gcc-major-version-only --program-suffix=-7 --program-prefix=x86_64-linux-gnu- --enable-shared --enable-linker-build-id --libexecdir=/usr/lib --without-included-gettext --enable-threads=posix --libdir=/usr/lib --enable-nls --with-sysroot=/ --enable-clocale=gnu --enable-libstdcxx-debug --enable-libstdcxx-time=yes --with-default-libstdcxx-abi=new --enable-gnu-unique-object --disable-vtable-verify --enable-libmpx --enable-plugin --enable-default-pie --with-system-zlib --with-target-system-zlib --enable-objc-gc=auto --enable-multiarch --disable-werror --with-arch-32=i686 --with-abi=m64 --with-multilib-list=m32,m64,mx32 --enable-multilib --with-tune=generic --enable-offload-targets=nvptx-none --without-cuda-driver --enable-checking=release --build=x86_64-linux-gnu --host=x86_64-linux-gnu --target=x86_64-linux-gnu
Thread model: posix
gcc version 7.4.0 (Ubuntu 7.4.0-1ubuntu1~18.04.1) 
configure:3377: $? = 0
configure:3366: gcc -V >&5
gcc: error: unrecognized command line option '-V'
gcc: fatal error: no input files
compilation terminated.
configure:3377: $? = 1
configure:3366: gcc -qversion >&5
gcc: error: unrecognized command line option '-qversion'; did you mean '--version'?
gcc: fatal error: no input files
compilation terminated.
configure:3377: $? = 1
configure:3397: checking whether the C compiler works
configure:3419: gcc    conftest.c  >&5
configure:3423: $? = 0
configure:3471: result: yes
configure:3474: checking for C compiler default output file name
configure:3476: result: a.out
configure:3482: checking for suffix of executables
configure:3489: gcc -o conftest    conftest.c  >&5
configure:3493: $? = 0
configure:3515: result: 
configure:3537: checking whether we are cross compiling
configure:3545: gcc -o conftest    conftest.c  >&5
configure:3549: $? = 0
configure:3556: ./conftest
configure:3560: $? = 0
configure:3575: result: no
configure:3580: checking for suffix of object files
configure:3602: gcc -c   conftest.c >&5
configure:3606: $? = 0
configure:3627: result: o
configure:3631: checking whether we are using the GNU C compiler
configure:3650: gcc -c   conftest.c >&5
configure:3650: $? = 0
configure:3659: result: yes
configure:3668: checking whether gcc accepts -g
configure:3688: gcc -c -g  conftest.c >&5
configure:3688: $? = 0
configure:3729: result: yes
configure:3746: checking for gcc option to accept ISO C89
configure:3810: gcc  -c -g -O2  conftest.c >&5
configure:3810: $? = 0
configure:3823: result: none needed
configure:3854: checking for style of include used by make
configure:3882: result: GNU
configure:3907: checking dependency style of gcc
configure:4017: result: none
configure:4037: checking how to run the C preprocessor
configure:4068: gcc -E  conftest.c
configure:4068: $? = 0
configure:4082: gcc -E  conftest.c
conftest.c:11:10: fatal error: ac_nonexistent.h: No such file or directory
 #include <ac_nonexistent.h>
          ^~~~~~~~~~~~~~~~~~
compilation terminated.
configure:4082: $? = 1
configure: failed program was:
| /* confdefs.h */
| #define PACKAGE_NAME "gamerapp"
| #define PACKAGE_TARNAME "gamerapp"
| #define PACKAGE_VERSION "1.0"
| #define PACKAGE_STRING "gamerapp 1.0"
| #define PACKAGE_BUGREPORT "zeyun.yu@gmail.com"
| #define PACKAGE_URL ""
| #define PACKAGE "gamerapp"
| #define VERSION "1.0"
| /* end confdefs.h.  */
| #include <ac_nonexistent.h>
configure:4107: result: gcc -E
configure:4127: gcc -E  conftest.c
configure:4127: $? = 0
configure:4141: gcc -E  conftest.c
conftest.c:11:10: fatal error: ac_nonexistent.h: No such file or directory
 #include <ac_nonexistent.h>
          ^~~~~~~~~~~~~~~~~~
compilation terminated.
configure:4141: $? = 1
configure: failed program was:
| /* confdefs.h */
| #define PACKAGE_NAME "gamerapp"
| #define PACKAGE_TARNAME "gamerapp"
| #define PACKAGE_VERSION "1.0"
| #define PACKAGE_STRING "gamerapp 1.0"
| #define PACKAGE_BUGREPORT "zeyun.yu@gmail.com"
| #define PACKAGE_URL ""
| #define PACKAGE "gamerapp"
| #define VERSION "1.0"
| /* end confdefs.h.  */
| #include <ac_nonexistent.h>
configure:4227: checking for g++
configure:4243: found /usr/bin/g++
configure:4254: result: g++
configure:4281: checking for C++ compiler version
configure:4290: g++ --version >&5
g++ (Ubuntu 7.4.0-1ubuntu1~18.04.1) 7.4.0
Copyright (C) 2017 Free Software Foundation, Inc.
This is free software; see the source for copying conditions.  There is NO
warranty; not even for MERCHANTABILITY or FITNESS FOR A PARTICULAR PURPOSE.

configure:4301: $? = 0
configure:4290: g++ -v >&5
Using built-in specs.
COLLECT_GCC=g++
COLLECT_LTO_WRAPPER=/usr/lib/gcc/x86_64-linux-gnu/7/lto-wrapper
OFFLOAD_TARGET_NAMES=nvptx-none
OFFLOAD_TARGET_DEFAULT=1
Target: x86_64-linux-gnu
Configured with: ../src/configure -v --with-pkgversion='Ubuntu 7.4.0-1ubuntu1~18.04.1' --with-bugurl=file:///usr/share/doc/gcc-7/README.Bugs --enable-languages=c,ada,c++,go,brig,d,fortran,objc,obj-c++ --prefix=/usr --with-gcc-major-version-only --program-suffix=-7 --program-prefix=x86_64-linux-gnu- --enable-shared --enable-linker-build-id --libexecdir=/usr/lib --without-included-gettext --enable-threads=posix --libdir=/usr/lib --enable-nls --with-sysroot=/ --enable-clocale=gnu --enable-libstdcxx-debug --enable-libstdcxx-time=yes --with-default-libstdcxx-abi=new --enable-gnu-unique-object --disable-vtable-verify --enable-libmpx --enable-plugin --enable-default-pie --with-system-zlib --with-target-system-zlib --enable-objc-gc=auto --enable-multiarch --disable-werror --with-arch-32=i686 --with-abi=m64 --with-multilib-list=m32,m64,mx32 --enable-multilib --with-tune=generic --enable-offload-targets=nvptx-none --without-cuda-driver --enable-checking=release --build=x86_64-linux-gnu --host=x86_64-linux-gnu --target=x86_64-linux-gnu
Thread model: posix
gcc version 7.4.0 (Ubuntu 7.4.0-1ubuntu1~18.04.1) 
configure:4301: $? = 0
configure:4290: g++ -V >&5
g++: error: unrecognized command line option '-V'
g++: fatal error: no input files
compilation terminated.
configure:4301: $? = 1
configure:4290: g++ -qversion >&5
g++: error: unrecognized command line option '-qversion'; did you mean '--version'?
g++: fatal error: no input files
compilation terminated.
configure:4301: $? = 1
configure:4305: checking whether we are using the GNU C++ compiler
configure:4324: g++ -c   conftest.cpp >&5
configure:4324: $? = 0
configure:4333: result: yes
configure:4342: checking whether g++ accepts -g
configure:4362: g++ -c -g  conftest.cpp >&5
configure:4362: $? = 0
configure:4403: result: yes
configure:4428: checking dependency style of g++
configure:4538: result: none
configure:4555: checking for pow in -lm
configure:4580: gcc -o conftest -g -O2   conftest.c -lm   >&5
conftest.c:18:6: warning: conflicting types for built-in function 'pow' [-Wbuiltin-declaration-mismatch]
 char pow ();
      ^~~
configure:4580: $? = 0
configure:4589: result: yes
configure:4598: checking for strerrno in -liberty
configure:4623: gcc -o conftest -g -O2   conftest.c -liberty   >&5
/usr/bin/ld: cannot find -liberty
collect2: error: ld returned 1 exit status
configure:4623: $? = 1
configure: failed program was:
| /* confdefs.h */
| #define PACKAGE_NAME "gamerapp"
| #define PACKAGE_TARNAME "gamerapp"
| #define PACKAGE_VERSION "1.0"
| #define PACKAGE_STRING "gamerapp 1.0"
| #define PACKAGE_BUGREPORT "zeyun.yu@gmail.com"
| #define PACKAGE_URL ""
| #define PACKAGE "gamerapp"
| #define VERSION "1.0"
| /* end confdefs.h.  */
| 
| /* Override any GCC internal prototype to avoid an error.
|    Use char because int might match the return type of a GCC
|    builtin and then its argument prototype would still apply.  */
| #ifdef __cplusplus
| extern "C"
| #endif
| char strerrno ();
| int
| main ()
| {
| return strerrno ();
|   ;
|   return 0;
| }
configure:4632: result: no
configure:4642: checking for gethostbyname
configure:4642: gcc -o conftest -g -O2   conftest.c  >&5
configure:4642: $? = 0
configure:4642: result: yes
configure:4695: checking for connect
configure:4695: gcc -o conftest -g -O2   conftest.c  >&5
configure:4695: $? = 0
configure:4695: result: yes
configure:4748: checking for thr_create
configure:4748: gcc -o conftest -g -O2   conftest.c  >&5
/tmp/ccdFAJkv.o: In function `main':
/home/vicenteramm/Software/fetk/gamer/tools/MolecularMesh/x86_64-unknown-linux-gnu/conftest.c:45: undefined reference to `thr_create'
collect2: error: ld returned 1 exit status
configure:4748: $? = 1
configure: failed program was:
| /* confdefs.h */
| #define PACKAGE_NAME "gamerapp"
| #define PACKAGE_TARNAME "gamerapp"
| #define PACKAGE_VERSION "1.0"
| #define PACKAGE_STRING "gamerapp 1.0"
| #define PACKAGE_BUGREPORT "zeyun.yu@gmail.com"
| #define PACKAGE_URL ""
| #define PACKAGE "gamerapp"
| #define VERSION "1.0"
| /* end confdefs.h.  */
| /* Define thr_create to an innocuous variant, in case <limits.h> declares thr_create.
|    For example, HP-UX 11i <limits.h> declares gettimeofday.  */
| #define thr_create innocuous_thr_create
| 
| /* System header to define __stub macros and hopefully few prototypes,
|     which can conflict with char thr_create (); below.
|     Prefer <limits.h> to <assert.h> if __STDC__ is defined, since
|     <limits.h> exists even on freestanding compilers.  */
| 
| #ifdef __STDC__
| # include <limits.h>
| #else
| # include <assert.h>
| #endif
| 
| #undef thr_create
| 
| /* Override any GCC internal prototype to avoid an error.
|    Use char because int might match the return type of a GCC
|    builtin and then its argument prototype would still apply.  */
| #ifdef __cplusplus
| extern "C"
| #endif
| char thr_create ();
| /* The GNU C library defines this for functions which it implements
|     to always fail with ENOSYS.  Some functions are actually named
|     something starting with __ and the normal name is an alias.  */
| #if defined __stub_thr_create || defined __stub___thr_create
| choke me
| #endif
| 
| int
| main ()
| {
| return thr_create ();
|   ;
|   return 0;
| }
configure:4748: result: no
configure:4756: checking for thr_create in -lthread
configure:4781: gcc -o conftest -g -O2   conftest.c -lthread   >&5
/usr/bin/ld: cannot find -lthread
collect2: error: ld returned 1 exit status
configure:4781: $? = 1
configure: failed program was:
| /* confdefs.h */
| #define PACKAGE_NAME "gamerapp"
| #define PACKAGE_TARNAME "gamerapp"
| #define PACKAGE_VERSION "1.0"
| #define PACKAGE_STRING "gamerapp 1.0"
| #define PACKAGE_BUGREPORT "zeyun.yu@gmail.com"
| #define PACKAGE_URL ""
| #define PACKAGE "gamerapp"
| #define VERSION "1.0"
| /* end confdefs.h.  */
| 
| /* Override any GCC internal prototype to avoid an error.
|    Use char because int might match the return type of a GCC
|    builtin and then its argument prototype would still apply.  */
| #ifdef __cplusplus
| extern "C"
| #endif
| char thr_create ();
| int
| main ()
| {
| return thr_create ();
|   ;
|   return 0;
| }
configure:4790: result: no
configure:4803: checking whether you want to disable the CPU-VENDOR-OS install triplet
configure:4814: result: yes
configure:4825: checking whether your environment defines FETK_RL_LIBRARY
configure:4832: result: no
configure:4838: checking for tgetnum in -lncurses
configure:4863: gcc -o conftest -g -O2   conftest.c -lncurses -lm  >&5
/usr/bin/ld: cannot find -lncurses
collect2: error: ld returned 1 exit status
configure:4863: $? = 1
configure: failed program was:
| /* confdefs.h */
| #define PACKAGE_NAME "gamerapp"
| #define PACKAGE_TARNAME "gamerapp"
| #define PACKAGE_VERSION "1.0"
| #define PACKAGE_STRING "gamerapp 1.0"
| #define PACKAGE_BUGREPORT "zeyun.yu@gmail.com"
| #define PACKAGE_URL ""
| #define PACKAGE "gamerapp"
| #define VERSION "1.0"
| /* end confdefs.h.  */
| 
| /* Override any GCC internal prototype to avoid an error.
|    Use char because int might match the return type of a GCC
|    builtin and then its argument prototype would still apply.  */
| #ifdef __cplusplus
| extern "C"
| #endif
| char tgetnum ();
| int
| main ()
| {
| return tgetnum ();
|   ;
|   return 0;
| }
configure:4872: result: no
configure:4880: checking for readline in -lreadline
configure:4905: gcc -o conftest -g -O2   conftest.c -lreadline   -lm  >&5
/usr/bin/ld: cannot find -lreadline
collect2: error: ld returned 1 exit status
configure:4905: $? = 1
configure: failed program was:
| /* confdefs.h */
| #define PACKAGE_NAME "gamerapp"
| #define PACKAGE_TARNAME "gamerapp"
| #define PACKAGE_VERSION "1.0"
| #define PACKAGE_STRING "gamerapp 1.0"
| #define PACKAGE_BUGREPORT "zeyun.yu@gmail.com"
| #define PACKAGE_URL ""
| #define PACKAGE "gamerapp"
| #define VERSION "1.0"
| /* end confdefs.h.  */
| 
| /* Override any GCC internal prototype to avoid an error.
|    Use char because int might match the return type of a GCC
|    builtin and then its argument prototype would still apply.  */
| #ifdef __cplusplus
| extern "C"
| #endif
| char readline ();
| int
| main ()
| {
| return readline ();
|   ;
|   return 0;
| }
configure:4914: result: no
configure:4970: checking whether your environment defines FETK_MPI_LIBRARY
configure:4977: result: no
configure:4984: checking for main in -lmpi
configure:5003: gcc -o conftest -g -O2   conftest.c -lmpi   >&5
configure:5003: $? = 0
configure:5012: result: yes
configure:5061: result: ----------- begin processing APP configure options ---------
configure:5064: checking whether you want pedantic ANSI compilation
configure:5075: result: no
configure:5094: checking whether you want profiling
configure:5105: result: no
configure:5118: checking whether you want ElectricFence
configure:5129: result: no
configure:5176: checking whether you want to build library test programs
configure:5183: result: no
configure:5190: result: ------------ end processing APP configure options ----------
configure:5196: result: ---------- begin configuring for MALOC linkage ------------
configure:5199: checking whether your environment defines FETK_INCLUDE
configure:5202: result: yes
configure:5211: checking whether your environment defines FETK_LIBRARY
configure:5214: result: yes
configure:5229: checking for grep that handles long lines and -e
configure:5287: result: /bin/grep
configure:5292: checking for egrep
configure:5354: result: /bin/grep -E
configure:5359: checking for ANSI C header files
configure:5379: gcc -c -g -O2 -I/home/vicenteramm/Software/fetk/build/x86_64-unknown-linux-gnu/include  conftest.c >&5
configure:5379: $? = 0
configure:5452: gcc -o conftest -g -O2 -I/home/vicenteramm/Software/fetk/build/x86_64-unknown-linux-gnu/include  -L/home/vicenteramm/Software/fetk/build/x86_64-unknown-linux-gnu/lib  conftest.c  >&5
configure:5452: $? = 0
configure:5452: ./conftest
configure:5452: $? = 0
configure:5463: result: yes
configure:5476: checking for sys/types.h
configure:5476: gcc -c -g -O2 -I/home/vicenteramm/Software/fetk/build/x86_64-unknown-linux-gnu/include  conftest.c >&5
configure:5476: $? = 0
configure:5476: result: yes
configure:5476: checking for sys/stat.h
configure:5476: gcc -c -g -O2 -I/home/vicenteramm/Software/fetk/build/x86_64-unknown-linux-gnu/include  conftest.c >&5
configure:5476: $? = 0
configure:5476: result: yes
configure:5476: checking for stdlib.h
configure:5476: gcc -c -g -O2 -I/home/vicenteramm/Software/fetk/build/x86_64-unknown-linux-gnu/include  conftest.c >&5
configure:5476: $? = 0
configure:5476: result: yes
configure:5476: checking for string.h
configure:5476: gcc -c -g -O2 -I/home/vicenteramm/Software/fetk/build/x86_64-unknown-linux-gnu/include  conftest.c >&5
configure:5476: $? = 0
configure:5476: result: yes
configure:5476: checking for memory.h
configure:5476: gcc -c -g -O2 -I/home/vicenteramm/Software/fetk/build/x86_64-unknown-linux-gnu/include  conftest.c >&5
configure:5476: $? = 0
configure:5476: result: yes
configure:5476: checking for strings.h
configure:5476: gcc -c -g -O2 -I/home/vicenteramm/Software/fetk/build/x86_64-unknown-linux-gnu/include  conftest.c >&5
configure:5476: $? = 0
configure:5476: result: yes
configure:5476: checking for inttypes.h
configure:5476: gcc -c -g -O2 -I/home/vicenteramm/Software/fetk/build/x86_64-unknown-linux-gnu/include  conftest.c >&5
configure:5476: $? = 0
configure:5476: result: yes
configure:5476: checking for stdint.h
configure:5476: gcc -c -g -O2 -I/home/vicenteramm/Software/fetk/build/x86_64-unknown-linux-gnu/include  conftest.c >&5
configure:5476: $? = 0
configure:5476: result: yes
configure:5476: checking for unistd.h
configure:5476: gcc -c -g -O2 -I/home/vicenteramm/Software/fetk/build/x86_64-unknown-linux-gnu/include  conftest.c >&5
configure:5476: $? = 0
configure:5476: result: yes
configure:5488: checking maloc/maloc.h usability
configure:5488: gcc -c -g -O2 -I/home/vicenteramm/Software/fetk/build/x86_64-unknown-linux-gnu/include  conftest.c >&5
conftest.c:54:10: fatal error: maloc/maloc.h: No such file or directory
 #include <maloc/maloc.h>
          ^~~~~~~~~~~~~~~
compilation terminated.
configure:5488: $? = 1
configure: failed program was:
| /* confdefs.h */
| #define PACKAGE_NAME "gamerapp"
| #define PACKAGE_TARNAME "gamerapp"
| #define PACKAGE_VERSION "1.0"
| #define PACKAGE_STRING "gamerapp 1.0"
| #define PACKAGE_BUGREPORT "zeyun.yu@gmail.com"
| #define PACKAGE_URL ""
| #define PACKAGE "gamerapp"
| #define VERSION "1.0"
| #define STDC_HEADERS 1
| #define HAVE_SYS_TYPES_H 1
| #define HAVE_SYS_STAT_H 1
| #define HAVE_STDLIB_H 1
| #define HAVE_STRING_H 1
| #define HAVE_MEMORY_H 1
| #define HAVE_STRINGS_H 1
| #define HAVE_INTTYPES_H 1
| #define HAVE_STDINT_H 1
| #define HAVE_UNISTD_H 1
| /* end confdefs.h.  */
| #include <stdio.h>
| #ifdef HAVE_SYS_TYPES_H
| # include <sys/types.h>
| #endif
| #ifdef HAVE_SYS_STAT_H
| # include <sys/stat.h>
| #endif
| #ifdef STDC_HEADERS
| # include <stdlib.h>
| # include <stddef.h>
| #else
| # ifdef HAVE_STDLIB_H
| #  include <stdlib.h>
| # endif
| #endif
| #ifdef HAVE_STRING_H
| # if !defined STDC_HEADERS && defined HAVE_MEMORY_H
| #  include <memory.h>
| # endif
| # include <string.h>
| #endif
| #ifdef HAVE_STRINGS_H
| # include <strings.h>
| #endif
| #ifdef HAVE_INTTYPES_H
| # include <inttypes.h>
| #endif
| #ifdef HAVE_STDINT_H
| # include <stdint.h>
| #endif
| #ifdef HAVE_UNISTD_H
| # include <unistd.h>
| #endif
| #include <maloc/maloc.h>
configure:5488: result: no
configure:5488: checking maloc/maloc.h presence
configure:5488: gcc -E -I/home/vicenteramm/Software/fetk/build/x86_64-unknown-linux-gnu/include  conftest.c
conftest.c:21:10: fatal error: maloc/maloc.h: No such file or directory
 #include <maloc/maloc.h>
          ^~~~~~~~~~~~~~~
compilation terminated.
configure:5488: $? = 1
configure: failed program was:
| /* confdefs.h */
| #define PACKAGE_NAME "gamerapp"
| #define PACKAGE_TARNAME "gamerapp"
| #define PACKAGE_VERSION "1.0"
| #define PACKAGE_STRING "gamerapp 1.0"
| #define PACKAGE_BUGREPORT "zeyun.yu@gmail.com"
| #define PACKAGE_URL ""
| #define PACKAGE "gamerapp"
| #define VERSION "1.0"
| #define STDC_HEADERS 1
| #define HAVE_SYS_TYPES_H 1
| #define HAVE_SYS_STAT_H 1
| #define HAVE_STDLIB_H 1
| #define HAVE_STRING_H 1
| #define HAVE_MEMORY_H 1
| #define HAVE_STRINGS_H 1
| #define HAVE_INTTYPES_H 1
| #define HAVE_STDINT_H 1
| #define HAVE_UNISTD_H 1
| /* end confdefs.h.  */
| #include <maloc/maloc.h>
configure:5488: result: no
configure:5488: checking for maloc/maloc.h
configure:5488: result: no
configure:5541: error: MALOC libraries OR headers missing ...EXITING ON ERROR

## ---------------- ##
## Cache variables. ##
## ---------------- ##

ac_cv_build=x86_64-unknown-linux-gnu
ac_cv_c_compiler_gnu=yes
ac_cv_cxx_compiler_gnu=yes
ac_cv_env_CCC_set=
ac_cv_env_CCC_value=
ac_cv_env_CC_set=
ac_cv_env_CC_value=
ac_cv_env_CFLAGS_set=
ac_cv_env_CFLAGS_value=
ac_cv_env_CPPFLAGS_set=
ac_cv_env_CPPFLAGS_value=
ac_cv_env_CPP_set=
ac_cv_env_CPP_value=
ac_cv_env_CXXCPP_set=
ac_cv_env_CXXCPP_value=
ac_cv_env_CXXFLAGS_set=
ac_cv_env_CXXFLAGS_value=
ac_cv_env_CXX_set=
ac_cv_env_CXX_value=
ac_cv_env_LDFLAGS_set=
ac_cv_env_LDFLAGS_value=
ac_cv_env_LIBS_set=
ac_cv_env_LIBS_value=
ac_cv_env_build_alias_set=
ac_cv_env_build_alias_value=
ac_cv_env_host_alias_set=
ac_cv_env_host_alias_value=
ac_cv_env_target_alias_set=
ac_cv_env_target_alias_value=
ac_cv_func_connect=yes
ac_cv_func_gethostbyname=yes
ac_cv_func_thr_create=no
ac_cv_header_inttypes_h=yes
ac_cv_header_maloc_maloc_h=no
ac_cv_header_memory_h=yes
ac_cv_header_stdc=yes
ac_cv_header_stdint_h=yes
ac_cv_header_stdlib_h=yes
ac_cv_header_string_h=yes
ac_cv_header_strings_h=yes
ac_cv_header_sys_stat_h=yes
ac_cv_header_sys_types_h=yes
ac_cv_header_unistd_h=yes
ac_cv_host=x86_64-unknown-linux-gnu
ac_cv_lib_iberty_strerrno=no
ac_cv_lib_m_pow=yes
ac_cv_lib_mpi_main=yes
ac_cv_lib_ncurses_tgetnum=no
ac_cv_lib_readline_readline=no
ac_cv_lib_thread_thr_create=no
ac_cv_objext=o
ac_cv_path_EGREP='/bin/grep -E'
ac_cv_path_GREP=/bin/grep
ac_cv_path_install='/usr/bin/install -c'
ac_cv_path_mkdir=/bin/mkdir
ac_cv_prog_AWK=mawk
ac_cv_prog_CPP='gcc -E'
ac_cv_prog_ac_ct_CC=gcc
ac_cv_prog_ac_ct_CXX=g++
ac_cv_prog_cc_c89=
ac_cv_prog_cc_g=yes
ac_cv_prog_cxx_g=yes
ac_cv_prog_make_make_set=yes
ac_cv_target=x86_64-unknown-linux-gnu
am_cv_CC_dependencies_compiler_type=none
am_cv_CXX_dependencies_compiler_type=none

## ----------------- ##
## Output variables. ##
## ----------------- ##

ACLOCAL='${SHELL} /home/vicenteramm/Software/fetk/gamer/tools/MolecularMesh/config/missing --run aclocal-1.11'
AMDEPBACKSLASH='\'
AMDEP_FALSE='#'
AMDEP_TRUE=''
AMTAR='${SHELL} /home/vicenteramm/Software/fetk/gamer/tools/MolecularMesh/config/missing --run tar'
AUTOCONF='${SHELL} /home/vicenteramm/Software/fetk/gamer/tools/MolecularMesh/config/missing --run autoconf'
AUTOHEADER='${SHELL} /home/vicenteramm/Software/fetk/gamer/tools/MolecularMesh/config/missing --run autoheader'
AUTOMAKE='${SHELL} /home/vicenteramm/Software/fetk/gamer/tools/MolecularMesh/config/missing --run automake-1.11'
AWK='mawk'
CC='gcc'
CCDEPMODE='depmode=none'
CFLAGS='-g -O2'
CPP='gcc -E'
CPPFLAGS='-I/home/vicenteramm/Software/fetk/build/x86_64-unknown-linux-gnu/include '
CXX='g++'
CXXCPP=''
CXXDEPMODE='depmode=none'
CXXFLAGS='-g -O2'
CYGPATH_W='echo'
DEFS=''
DEPDIR='.deps'
ECHO_C=''
ECHO_N='-n'
ECHO_T=''
EGREP='/bin/grep -E'
EXEEXT=''
FETK_VERSION='1:0:0'
GREP='/bin/grep'
INSTALL_DATA='${INSTALL} -m 644'
INSTALL_PROGRAM='${INSTALL}'
INSTALL_SCRIPT='${INSTALL}'
INSTALL_STRIP_PROGRAM='$(install_sh) -c -s'
LDFLAGS='-L/home/vicenteramm/Software/fetk/build/x86_64-unknown-linux-gnu/lib '
LIBOBJS=''
LIBS=''
LTLIBOBJS=''
MAINT='#'
MAINTAINER_MODE_FALSE=''
MAINTAINER_MODE_TRUE='#'
MAKEINFO='${SHELL} /home/vicenteramm/Software/fetk/gamer/tools/MolecularMesh/config/missing --run makeinfo'
MKDIR_P='/bin/mkdir -p'
OBJEXT='o'
PACKAGE='gamerapp'
PACKAGE_BUGREPORT='zeyun.yu@gmail.com'
PACKAGE_NAME='gamerapp'
PACKAGE_STRING='gamerapp 1.0'
PACKAGE_TARNAME='gamerapp'
PACKAGE_URL=''
PACKAGE_VERSION='1.0'
PATH_SEPARATOR=':'
SET_MAKE=''
SHELL='/bin/bash'
STRIP=''
VERSION='1.0'
ac_ct_CC='gcc'
ac_ct_CXX='g++'
am__EXEEXT_FALSE=''
am__EXEEXT_TRUE=''
am__fastdepCC_FALSE=''
am__fastdepCC_TRUE='#'
am__fastdepCXX_FALSE=''
am__fastdepCXX_TRUE='#'
am__include='include'
am__isrc=' -I$(srcdir)'
am__leading_dot='.'
am__quote=''
am__tar='${AMTAR} chof - "$$tardir"'
am__untar='${AMTAR} xf -'
bindir='${exec_prefix}/bin'
build='x86_64-unknown-linux-gnu'
build_alias=''
build_cpu='x86_64'
build_os='linux-gnu'
build_vendor='unknown'
datadir='${datarootdir}'
datarootdir='${prefix}/share'
docdir='${datarootdir}/doc/${PACKAGE_TARNAME}'
dvidir='${docdir}'
exec_prefix='NONE'
fetk_cpu_vendor_os=''
gamer_inc=''
gamer_lib=''
host='x86_64-unknown-linux-gnu'
host_alias=''
host_cpu='x86_64'
host_os='linux-gnu'
host_vendor='unknown'
htmldir='${docdir}'
includedir='${prefix}/include'
infodir='${datarootdir}/info'
install_sh='${SHELL} /home/vicenteramm/Software/fetk/gamer/tools/MolecularMesh/config/install-sh'
libdir='${exec_prefix}/lib'
liberty_lib=''
libexecdir='${exec_prefix}/libexec'
localedir='${datarootdir}/locale'
localstatedir='${prefix}/var'
maloc_inc=''
maloc_lib=''
mandir='${datarootdir}/man'
math_lib='-lm'
mkdir_p='/bin/mkdir -p'
mpi_lib='-lmpi'
nsl_lib=''
oldincludedir='/usr/include'
pdfdir='${docdir}'
pedantic_ansi=''
prefix='/home/vicenteramm/Software/fetk/build/x86_64-unknown-linux-gnu'
profile=''
profile_lib=''
program_transform_name='s,x,x,'
psdir='${docdir}'
rl_lib=''
sbindir='${exec_prefix}/sbin'
sharedstatedir='${prefix}/com'
socket_lib=''
sysconfdir='${prefix}/etc'
target='x86_64-unknown-linux-gnu'
target_alias=''
target_cpu='x86_64'
target_os='linux-gnu'
target_vendor='unknown'
thread_lib=''
vtst=''
wall=''
wall_pedantic=''
wall_pedantic_ansi=''
zfence=''
zfence_lib=''

## ----------- ##
## confdefs.h. ##
## ----------- ##

/* confdefs.h */
#define PACKAGE_NAME "gamerapp"
#define PACKAGE_TARNAME "gamerapp"
#define PACKAGE_VERSION "1.0"
#define PACKAGE_STRING "gamerapp 1.0"
#define PACKAGE_BUGREPORT "zeyun.yu@gmail.com"
#define PACKAGE_URL ""
#define PACKAGE "gamerapp"
#define VERSION "1.0"
#define STDC_HEADERS 1
#define HAVE_SYS_TYPES_H 1
#define HAVE_SYS_STAT_H 1
#define HAVE_STDLIB_H 1
#define HAVE_STRING_H 1
#define HAVE_MEMORY_H 1
#define HAVE_STRINGS_H 1
#define HAVE_INTTYPES_H 1
#define HAVE_STDINT_H 1
#define HAVE_UNISTD_H 1

configure: exit 1
