This file contains any messages produced by compilers while
running configure, to aid debugging if configure makes a mistake.

It was created by gamer configure 1.0, which was
generated by GNU Autoconf 2.68.  Invocation command line was

  $ ./configure 

## --------- ##
## Platform. ##
## --------- ##

hostname = tulio
uname -m = x86_64
uname -r = 4.15.0-54-generic
uname -s = Linux
uname -v = #58-Ubuntu SMP Mon Jun 24 10:55:24 UTC 2019

/usr/bin/uname -p = unknown
/bin/uname -X     = unknown

/bin/arch              = unknown
/usr/bin/arch -k       = unknown
/usr/convex/getsysinfo = unknown
/usr/bin/hostinfo      = unknown
/bin/machine           = unknown
/usr/bin/oslevel       = unknown
/bin/universe          = unknown

PATH: /usr/local/sbin
PATH: /usr/local/bin
PATH: /usr/sbin
PATH: /usr/bin
PATH: /sbin
PATH: /bin
PATH: /usr/games
PATH: /usr/local/games
PATH: /snap/bin
PATH: /usr/lib/jvm/java-8-oracle/bin
PATH: /usr/lib/jvm/java-8-oracle/db/bin
PATH: /usr/lib/jvm/java-8-oracle/jre/bin


## ----------- ##
## Core tests. ##
## ----------- ##

configure:2404: checking build system type
configure:2418: result: x86_64-unknown-linux-gnu
configure:2438: checking host system type
configure:2451: result: x86_64-unknown-linux-gnu
configure:2471: checking target system type
configure:2484: result: x86_64-unknown-linux-gnu
configure:2527: checking for a BSD-compatible install
configure:2595: result: /usr/bin/install -c
configure:2606: checking whether build environment is sane
configure:2656: result: yes
configure:2797: checking for a thread-safe mkdir -p
configure:2836: result: /bin/mkdir -p
configure:2849: checking for gawk
configure:2879: result: no
configure:2849: checking for mawk
configure:2865: found /usr/bin/mawk
configure:2876: result: mawk
configure:2887: checking whether make sets $(MAKE)
configure:2909: result: yes
configure:2992: checking whether to enable maintainer-specific portions of Makefiles
configure:3001: result: no
configure:3069: checking for gcc
configure:3085: found /usr/bin/gcc
configure:3096: result: gcc
configure:3325: checking for C compiler version
configure:3334: gcc --version >&5
gcc (Ubuntu 7.4.0-1ubuntu1~18.04.1) 7.4.0
Copyright (C) 2017 Free Software Foundation, Inc.
This is free software; see the source for copying conditions.  There is NO
warranty; not even for MERCHANTABILITY or FITNESS FOR A PARTICULAR PURPOSE.

configure:3345: $? = 0
configure:3334: gcc -v >&5
Using built-in specs.
COLLECT_GCC=gcc
COLLECT_LTO_WRAPPER=/usr/lib/gcc/x86_64-linux-gnu/7/lto-wrapper
OFFLOAD_TARGET_NAMES=nvptx-none
OFFLOAD_TARGET_DEFAULT=1
Target: x86_64-linux-gnu
Configured with: ../src/configure -v --with-pkgversion='Ubuntu 7.4.0-1ubuntu1~18.04.1' --with-bugurl=file:///usr/share/doc/gcc-7/README.Bugs --enable-languages=c,ada,c++,go,brig,d,fortran,objc,obj-c++ --prefix=/usr --with-gcc-major-version-only --program-suffix=-7 --program-prefix=x86_64-linux-gnu- --enable-shared --enable-linker-build-id --libexecdir=/usr/lib --without-included-gettext --enable-threads=posix --libdir=/usr/lib --enable-nls --with-sysroot=/ --enable-clocale=gnu --enable-libstdcxx-debug --enable-libstdcxx-time=yes --with-default-libstdcxx-abi=new --enable-gnu-unique-object --disable-vtable-verify --enable-libmpx --enable-plugin --enable-default-pie --with-system-zlib --with-target-system-zlib --enable-objc-gc=auto --enable-multiarch --disable-werror --with-arch-32=i686 --with-abi=m64 --with-multilib-list=m32,m64,mx32 --enable-multilib --with-tune=generic --enable-offload-targets=nvptx-none --without-cuda-driver --enable-checking=release --build=x86_64-linux-gnu --host=x86_64-linux-gnu --target=x86_64-linux-gnu
Thread model: posix
gcc version 7.4.0 (Ubuntu 7.4.0-1ubuntu1~18.04.1) 
configure:3345: $? = 0
configure:3334: gcc -V >&5
gcc: error: unrecognized command line option '-V'
gcc: fatal error: no input files
compilation terminated.
configure:3345: $? = 1
configure:3334: gcc -qversion >&5
gcc: error: unrecognized command line option '-qversion'; did you mean '--version'?
gcc: fatal error: no input files
compilation terminated.
configure:3345: $? = 1
configure:3365: checking whether the C compiler works
configure:3387: gcc    conftest.c  >&5
configure:3391: $? = 0
configure:3439: result: yes
configure:3442: checking for C compiler default output file name
configure:3444: result: a.out
configure:3450: checking for suffix of executables
configure:3457: gcc -o conftest    conftest.c  >&5
configure:3461: $? = 0
configure:3483: result: 
configure:3505: checking whether we are cross compiling
configure:3513: gcc -o conftest    conftest.c  >&5
configure:3517: $? = 0
configure:3524: ./conftest
configure:3528: $? = 0
configure:3543: result: no
configure:3548: checking for suffix of object files
configure:3570: gcc -c   conftest.c >&5
configure:3574: $? = 0
configure:3595: result: o
configure:3599: checking whether we are using the GNU C compiler
configure:3618: gcc -c   conftest.c >&5
configure:3618: $? = 0
configure:3627: result: yes
configure:3636: checking whether gcc accepts -g
configure:3656: gcc -c -g  conftest.c >&5
configure:3656: $? = 0
configure:3697: result: yes
configure:3714: checking for gcc option to accept ISO C89
configure:3778: gcc  -c -g -O2  conftest.c >&5
configure:3778: $? = 0
configure:3791: result: none needed
configure:3822: checking for style of include used by make
configure:3850: result: GNU
configure:3875: checking dependency style of gcc
configure:3985: result: none
configure:4005: checking how to run the C preprocessor
configure:4036: gcc -E  conftest.c
configure:4036: $? = 0
configure:4050: gcc -E  conftest.c
conftest.c:11:10: fatal error: ac_nonexistent.h: No such file or directory
 #include <ac_nonexistent.h>
          ^~~~~~~~~~~~~~~~~~
compilation terminated.
configure:4050: $? = 1
configure: failed program was:
| /* confdefs.h */
| #define PACKAGE_NAME "gamer"
| #define PACKAGE_TARNAME "gamer"
| #define PACKAGE_VERSION "1.0"
| #define PACKAGE_STRING "gamer 1.0"
| #define PACKAGE_BUGREPORT "mholst@math.ucsd.edu"
| #define PACKAGE_URL ""
| #define PACKAGE "gamer"
| #define VERSION "1.0"
| /* end confdefs.h.  */
| #include <ac_nonexistent.h>
configure:4075: result: gcc -E
configure:4095: gcc -E  conftest.c
configure:4095: $? = 0
configure:4109: gcc -E  conftest.c
conftest.c:11:10: fatal error: ac_nonexistent.h: No such file or directory
 #include <ac_nonexistent.h>
          ^~~~~~~~~~~~~~~~~~
compilation terminated.
configure:4109: $? = 1
configure: failed program was:
| /* confdefs.h */
| #define PACKAGE_NAME "gamer"
| #define PACKAGE_TARNAME "gamer"
| #define PACKAGE_VERSION "1.0"
| #define PACKAGE_STRING "gamer 1.0"
| #define PACKAGE_BUGREPORT "mholst@math.ucsd.edu"
| #define PACKAGE_URL ""
| #define PACKAGE "gamer"
| #define VERSION "1.0"
| /* end confdefs.h.  */
| #include <ac_nonexistent.h>
configure:4195: checking for g++
configure:4211: found /usr/bin/g++
configure:4222: result: g++
configure:4249: checking for C++ compiler version
configure:4258: g++ --version >&5
g++ (Ubuntu 7.4.0-1ubuntu1~18.04.1) 7.4.0
Copyright (C) 2017 Free Software Foundation, Inc.
This is free software; see the source for copying conditions.  There is NO
warranty; not even for MERCHANTABILITY or FITNESS FOR A PARTICULAR PURPOSE.

configure:4269: $? = 0
configure:4258: g++ -v >&5
Using built-in specs.
COLLECT_GCC=g++
COLLECT_LTO_WRAPPER=/usr/lib/gcc/x86_64-linux-gnu/7/lto-wrapper
OFFLOAD_TARGET_NAMES=nvptx-none
OFFLOAD_TARGET_DEFAULT=1
Target: x86_64-linux-gnu
Configured with: ../src/configure -v --with-pkgversion='Ubuntu 7.4.0-1ubuntu1~18.04.1' --with-bugurl=file:///usr/share/doc/gcc-7/README.Bugs --enable-languages=c,ada,c++,go,brig,d,fortran,objc,obj-c++ --prefix=/usr --with-gcc-major-version-only --program-suffix=-7 --program-prefix=x86_64-linux-gnu- --enable-shared --enable-linker-build-id --libexecdir=/usr/lib --without-included-gettext --enable-threads=posix --libdir=/usr/lib --enable-nls --with-sysroot=/ --enable-clocale=gnu --enable-libstdcxx-debug --enable-libstdcxx-time=yes --with-default-libstdcxx-abi=new --enable-gnu-unique-object --disable-vtable-verify --enable-libmpx --enable-plugin --enable-default-pie --with-system-zlib --with-target-system-zlib --enable-objc-gc=auto --enable-multiarch --disable-werror --with-arch-32=i686 --with-abi=m64 --with-multilib-list=m32,m64,mx32 --enable-multilib --with-tune=generic --enable-offload-targets=nvptx-none --without-cuda-driver --enable-checking=release --build=x86_64-linux-gnu --host=x86_64-linux-gnu --target=x86_64-linux-gnu
Thread model: posix
gcc version 7.4.0 (Ubuntu 7.4.0-1ubuntu1~18.04.1) 
configure:4269: $? = 0
configure:4258: g++ -V >&5
g++: error: unrecognized command line option '-V'
g++: fatal error: no input files
compilation terminated.
configure:4269: $? = 1
configure:4258: g++ -qversion >&5
g++: error: unrecognized command line option '-qversion'; did you mean '--version'?
g++: fatal error: no input files
compilation terminated.
configure:4269: $? = 1
configure:4273: checking whether we are using the GNU C++ compiler
configure:4292: g++ -c   conftest.cpp >&5
configure:4292: $? = 0
configure:4301: result: yes
configure:4310: checking whether g++ accepts -g
configure:4330: g++ -c -g  conftest.cpp >&5
configure:4330: $? = 0
configure:4371: result: yes
configure:4396: checking dependency style of g++
configure:4506: result: none
configure:4598: checking how to print strings
configure:4625: result: printf
configure:4646: checking for a sed that does not truncate output
configure:4710: result: /bin/sed
configure:4728: checking for grep that handles long lines and -e
configure:4786: result: /bin/grep
configure:4791: checking for egrep
configure:4853: result: /bin/grep -E
configure:4858: checking for fgrep
configure:4920: result: /bin/grep -F
configure:4955: checking for ld used by gcc
configure:5022: result: /usr/bin/ld
configure:5029: checking if the linker (/usr/bin/ld) is GNU ld
configure:5044: result: yes
configure:5056: checking for BSD- or MS-compatible name lister (nm)
configure:5105: result: /usr/bin/nm -B
configure:5235: checking the name lister (/usr/bin/nm -B) interface
configure:5242: gcc -c -g -O2  conftest.c >&5
configure:5245: /usr/bin/nm -B "conftest.o"
configure:5248: output
0000000000000000 B some_variable
configure:5255: result: BSD nm
configure:5258: checking whether ln -s works
configure:5262: result: yes
configure:5270: checking the maximum length of command line arguments
configure:5395: result: 1572864
configure:5412: checking whether the shell understands some XSI constructs
configure:5422: result: yes
configure:5426: checking whether the shell understands "+="
configure:5432: result: yes
configure:5467: checking how to convert x86_64-unknown-linux-gnu file names to x86_64-unknown-linux-gnu format
configure:5507: result: func_convert_file_noop
configure:5514: checking how to convert x86_64-unknown-linux-gnu file names to toolchain format
configure:5534: result: func_convert_file_noop
configure:5541: checking for /usr/bin/ld option to reload object files
configure:5548: result: -r
configure:5622: checking for objdump
configure:5638: found /usr/bin/objdump
configure:5649: result: objdump
configure:5681: checking how to recognize dependent libraries
configure:5883: result: pass_all
configure:5968: checking for dlltool
configure:5998: result: no
configure:6028: checking how to associate runtime and link libraries
configure:6055: result: printf %s\n
configure:6116: checking for ar
configure:6132: found /usr/bin/ar
configure:6143: result: ar
configure:6180: checking for archiver @FILE support
configure:6197: gcc -c -g -O2  conftest.c >&5
configure:6197: $? = 0
configure:6200: ar cru libconftest.a @conftest.lst >&5
ar: `u' modifier ignored since `D' is the default (see `U')
configure:6203: $? = 0
configure:6208: ar cru libconftest.a @conftest.lst >&5
ar: `u' modifier ignored since `D' is the default (see `U')
ar: conftest.o: No such file or directory
configure:6211: $? = 1
configure:6223: result: @
configure:6281: checking for strip
configure:6297: found /usr/bin/strip
configure:6308: result: strip
configure:6380: checking for ranlib
configure:6396: found /usr/bin/ranlib
configure:6407: result: ranlib
configure:6509: checking command to parse /usr/bin/nm -B output from gcc object
configure:6628: gcc -c -g -O2  conftest.c >&5
configure:6631: $? = 0
configure:6635: /usr/bin/nm -B conftest.o \| sed -n -e 's/^.*[ ]\([ABCDGIRSTW][ABCDGIRSTW]*\)[ ][ ]*\([_A-Za-z][_A-Za-z0-9]*\)$/\1 \2 \2/p' | sed '/ __gnu_lto/d' \> conftest.nm
configure:6638: $? = 0
configure:6704: gcc -o conftest -g -O2   conftest.c conftstm.o >&5
configure:6707: $? = 0
configure:6745: result: ok
configure:6782: checking for sysroot
configure:6812: result: no
configure:6889: gcc -c -g -O2  conftest.c >&5
configure:6892: $? = 0
configure:7055: checking for mt
configure:7071: found /bin/mt
configure:7082: result: mt
configure:7105: checking if mt is a manifest tool
configure:7111: mt '-?'
configure:7119: result: no
configure:7747: checking for ANSI C header files
configure:7767: gcc -c -g -O2  conftest.c >&5
configure:7767: $? = 0
configure:7840: gcc -o conftest -g -O2   conftest.c  >&5
configure:7840: $? = 0
configure:7840: ./conftest
configure:7840: $? = 0
configure:7851: result: yes
configure:7864: checking for sys/types.h
configure:7864: gcc -c -g -O2  conftest.c >&5
configure:7864: $? = 0
configure:7864: result: yes
configure:7864: checking for sys/stat.h
configure:7864: gcc -c -g -O2  conftest.c >&5
configure:7864: $? = 0
configure:7864: result: yes
configure:7864: checking for stdlib.h
configure:7864: gcc -c -g -O2  conftest.c >&5
configure:7864: $? = 0
configure:7864: result: yes
configure:7864: checking for string.h
configure:7864: gcc -c -g -O2  conftest.c >&5
configure:7864: $? = 0
configure:7864: result: yes
configure:7864: checking for memory.h
configure:7864: gcc -c -g -O2  conftest.c >&5
configure:7864: $? = 0
configure:7864: result: yes
configure:7864: checking for strings.h
configure:7864: gcc -c -g -O2  conftest.c >&5
configure:7864: $? = 0
configure:7864: result: yes
configure:7864: checking for inttypes.h
configure:7864: gcc -c -g -O2  conftest.c >&5
configure:7864: $? = 0
configure:7864: result: yes
configure:7864: checking for stdint.h
configure:7864: gcc -c -g -O2  conftest.c >&5
configure:7864: $? = 0
configure:7864: result: yes
configure:7864: checking for unistd.h
configure:7864: gcc -c -g -O2  conftest.c >&5
configure:7864: $? = 0
configure:7864: result: yes
configure:7878: checking for dlfcn.h
configure:7878: gcc -c -g -O2  conftest.c >&5
configure:7878: $? = 0
configure:7878: result: yes
configure:8046: checking for objdir
configure:8061: result: .libs
configure:8328: checking if gcc supports -fno-rtti -fno-exceptions
configure:8346: gcc -c -g -O2  -fno-rtti -fno-exceptions conftest.c >&5
cc1: warning: command line option '-fno-rtti' is valid for C++/ObjC++ but not for C
configure:8350: $? = 0
configure:8363: result: no
configure:8673: checking for gcc option to produce PIC
configure:8680: result: -fPIC -DPIC
configure:8688: checking if gcc PIC flag -fPIC -DPIC works
configure:8706: gcc -c -g -O2  -fPIC -DPIC -DPIC conftest.c >&5
configure:8710: $? = 0
configure:8723: result: yes
configure:8752: checking if gcc static flag -static works
configure:8780: result: yes
configure:8795: checking if gcc supports -c -o file.o
configure:8816: gcc -c -g -O2  -o out/conftest2.o conftest.c >&5
configure:8820: $? = 0
configure:8842: result: yes
configure:8850: checking if gcc supports -c -o file.o
configure:8897: result: yes
configure:8930: checking whether the gcc linker (/usr/bin/ld -m elf_x86_64) supports shared libraries
configure:10088: result: yes
configure:10125: checking whether -lc should be explicitly linked in
configure:10133: gcc -c -g -O2  conftest.c >&5
configure:10136: $? = 0
configure:10151: gcc -shared  -fPIC -DPIC conftest.o  -v -Wl,-soname -Wl,conftest -o conftest 2\>\&1 \| /bin/grep  -lc  \>/dev/null 2\>\&1
configure:10154: $? = 0
configure:10168: result: no
configure:10333: checking dynamic linker characteristics
configure:10847: gcc -o conftest -g -O2   -Wl,-rpath -Wl,/foo conftest.c  >&5
configure:10847: $? = 0
configure:11069: result: GNU/Linux ld.so
configure:11176: checking how to hardcode library paths into programs
configure:11201: result: immediate
configure:11741: checking whether stripping libraries is possible
configure:11746: result: yes
configure:11781: checking if libtool supports shared libraries
configure:11783: result: yes
configure:11786: checking whether to build shared libraries
configure:11807: result: yes
configure:11810: checking whether to build static libraries
configure:11814: result: no
configure:11837: checking how to run the C++ preprocessor
configure:11864: g++ -E  conftest.cpp
configure:11864: $? = 0
configure:11878: g++ -E  conftest.cpp
conftest.cpp:23:10: fatal error: ac_nonexistent.h: No such file or directory
 #include <ac_nonexistent.h>
          ^~~~~~~~~~~~~~~~~~
compilation terminated.
configure:11878: $? = 1
configure: failed program was:
| /* confdefs.h */
| #define PACKAGE_NAME "gamer"
| #define PACKAGE_TARNAME "gamer"
| #define PACKAGE_VERSION "1.0"
| #define PACKAGE_STRING "gamer 1.0"
| #define PACKAGE_BUGREPORT "mholst@math.ucsd.edu"
| #define PACKAGE_URL ""
| #define PACKAGE "gamer"
| #define VERSION "1.0"
| #define STDC_HEADERS 1
| #define HAVE_SYS_TYPES_H 1
| #define HAVE_SYS_STAT_H 1
| #define HAVE_STDLIB_H 1
| #define HAVE_STRING_H 1
| #define HAVE_MEMORY_H 1
| #define HAVE_STRINGS_H 1
| #define HAVE_INTTYPES_H 1
| #define HAVE_STDINT_H 1
| #define HAVE_UNISTD_H 1
| #define HAVE_DLFCN_H 1
| #define LT_OBJDIR ".libs/"
| /* end confdefs.h.  */
| #include <ac_nonexistent.h>
configure:11903: result: g++ -E
configure:11923: g++ -E  conftest.cpp
configure:11923: $? = 0
configure:11937: g++ -E  conftest.cpp
conftest.cpp:23:10: fatal error: ac_nonexistent.h: No such file or directory
 #include <ac_nonexistent.h>
          ^~~~~~~~~~~~~~~~~~
compilation terminated.
configure:11937: $? = 1
configure: failed program was:
| /* confdefs.h */
| #define PACKAGE_NAME "gamer"
| #define PACKAGE_TARNAME "gamer"
| #define PACKAGE_VERSION "1.0"
| #define PACKAGE_STRING "gamer 1.0"
| #define PACKAGE_BUGREPORT "mholst@math.ucsd.edu"
| #define PACKAGE_URL ""
| #define PACKAGE "gamer"
| #define VERSION "1.0"
| #define STDC_HEADERS 1
| #define HAVE_SYS_TYPES_H 1
| #define HAVE_SYS_STAT_H 1
| #define HAVE_STDLIB_H 1
| #define HAVE_STRING_H 1
| #define HAVE_MEMORY_H 1
| #define HAVE_STRINGS_H 1
| #define HAVE_INTTYPES_H 1
| #define HAVE_STDINT_H 1
| #define HAVE_UNISTD_H 1
| #define HAVE_DLFCN_H 1
| #define LT_OBJDIR ".libs/"
| /* end confdefs.h.  */
| #include <ac_nonexistent.h>
configure:12107: checking for ld used by g++
configure:12174: result: /usr/bin/ld -m elf_x86_64
configure:12181: checking if the linker (/usr/bin/ld -m elf_x86_64) is GNU ld
configure:12196: result: yes
configure:12251: checking whether the g++ linker (/usr/bin/ld -m elf_x86_64) supports shared libraries
configure:13255: result: yes
configure:13290: g++ -c -g -O2  conftest.cpp >&5
configure:13293: $? = 0
configure:13813: checking for g++ option to produce PIC
configure:13820: result: -fPIC -DPIC
configure:13828: checking if g++ PIC flag -fPIC -DPIC works
configure:13846: g++ -c -g -O2  -fPIC -DPIC -DPIC conftest.cpp >&5
configure:13850: $? = 0
configure:13863: result: yes
configure:13886: checking if g++ static flag -static works
configure:13914: result: yes
configure:13926: checking if g++ supports -c -o file.o
configure:13947: g++ -c -g -O2  -o out/conftest2.o conftest.cpp >&5
configure:13951: $? = 0
configure:13973: result: yes
configure:13978: checking if g++ supports -c -o file.o
configure:14025: result: yes
configure:14055: checking whether the g++ linker (/usr/bin/ld -m elf_x86_64) supports shared libraries
configure:14089: result: yes
configure:14232: checking dynamic linker characteristics
configure:14902: result: GNU/Linux ld.so
configure:14955: checking how to hardcode library paths into programs
configure:14980: result: immediate
configure:15040: checking for pow in -lm
configure:15065: gcc -o conftest -g -O2   conftest.c -lm   >&5
conftest.c:30:6: warning: conflicting types for built-in function 'pow' [-Wbuiltin-declaration-mismatch]
 char pow ();
      ^~~
configure:15065: $? = 0
configure:15074: result: yes
configure:15083: checking for strerrno in -liberty
configure:15108: gcc -o conftest -g -O2   conftest.c -liberty   >&5
/usr/bin/ld: cannot find -liberty
collect2: error: ld returned 1 exit status
configure:15108: $? = 1
configure: failed program was:
| /* confdefs.h */
| #define PACKAGE_NAME "gamer"
| #define PACKAGE_TARNAME "gamer"
| #define PACKAGE_VERSION "1.0"
| #define PACKAGE_STRING "gamer 1.0"
| #define PACKAGE_BUGREPORT "mholst@math.ucsd.edu"
| #define PACKAGE_URL ""
| #define PACKAGE "gamer"
| #define VERSION "1.0"
| #define STDC_HEADERS 1
| #define HAVE_SYS_TYPES_H 1
| #define HAVE_SYS_STAT_H 1
| #define HAVE_STDLIB_H 1
| #define HAVE_STRING_H 1
| #define HAVE_MEMORY_H 1
| #define HAVE_STRINGS_H 1
| #define HAVE_INTTYPES_H 1
| #define HAVE_STDINT_H 1
| #define HAVE_UNISTD_H 1
| #define HAVE_DLFCN_H 1
| #define LT_OBJDIR ".libs/"
| /* end confdefs.h.  */
| 
| /* Override any GCC internal prototype to avoid an error.
|    Use char because int might match the return type of a GCC
|    builtin and then its argument prototype would still apply.  */
| #ifdef __cplusplus
| extern "C"
| #endif
| char strerrno ();
| int
| main ()
| {
| return strerrno ();
|   ;
|   return 0;
| }
configure:15117: result: no
configure:15127: checking for gethostbyname
configure:15127: gcc -o conftest -g -O2   conftest.c  >&5
configure:15127: $? = 0
configure:15127: result: yes
configure:15180: checking for connect
configure:15180: gcc -o conftest -g -O2   conftest.c  >&5
configure:15180: $? = 0
configure:15180: result: yes
configure:15233: checking for thr_create
configure:15233: gcc -o conftest -g -O2   conftest.c  >&5
/tmp/ccmuTFhm.o: In function `main':
/home/vicenteramm/Software/fetk/gamer/conftest.c:57: undefined reference to `thr_create'
collect2: error: ld returned 1 exit status
configure:15233: $? = 1
configure: failed program was:
| /* confdefs.h */
| #define PACKAGE_NAME "gamer"
| #define PACKAGE_TARNAME "gamer"
| #define PACKAGE_VERSION "1.0"
| #define PACKAGE_STRING "gamer 1.0"
| #define PACKAGE_BUGREPORT "mholst@math.ucsd.edu"
| #define PACKAGE_URL ""
| #define PACKAGE "gamer"
| #define VERSION "1.0"
| #define STDC_HEADERS 1
| #define HAVE_SYS_TYPES_H 1
| #define HAVE_SYS_STAT_H 1
| #define HAVE_STDLIB_H 1
| #define HAVE_STRING_H 1
| #define HAVE_MEMORY_H 1
| #define HAVE_STRINGS_H 1
| #define HAVE_INTTYPES_H 1
| #define HAVE_STDINT_H 1
| #define HAVE_UNISTD_H 1
| #define HAVE_DLFCN_H 1
| #define LT_OBJDIR ".libs/"
| /* end confdefs.h.  */
| /* Define thr_create to an innocuous variant, in case <limits.h> declares thr_create.
|    For example, HP-UX 11i <limits.h> declares gettimeofday.  */
| #define thr_create innocuous_thr_create
| 
| /* System header to define __stub macros and hopefully few prototypes,
|     which can conflict with char thr_create (); below.
|     Prefer <limits.h> to <assert.h> if __STDC__ is defined, since
|     <limits.h> exists even on freestanding compilers.  */
| 
| #ifdef __STDC__
| # include <limits.h>
| #else
| # include <assert.h>
| #endif
| 
| #undef thr_create
| 
| /* Override any GCC internal prototype to avoid an error.
|    Use char because int might match the return type of a GCC
|    builtin and then its argument prototype would still apply.  */
| #ifdef __cplusplus
| extern "C"
| #endif
| char thr_create ();
| /* The GNU C library defines this for functions which it implements
|     to always fail with ENOSYS.  Some functions are actually named
|     something starting with __ and the normal name is an alias.  */
| #if defined __stub_thr_create || defined __stub___thr_create
| choke me
| #endif
| 
| int
| main ()
| {
| return thr_create ();
|   ;
|   return 0;
| }
configure:15233: result: no
configure:15241: checking for thr_create in -lthread
configure:15266: gcc -o conftest -g -O2   conftest.c -lthread   >&5
/usr/bin/ld: cannot find -lthread
collect2: error: ld returned 1 exit status
configure:15266: $? = 1
configure: failed program was:
| /* confdefs.h */
| #define PACKAGE_NAME "gamer"
| #define PACKAGE_TARNAME "gamer"
| #define PACKAGE_VERSION "1.0"
| #define PACKAGE_STRING "gamer 1.0"
| #define PACKAGE_BUGREPORT "mholst@math.ucsd.edu"
| #define PACKAGE_URL ""
| #define PACKAGE "gamer"
| #define VERSION "1.0"
| #define STDC_HEADERS 1
| #define HAVE_SYS_TYPES_H 1
| #define HAVE_SYS_STAT_H 1
| #define HAVE_STDLIB_H 1
| #define HAVE_STRING_H 1
| #define HAVE_MEMORY_H 1
| #define HAVE_STRINGS_H 1
| #define HAVE_INTTYPES_H 1
| #define HAVE_STDINT_H 1
| #define HAVE_UNISTD_H 1
| #define HAVE_DLFCN_H 1
| #define LT_OBJDIR ".libs/"
| /* end confdefs.h.  */
| 
| /* Override any GCC internal prototype to avoid an error.
|    Use char because int might match the return type of a GCC
|    builtin and then its argument prototype would still apply.  */
| #ifdef __cplusplus
| extern "C"
| #endif
| char thr_create ();
| int
| main ()
| {
| return thr_create ();
|   ;
|   return 0;
| }
configure:15275: result: no
configure:15288: checking whether you want to disable the CPU-VENDOR-OS install triplet
configure:15303: result: no
configure:15315: checking whether your environment defines FETK_RL_LIBRARY
configure:15322: result: no
configure:15328: checking for tgetnum in -lncurses
configure:15353: gcc -o conftest -g -O2   conftest.c -lncurses -lm  >&5
/usr/bin/ld: cannot find -lncurses
collect2: error: ld returned 1 exit status
configure:15353: $? = 1
configure: failed program was:
| /* confdefs.h */
| #define PACKAGE_NAME "gamer"
| #define PACKAGE_TARNAME "gamer"
| #define PACKAGE_VERSION "1.0"
| #define PACKAGE_STRING "gamer 1.0"
| #define PACKAGE_BUGREPORT "mholst@math.ucsd.edu"
| #define PACKAGE_URL ""
| #define PACKAGE "gamer"
| #define VERSION "1.0"
| #define STDC_HEADERS 1
| #define HAVE_SYS_TYPES_H 1
| #define HAVE_SYS_STAT_H 1
| #define HAVE_STDLIB_H 1
| #define HAVE_STRING_H 1
| #define HAVE_MEMORY_H 1
| #define HAVE_STRINGS_H 1
| #define HAVE_INTTYPES_H 1
| #define HAVE_STDINT_H 1
| #define HAVE_UNISTD_H 1
| #define HAVE_DLFCN_H 1
| #define LT_OBJDIR ".libs/"
| /* end confdefs.h.  */
| 
| /* Override any GCC internal prototype to avoid an error.
|    Use char because int might match the return type of a GCC
|    builtin and then its argument prototype would still apply.  */
| #ifdef __cplusplus
| extern "C"
| #endif
| char tgetnum ();
| int
| main ()
| {
| return tgetnum ();
|   ;
|   return 0;
| }
configure:15362: result: no
configure:15370: checking for readline in -lreadline
configure:15395: gcc -o conftest -g -O2   conftest.c -lreadline   -lm  >&5
/usr/bin/ld: cannot find -lreadline
collect2: error: ld returned 1 exit status
configure:15395: $? = 1
configure: failed program was:
| /* confdefs.h */
| #define PACKAGE_NAME "gamer"
| #define PACKAGE_TARNAME "gamer"
| #define PACKAGE_VERSION "1.0"
| #define PACKAGE_STRING "gamer 1.0"
| #define PACKAGE_BUGREPORT "mholst@math.ucsd.edu"
| #define PACKAGE_URL ""
| #define PACKAGE "gamer"
| #define VERSION "1.0"
| #define STDC_HEADERS 1
| #define HAVE_SYS_TYPES_H 1
| #define HAVE_SYS_STAT_H 1
| #define HAVE_STDLIB_H 1
| #define HAVE_STRING_H 1
| #define HAVE_MEMORY_H 1
| #define HAVE_STRINGS_H 1
| #define HAVE_INTTYPES_H 1
| #define HAVE_STDINT_H 1
| #define HAVE_UNISTD_H 1
| #define HAVE_DLFCN_H 1
| #define LT_OBJDIR ".libs/"
| /* end confdefs.h.  */
| 
| /* Override any GCC internal prototype to avoid an error.
|    Use char because int might match the return type of a GCC
|    builtin and then its argument prototype would still apply.  */
| #ifdef __cplusplus
| extern "C"
| #endif
| char readline ();
| int
| main ()
| {
| return readline ();
|   ;
|   return 0;
| }
configure:15404: result: no
configure:15460: checking whether your environment defines FETK_MPI_LIBRARY
configure:15467: result: no
configure:15474: checking for main in -lmpi
configure:15493: gcc -o conftest -g -O2   conftest.c -lmpi   >&5
configure:15493: $? = 0
configure:15502: result: yes
configure:15551: checking whether EMBED macro can be used without compilation errors
configure:15567: gcc -c -g -O2  conftest.c >&5
configure:15567: $? = 0
configure:15574: result: yes
configure:15577: result: ----------- begin processing GAMER configure options ---------
configure:15580: checking whether you want debug compilation
configure:15591: result: no
configure:15600: checking whether you want pedantic ANSI compilation
configure:15611: result: no
configure:15630: checking whether you want profiling
configure:15641: result: no
configure:15654: checking whether you want ElectricFence
configure:15665: result: no
configure:15712: result: ------------ end processing GAMER configure options ----------
configure:15715: result: ---------- begin configuring for MALOC linkage ------------
configure:15719: checking whether your environment defines FETK_INCLUDE
configure:15722: result: yes
configure:15731: checking whether your environment defines FETK_LIBRARY
configure:15734: result: yes
configure:15748: checking maloc/maloc.h usability
configure:15748: gcc -c -g -O2 -I/home/vicenteramm/include  conftest.c >&5
configure:15748: $? = 0
configure:15748: result: yes
configure:15748: checking maloc/maloc.h presence
configure:15748: gcc -E -I/home/vicenteramm/include  conftest.c
configure:15748: $? = 0
configure:15748: result: yes
configure:15748: checking for maloc/maloc.h
configure:15748: result: yes
configure:15757: checking for maloc_link in -lmaloc
configure:15782: gcc -o conftest -g -O2 -I/home/vicenteramm/include  -L/home/vicenteramm/lib  conftest.c -lmaloc -L/home/vicenteramm/lib -lmaloc      -lm    >&5
configure:15782: $? = 0
configure:15791: result: yes
configure:15803: result: MALOC libraries AND headers were found ...rocking on...
configure:15812: checking for maloc_needs_rl in -lmaloc
configure:15837: gcc -o conftest -g -O2   conftest.c -lmaloc -L/home/vicenteramm/lib -lmaloc      -lm    >&5
/tmp/cczimbR6.o: In function `main':
/home/vicenteramm/Software/fetk/gamer/conftest.c:35: undefined reference to `maloc_needs_rl'
collect2: error: ld returned 1 exit status
configure:15837: $? = 1
configure: failed program was:
| /* confdefs.h */
| #define PACKAGE_NAME "gamer"
| #define PACKAGE_TARNAME "gamer"
| #define PACKAGE_VERSION "1.0"
| #define PACKAGE_STRING "gamer 1.0"
| #define PACKAGE_BUGREPORT "mholst@math.ucsd.edu"
| #define PACKAGE_URL ""
| #define PACKAGE "gamer"
| #define VERSION "1.0"
| #define STDC_HEADERS 1
| #define HAVE_SYS_TYPES_H 1
| #define HAVE_SYS_STAT_H 1
| #define HAVE_STDLIB_H 1
| #define HAVE_STRING_H 1
| #define HAVE_MEMORY_H 1
| #define HAVE_STRINGS_H 1
| #define HAVE_INTTYPES_H 1
| #define HAVE_STDINT_H 1
| #define HAVE_UNISTD_H 1
| #define HAVE_DLFCN_H 1
| #define LT_OBJDIR ".libs/"
| #define HAVE_EMBED 1
| /* end confdefs.h.  */
| 
| /* Override any GCC internal prototype to avoid an error.
|    Use char because int might match the return type of a GCC
|    builtin and then its argument prototype would still apply.  */
| #ifdef __cplusplus
| extern "C"
| #endif
| char maloc_needs_rl ();
| int
| main ()
| {
| return maloc_needs_rl ();
|   ;
|   return 0;
| }
configure:15846: result: no
configure:15855: checking for maloc_needs_mpi in -lmaloc
configure:15880: gcc -o conftest -g -O2   conftest.c -lmaloc -L/home/vicenteramm/lib -lmaloc -lmpi      -lm    >&5
/tmp/cc2YYcxb.o: In function `main':
/home/vicenteramm/Software/fetk/gamer/conftest.c:35: undefined reference to `maloc_needs_mpi'
collect2: error: ld returned 1 exit status
configure:15880: $? = 1
configure: failed program was:
| /* confdefs.h */
| #define PACKAGE_NAME "gamer"
| #define PACKAGE_TARNAME "gamer"
| #define PACKAGE_VERSION "1.0"
| #define PACKAGE_STRING "gamer 1.0"
| #define PACKAGE_BUGREPORT "mholst@math.ucsd.edu"
| #define PACKAGE_URL ""
| #define PACKAGE "gamer"
| #define VERSION "1.0"
| #define STDC_HEADERS 1
| #define HAVE_SYS_TYPES_H 1
| #define HAVE_SYS_STAT_H 1
| #define HAVE_STDLIB_H 1
| #define HAVE_STRING_H 1
| #define HAVE_MEMORY_H 1
| #define HAVE_STRINGS_H 1
| #define HAVE_INTTYPES_H 1
| #define HAVE_STDINT_H 1
| #define HAVE_UNISTD_H 1
| #define HAVE_DLFCN_H 1
| #define LT_OBJDIR ".libs/"
| #define HAVE_EMBED 1
| /* end confdefs.h.  */
| 
| /* Override any GCC internal prototype to avoid an error.
|    Use char because int might match the return type of a GCC
|    builtin and then its argument prototype would still apply.  */
| #ifdef __cplusplus
| extern "C"
| #endif
| char maloc_needs_mpi ();
| int
| main ()
| {
| return maloc_needs_mpi ();
|   ;
|   return 0;
| }
configure:15889: result: no
configure:15898: result: ---------- end configuring for MALOC linkage --------------
configure:15930: checking for doxygen
configure:15963: result: no
configure:15969: WARNING: Unable to find doxygen!
configure:15988: checking for dot
configure:16021: result: no
configure:16027: WARNING: Unable to find dot!
configure:16202: creating ./config.status

## ---------------------- ##
## Running config.status. ##
## ---------------------- ##

This file was extended by gamer config.status 1.0, which was
generated by GNU Autoconf 2.68.  Invocation command line was

  CONFIG_FILES    = 
  CONFIG_HEADERS  = 
  CONFIG_LINKS    = 
  CONFIG_COMMANDS = 
  $ ./config.status 

on tulio

config.status:1193: creating Makefile
config.status:1193: creating src/Makefile
config.status:1193: creating src/base/Makefile
config.status:1193: creating src/triangle/Makefile
config.status:1193: creating src/tetgen/Makefile
config.status:1193: creating src/biom/Makefile
config.status:1193: creating src/aaa_inc/Makefile
config.status:1193: creating src/aaa_inc/gamer/Makefile
config.status:1193: creating src/aaa_lib/Makefile
config.status:1193: creating doc/Makefile
config.status:1193: creating doc/doxygen/Makefile
config.status:1193: creating src/aaa_inc/gamercf.h
config.status:1374: src/aaa_inc/gamercf.h is unchanged
config.status:1422: executing depfiles commands
config.status:1422: executing libtool commands

## ---------------- ##
## Cache variables. ##
## ---------------- ##

ac_cv_build=x86_64-unknown-linux-gnu
ac_cv_c_compiler_gnu=yes
ac_cv_cxx_compiler_gnu=yes
ac_cv_env_CCC_set=
ac_cv_env_CCC_value=
ac_cv_env_CC_set=
ac_cv_env_CC_value=
ac_cv_env_CFLAGS_set=
ac_cv_env_CFLAGS_value=
ac_cv_env_CPPFLAGS_set=
ac_cv_env_CPPFLAGS_value=
ac_cv_env_CPP_set=
ac_cv_env_CPP_value=
ac_cv_env_CXXCPP_set=
ac_cv_env_CXXCPP_value=
ac_cv_env_CXXFLAGS_set=
ac_cv_env_CXXFLAGS_value=
ac_cv_env_CXX_set=
ac_cv_env_CXX_value=
ac_cv_env_LDFLAGS_set=
ac_cv_env_LDFLAGS_value=
ac_cv_env_LIBS_set=
ac_cv_env_LIBS_value=
ac_cv_env_build_alias_set=
ac_cv_env_build_alias_value=
ac_cv_env_host_alias_set=
ac_cv_env_host_alias_value=
ac_cv_env_target_alias_set=
ac_cv_env_target_alias_value=
ac_cv_func_connect=yes
ac_cv_func_gethostbyname=yes
ac_cv_func_thr_create=no
ac_cv_header_dlfcn_h=yes
ac_cv_header_inttypes_h=yes
ac_cv_header_maloc_maloc_h=yes
ac_cv_header_memory_h=yes
ac_cv_header_stdc=yes
ac_cv_header_stdint_h=yes
ac_cv_header_stdlib_h=yes
ac_cv_header_string_h=yes
ac_cv_header_strings_h=yes
ac_cv_header_sys_stat_h=yes
ac_cv_header_sys_types_h=yes
ac_cv_header_unistd_h=yes
ac_cv_host=x86_64-unknown-linux-gnu
ac_cv_lib_iberty_strerrno=no
ac_cv_lib_m_pow=yes
ac_cv_lib_maloc_maloc_link=yes
ac_cv_lib_maloc_maloc_needs_mpi=no
ac_cv_lib_maloc_maloc_needs_rl=no
ac_cv_lib_mpi_main=yes
ac_cv_lib_ncurses_tgetnum=no
ac_cv_lib_readline_readline=no
ac_cv_lib_thread_thr_create=no
ac_cv_objext=o
ac_cv_path_EGREP='/bin/grep -E'
ac_cv_path_FGREP='/bin/grep -F'
ac_cv_path_GREP=/bin/grep
ac_cv_path_SED=/bin/sed
ac_cv_path_install='/usr/bin/install -c'
ac_cv_path_mkdir=/bin/mkdir
ac_cv_prog_AWK=mawk
ac_cv_prog_CPP='gcc -E'
ac_cv_prog_CXXCPP='g++ -E'
ac_cv_prog_ac_ct_AR=ar
ac_cv_prog_ac_ct_CC=gcc
ac_cv_prog_ac_ct_CXX=g++
ac_cv_prog_ac_ct_MANIFEST_TOOL=mt
ac_cv_prog_ac_ct_OBJDUMP=objdump
ac_cv_prog_ac_ct_RANLIB=ranlib
ac_cv_prog_ac_ct_STRIP=strip
ac_cv_prog_cc_c89=
ac_cv_prog_cc_g=yes
ac_cv_prog_cxx_g=yes
ac_cv_prog_make_make_set=yes
ac_cv_target=x86_64-unknown-linux-gnu
am_cv_CC_dependencies_compiler_type=none
am_cv_CXX_dependencies_compiler_type=none
lt_cv_ar_at_file=@
lt_cv_archive_cmds_need_lc=no
lt_cv_deplibs_check_method=pass_all
lt_cv_file_magic_cmd='$MAGIC_CMD'
lt_cv_file_magic_test_file=
lt_cv_ld_reload_flag=-r
lt_cv_nm_interface='BSD nm'
lt_cv_objdir=.libs
lt_cv_path_LD=/usr/bin/ld
lt_cv_path_LDCXX='/usr/bin/ld -m elf_x86_64'
lt_cv_path_NM='/usr/bin/nm -B'
lt_cv_path_mainfest_tool=no
lt_cv_prog_compiler_c_o=yes
lt_cv_prog_compiler_c_o_CXX=yes
lt_cv_prog_compiler_pic='-fPIC -DPIC'
lt_cv_prog_compiler_pic_CXX='-fPIC -DPIC'
lt_cv_prog_compiler_pic_works=yes
lt_cv_prog_compiler_pic_works_CXX=yes
lt_cv_prog_compiler_rtti_exceptions=no
lt_cv_prog_compiler_static_works=yes
lt_cv_prog_compiler_static_works_CXX=yes
lt_cv_prog_gnu_ld=yes
lt_cv_prog_gnu_ldcxx=yes
lt_cv_sharedlib_from_linklib_cmd='printf %s\n'
lt_cv_shlibpath_overrides_runpath=yes
lt_cv_sys_global_symbol_pipe='sed -n -e '\''s/^.*[	 ]\([ABCDGIRSTW][ABCDGIRSTW]*\)[	 ][	 ]*\([_A-Za-z][_A-Za-z0-9]*\)$/\1 \2 \2/p'\'' | sed '\''/ __gnu_lto/d'\'''
lt_cv_sys_global_symbol_to_c_name_address='sed -n -e '\''s/^: \([^ ]*\)[ ]*$/  {\"\1\", (void *) 0},/p'\'' -e '\''s/^[ABCDGIRSTW]* \([^ ]*\) \([^ ]*\)$/  {"\2", (void *) \&\2},/p'\'''
lt_cv_sys_global_symbol_to_c_name_address_lib_prefix='sed -n -e '\''s/^: \([^ ]*\)[ ]*$/  {\"\1\", (void *) 0},/p'\'' -e '\''s/^[ABCDGIRSTW]* \([^ ]*\) \(lib[^ ]*\)$/  {"\2", (void *) \&\2},/p'\'' -e '\''s/^[ABCDGIRSTW]* \([^ ]*\) \([^ ]*\)$/  {"lib\2", (void *) \&\2},/p'\'''
lt_cv_sys_global_symbol_to_cdecl='sed -n -e '\''s/^T .* \(.*\)$/extern int \1();/p'\'' -e '\''s/^[ABCDGIRSTW]* .* \(.*\)$/extern char \1;/p'\'''
lt_cv_sys_max_cmd_len=1572864
lt_cv_to_host_file_cmd=func_convert_file_noop
lt_cv_to_tool_file_cmd=func_convert_file_noop

## ----------------- ##
## Output variables. ##
## ----------------- ##

ACLOCAL='${SHELL} /home/vicenteramm/Software/fetk/gamer/config/missing --run aclocal-1.11'
AMDEPBACKSLASH='\'
AMDEP_FALSE='#'
AMDEP_TRUE=''
AMTAR='${SHELL} /home/vicenteramm/Software/fetk/gamer/config/missing --run tar'
AR='ar'
AUTOCONF='${SHELL} /home/vicenteramm/Software/fetk/gamer/config/missing --run autoconf'
AUTOHEADER='${SHELL} /home/vicenteramm/Software/fetk/gamer/config/missing --run autoheader'
AUTOMAKE='${SHELL} /home/vicenteramm/Software/fetk/gamer/config/missing --run automake-1.11'
AWK='mawk'
CC='gcc'
CCDEPMODE='depmode=none'
CFLAGS='-g -O2'
CPP='gcc -E'
CPPFLAGS=''
CXX='g++'
CXXCPP='g++ -E'
CXXDEPMODE='depmode=none'
CXXFLAGS='-g -O2'
CYGPATH_W='echo'
DEFS='-DHAVE_CONFIG_H'
DEPDIR='.deps'
DLLTOOL='false'
DSYMUTIL=''
DUMPBIN=''
ECHO_C=''
ECHO_N='-n'
ECHO_T=''
EGREP='/bin/grep -E'
EXEEXT=''
FETK_VERSION='1:0:0'
FGREP='/bin/grep -F'
GREP='/bin/grep'
INSTALL_DATA='${INSTALL} -m 644'
INSTALL_PROGRAM='${INSTALL}'
INSTALL_SCRIPT='${INSTALL}'
INSTALL_STRIP_PROGRAM='$(install_sh) -c -s'
LD='/usr/bin/ld -m elf_x86_64'
LDFLAGS=''
LIBOBJS=''
LIBS=''
LIBTOOL='$(SHELL) $(top_builddir)/libtool'
LIPO=''
LN_S='ln -s'
LTLIBOBJS=''
MAINT='#'
MAINTAINER_MODE_FALSE=''
MAINTAINER_MODE_TRUE='#'
MAKEINFO='${SHELL} /home/vicenteramm/Software/fetk/gamer/config/missing --run makeinfo'
MAKE_DOC=''
MAKE_DOC_FALSE=''
MAKE_DOC_TRUE='#'
MANIFEST_TOOL=':'
MKDIR_P='/bin/mkdir -p'
NM='/usr/bin/nm -B'
NMEDIT=''
OBJDUMP='objdump'
OBJEXT='o'
OTOOL64=''
OTOOL=''
PACKAGE='gamer'
PACKAGE_BUGREPORT='mholst@math.ucsd.edu'
PACKAGE_NAME='gamer'
PACKAGE_STRING='gamer 1.0'
PACKAGE_TARNAME='gamer'
PACKAGE_URL=''
PACKAGE_VERSION='1.0'
PATH_SEPARATOR=':'
RANLIB='ranlib'
SED='/bin/sed'
SET_MAKE=''
SHELL='/bin/bash'
STRIP='strip'
VERSION='1.0'
ac_ct_AR='ar'
ac_ct_CC='gcc'
ac_ct_CXX='g++'
ac_ct_DUMPBIN=''
am__EXEEXT_FALSE=''
am__EXEEXT_TRUE='#'
am__fastdepCC_FALSE=''
am__fastdepCC_TRUE='#'
am__fastdepCXX_FALSE=''
am__fastdepCXX_TRUE='#'
am__include='include'
am__isrc=''
am__leading_dot='.'
am__quote=''
am__tar='${AMTAR} chof - "$$tardir"'
am__untar='${AMTAR} xf -'
bindir='${exec_prefix}/bin'
build='x86_64-unknown-linux-gnu'
build_alias=''
build_cpu='x86_64'
build_os='linux-gnu'
build_vendor='unknown'
datadir='${datarootdir}'
datarootdir='${prefix}/share'
docdir='${datarootdir}/doc/${PACKAGE_TARNAME}'
dot_path=''
doxygen_path=''
dvidir='${docdir}'
exec_prefix='${prefix}'
fetk_cpu_vendor_os='x86_64-unknown-linux-gnu'
host='x86_64-unknown-linux-gnu'
host_alias=''
host_cpu='x86_64'
host_os='linux-gnu'
host_vendor='unknown'
htmldir='${docdir}'
includedir='${prefix}/include'
infodir='${datarootdir}/info'
install_sh='${SHELL} /home/vicenteramm/Software/fetk/gamer/config/install-sh'
libdir='${exec_prefix}/lib'
liberty_lib=''
libexecdir='${exec_prefix}/libexec'
localedir='${datarootdir}/locale'
localstatedir='${prefix}/var'
maloc_inc='-I/home/vicenteramm/include '
maloc_lib='-L/home/vicenteramm/lib -lmaloc'
mandir='${datarootdir}/man'
math_lib='-lm'
mkdir_p='/bin/mkdir -p'
mpi_lib='-lmpi'
nsl_lib=''
oldincludedir='/usr/include'
pdfdir='${docdir}'
pedantic_ansi=''
prefix='/home/vicenteramm'
profile=''
profile_lib=''
program_transform_name='s,x,x,'
psdir='${docdir}'
rl_lib=''
sbindir='${exec_prefix}/sbin'
sharedstatedir='${prefix}/com'
socket_lib=''
sysconfdir='${prefix}/etc'
target='x86_64-unknown-linux-gnu'
target_alias=''
target_cpu='x86_64'
target_os='linux-gnu'
target_vendor='unknown'
thread_lib=''
wall=''
wall_pedantic=''
wall_pedantic_ansi=''
zfence=''
zfence_lib=''

## ----------- ##
## confdefs.h. ##
## ----------- ##

/* confdefs.h */
#define PACKAGE_NAME "gamer"
#define PACKAGE_TARNAME "gamer"
#define PACKAGE_VERSION "1.0"
#define PACKAGE_STRING "gamer 1.0"
#define PACKAGE_BUGREPORT "mholst@math.ucsd.edu"
#define PACKAGE_URL ""
#define PACKAGE "gamer"
#define VERSION "1.0"
#define STDC_HEADERS 1
#define HAVE_SYS_TYPES_H 1
#define HAVE_SYS_STAT_H 1
#define HAVE_STDLIB_H 1
#define HAVE_STRING_H 1
#define HAVE_MEMORY_H 1
#define HAVE_STRINGS_H 1
#define HAVE_INTTYPES_H 1
#define HAVE_STDINT_H 1
#define HAVE_UNISTD_H 1
#define HAVE_DLFCN_H 1
#define LT_OBJDIR ".libs/"
#define HAVE_EMBED 1

configure: exit 0

## ---------------------- ##
## Running config.status. ##
## ---------------------- ##

This file was extended by gamer config.status 1.0, which was
generated by GNU Autoconf 2.68.  Invocation command line was

  CONFIG_FILES    = 
  CONFIG_HEADERS  = 
  CONFIG_LINKS    = 
  CONFIG_COMMANDS = 
  $ ./config.status 

on tulio

config.status:1193: creating Makefile
config.status:1193: creating src/Makefile
config.status:1193: creating src/base/Makefile
config.status:1193: creating src/triangle/Makefile
config.status:1193: creating src/tetgen/Makefile
config.status:1193: creating src/biom/Makefile
config.status:1193: creating src/aaa_inc/Makefile
config.status:1193: creating src/aaa_inc/gamer/Makefile
config.status:1193: creating src/aaa_lib/Makefile
config.status:1193: creating doc/Makefile
config.status:1193: creating doc/doxygen/Makefile
config.status:1193: creating src/aaa_inc/gamercf.h
config.status:1374: src/aaa_inc/gamercf.h is unchanged
config.status:1422: executing depfiles commands
config.status:1422: executing libtool commands
